17:18:53.431 [main                     ] DEBUG Logger               - Configured Logger
17:18:53.451 [main                     ] DEBUG GameApplication      - Logging settings
Title: Tournament Of 5 Hearts
Version: 0.1
Width: 1100
Height: 790
Fullscreen: false
Intro: false
Profiling: false
Single step:false
App Mode: DEVELOPER
Menu Key: ESCAPE
Stage Style: DECORATED
Scene Factory: class com.almasb.fxgl.app.scene.SceneFactory

17:18:53.822 [JavaFX Application Thread] DEBUG FXGLApplication      - Initializing FXGL
17:18:53.824 [JavaFX Application Thread] INFO  Engine               - FXGL-21 (28.12.2023 13.35) on WINDOWS (J:21.0.5 FX:21)
17:18:53.825 [JavaFX Application Thread] DEBUG Engine               - JRE Vendor Name: Eclipse Adoptium
17:18:53.825 [JavaFX Application Thread] DEBUG Engine               - Running on OS: Windows 11 version 10.0
17:18:53.825 [JavaFX Application Thread] DEBUG Engine               - Architecture: amd64
17:18:53.825 [JavaFX Application Thread] INFO  Engine               - Source code and latest versions at: https://github.com/AlmasB/FXGL
17:18:53.825 [JavaFX Application Thread] INFO  Engine               -       Ask questions and discuss at: https://github.com/AlmasB/FXGL/discussions
17:18:53.825 [JavaFX Application Thread] INFO  Engine               -              Join the FXGL chat at: https://gitter.im/AlmasB/FXGL
17:18:53.896 [JavaFX Application Thread] DEBUG PrimaryStageWindow   - Creating a JavaFX scene
17:18:53.930 [JavaFX Application Thread] DEBUG PrimaryStageWindow   - Target settings size: 1100.0 x 790.0
17:18:53.930 [JavaFX Application Thread] DEBUG PrimaryStageWindow   - Scaled scene size:    1100.0 x 790.0
17:18:53.932 [JavaFX Application Thread] DEBUG PrimaryStageWindow   - Scaled ratio: (1.0, 1.0)
17:18:53.933 [JavaFX Application Thread] DEBUG PrimaryStageWindow   - Set initial scene to FXGLStartupScene
17:18:53.935 [JavaFX Application Thread] DEBUG PrimaryStageWindow   - Opening main window
17:18:53.998 [JavaFX Application Thread] DEBUG PrimaryStageWindow   - Window border size: (14.4000244140625, 38.0)
17:18:53.998 [JavaFX Application Thread] DEBUG PrimaryStageWindow   - Scaled size: 1100.0 x 790.0
17:18:53.998 [JavaFX Application Thread] DEBUG PrimaryStageWindow   - Scaled ratio: (1.0, 1.0)
17:18:53.999 [JavaFX Application Thread] DEBUG PrimaryStageWindow   - Scene size: 1100.0 x 790.0
17:18:53.999 [JavaFX Application Thread] DEBUG PrimaryStageWindow   - Stage size: 1114.4000244140625 x 828.0
17:18:54.003 [FXGL Background Thread 1 ] DEBUG Engine               - Initializing environment variables
17:18:54.044 [FXGL Background Thread 1 ] DEBUG FXGLAssetLoaderServi - User app class for loading assets: class com.game.App
17:18:54.044 [FXGL Background Thread 1 ] DEBUG GameApplicationServi - Applying CSS: fxgl_dark.css
17:18:54.045 [FXGL Background Thread 1 ] DEBUG FXGLAssetLoaderServi - Loading from file system: jar:file:/C:/Users/USER/.m2/repository/com/github/almasb/fxgl/21/fxgl-21.jar!/fxglassets/ui/css/fxgl_dark.css
17:18:54.071 [FXGL Background Thread 1 ] DEBUG GameApplicationServi - Initializing application scenes
17:18:54.114 [FXGL Background Thread 1 ] DEBUG GameWorld            - Game world initialized
17:18:54.161 [FXGL Background Thread 1 ] DEBUG PhysicsWorld         - Physics world initialized: appHeight=790, physics.ppm=50.0
17:18:54.161 [FXGL Background Thread 1 ] DEBUG PhysicsWorld         - Using strategy: BRUTE_FORCE
17:18:54.163 [FXGL Background Thread 1 ] DEBUG GameScene            - Game scene initialized: 1100x790
17:18:54.173 [FXGL Background Thread 1 ] DEBUG FXGL.DefaultMenu     - createMenuBodyGameMenu()
17:18:54.183 [FXGL Background Thread 1 ] DEBUG FXGL.DefaultMenu     - createOptionsMenu()
17:18:54.189 [FXGL Background Thread 1 ] DEBUG FXGLAssetLoaderServi - Loading from file system: jar:file:/C:/Users/USER/.m2/repository/com/github/almasb/fxgl/21/fxgl-21.jar!/fxglassets/textures/particles/smoke.png
17:18:54.272 [FXGL Background Thread 1 ] DEBUG FXGLAssetLoaderServi - Loading from file system: jar:file:/C:/Users/USER/.m2/repository/com/github/almasb/fxgl/21/fxgl-21.jar!/fxglassets/textures/particles/trace_horizontal.png
17:18:54.292 [FXGL Background Thread 1 ] DEBUG GameApplicationServi - Application scenes initialized
17:18:54.301 [FXGL Background Thread 1 ] DEBUG SystemBundleService  - Loading FXGL system data
17:18:54.305 [FXGL Background Thread 1 ] DEBUG FileSystemAccess     - Reading from: C:\Users\USER\Desktop\project\256702-F2-Team20-655-809\system\fxgl.bundle
17:18:54.311 [FXGL Background Thread 1 ] DEBUG SystemBundleService  - Bundle FXGL: {}
17:18:54.311 [FXGL Background Thread 1 ] DEBUG UpdaterService       - Checking for updates
17:18:54.313 [FXGL Background Thread 4 ] DEBUG FXGLApplication      - Loading fonts
17:18:54.313 [FXGL Background Thread 4 ] DEBUG FXGLAssetLoaderServi - Loading from file system: jar:file:/C:/Users/USER/.m2/repository/com/github/almasb/fxgl/21/fxgl-21.jar!/fxglassets/ui/fonts/VarelaRound-Regular.ttf
17:18:54.313 [FXGL Background Thread 1 ] DEBUG FXGLApplication      - Loading default localization
17:18:54.315 [FXGL Background Thread 1 ] DEBUG FXGLAssetLoaderServi - Loading from file system: jar:file:/C:/Users/USER/.m2/repository/com/github/almasb/fxgl/21/fxgl-21.jar!/fxglassets/languages/english.lang
17:18:54.340 [FXGL Background Thread 4 ] DEBUG FXGLAssetLoaderServi - Loading from file system: jar:file:/C:/Users/USER/.m2/repository/com/github/almasb/fxgl/21/fxgl-21.jar!/fxglassets/ui/fonts/Abel-Regular.ttf
17:18:54.342 [FXGL Background Thread 4 ] DEBUG FXGLAssetLoaderServi - Loading from file system: jar:file:/C:/Users/USER/.m2/repository/com/github/almasb/fxgl/21/fxgl-21.jar!/fxglassets/ui/fonts/TerminalLandMono-Regular.otf
17:18:54.345 [FXGL Background Thread 4 ] DEBUG FXGLAssetLoaderServi - Loading from file system: jar:file:/C:/Users/USER/.m2/repository/com/github/almasb/fxgl/21/fxgl-21.jar!/fxglassets/ui/fonts/Courier-Prime.ttf
17:18:54.350 [JavaFX Application Thread] DEBUG FXGLApplication      - Registering font factories with UI factory
17:18:54.351 [FXGL Background Thread 1 ] INFO  FXGLApplication      - FXGL initialization took: 0.347 sec
17:18:54.353 [JavaFX Application Thread] DEBUG FXGLAssetLoaderServi - Loading from file system: jar:file:/C:/Users/USER/.m2/repository/com/github/almasb/fxgl/21/fxgl-21.jar!/fxglassets/textures/fxgl_icon.png
17:18:54.368 [JavaFX Application Thread] DEBUG FXGLAssetLoaderServi - Loading from file system: jar:file:/C:/Users/USER/.m2/repository/com/github/almasb/fxgl/21/fxgl-21.jar!/fxglassets/textures/fxgl_default_cursor.png
17:18:54.386 [JavaFX Application Thread] DEBUG Input                - Registered new binding: Screenshot - CTRL+8
17:18:54.387 [JavaFX Application Thread] DEBUG Input                - Registered new binding: System info dump - CTRL+9
17:18:54.388 [JavaFX Application Thread] DEBUG Input                - Registered new binding: Restart - CTRL+R
17:18:54.390 [JavaFX Application Thread] DEBUG Input                - Registered new binding: Toggle Debug Camera - CTRL+7
17:18:54.394 [JavaFX Application Thread] DEBUG LoopRunner           - Starting loop
17:18:54.394 [JavaFX Application Thread] DEBUG LoopRunner           - Initializing JavaFX AnimationTimerLoop
17:18:54.396 [JavaFX Application Thread] DEBUG GameApplicationServi - Starting new game
17:18:54.396 [JavaFX Application Thread] DEBUG Input                - Clearing active input actions
17:18:54.409 [JavaFX Application Thread] DEBUG GameApplicationServi - Removing overlay from FXGLStartupScene and adding to FXGLLoadingScene
17:18:54.410 [JavaFX Application Thread] DEBUG PrimaryStageWindow   - FXGLStartupScene -> FXGLLoadingScene
17:18:54.410 [JavaFX Application Thread] DEBUG GameApplicationServi - Clearing previous game
17:18:54.410 [JavaFX Application Thread] DEBUG GameScene            - Clearing game scene
17:18:54.410 [JavaFX Application Thread] DEBUG GameWorld            - Clearing game world
17:18:54.410 [JavaFX Application Thread] DEBUG PhysicsWorld         - Clearing physics world
17:18:54.413 [FXGL Background Thread 1 ] DEBUG FXGLApplication      - Initializing game
17:18:54.418 [FXGL Background Thread 1 ] DEBUG FXGLAssetLoaderServi - Loading from file system: file:/C:/Users/USER/Desktop/project/256702-F2-Team20-655-809/to5/target/classes/assets/textures/real.jpg
17:18:54.549 [FXGL Background Thread 1 ] INFO  FXGLApplication      - Game initialization took: 0.136 sec
17:18:54.549 [JavaFX Application Thread] DEBUG Input                - Clearing active input actions
17:18:54.561 [JavaFX Application Thread] DEBUG GameApplicationServi - Removing overlay from FXGLLoadingScene and adding to GameScene
17:18:54.561 [JavaFX Application Thread] DEBUG PrimaryStageWindow   - FXGLLoadingScene -> GameScene
17:18:55.038 [FXGL Background Thread 2 ] INFO  UpdaterService       - Your current version:  21
17:18:55.039 [FXGL Background Thread 2 ] INFO  UpdaterService       - Latest stable version: 21.1
17:18:57.315 [FXGL Background Thread 3 ] DEBUG Engine               - Logging environment variables
17:18:57.318 [FXGL Background Thread 3 ] DEBUG Engine               - achievements: []
17:18:57.318 [FXGL Background Thread 3 ] DEBUG Engine               - actualHeight: 790.0
17:18:57.319 [FXGL Background Thread 3 ] DEBUG Engine               - actualHeightProperty: ReadOnlyDoubleProperty [value: 790.0]
17:18:57.319 [FXGL Background Thread 3 ] DEBUG Engine               - actualWidth: 1100.0
17:18:57.319 [FXGL Background Thread 3 ] DEBUG Engine               - actualWidthProperty: ReadOnlyDoubleProperty [value: 1100.0]
17:18:57.319 [FXGL Background Thread 3 ] DEBUG Engine               - appIcon: fxgl_icon.png
17:18:57.319 [FXGL Background Thread 3 ] DEBUG Engine               - applicationMode: DEVELOPER
17:18:57.319 [FXGL Background Thread 3 ] DEBUG Engine               - cSSList: [fxgl_dark.css]
17:18:57.320 [FXGL Background Thread 3 ] DEBUG Engine               - collisionDetectionStrategy: BRUTE_FORCE
17:18:57.320 [FXGL Background Thread 3 ] DEBUG Engine               - configClass: Optional.empty
17:18:57.320 [FXGL Background Thread 3 ] DEBUG Engine               - credits: []
17:18:57.320 [FXGL Background Thread 3 ] DEBUG Engine               - defaultCursor: CursorInfo(imageName=fxgl_default_cursor.png, hotspotX=7.0, hotspotY=6.0)
17:18:57.320 [FXGL Background Thread 3 ] DEBUG Engine               - devBBoxColorProperty: ObjectProperty [value: 0xff0000ff]
17:18:57.321 [FXGL Background Thread 3 ] DEBUG Engine               - devEnableDebugCameraProperty: BooleanProperty [value: false]
17:18:57.322 [FXGL Background Thread 3 ] DEBUG Engine               - devSensorColorProperty: ObjectProperty [value: 0xffff00ff]
17:18:57.322 [FXGL Background Thread 3 ] DEBUG Engine               - devShowBBoxProperty: BooleanProperty [value: false]
17:18:57.322 [FXGL Background Thread 3 ] DEBUG Engine               - devShowPositionProperty: BooleanProperty [value: false]
17:18:57.322 [FXGL Background Thread 3 ] DEBUG Engine               - enabledMenuItems: []
17:18:57.323 [FXGL Background Thread 3 ] DEBUG Engine               - engineServices: [class com.almasb.fxgl.app.services.FXGLAssetLoaderService, class com.almasb.fxgl.app.FXGLApplication$GameApplicationService, class com.almasb.fxgl.app.services.FXGLDialogService, class com.almasb.fxgl.app.services.IOTaskExecutorService, class com.almasb.fxgl.io.FileSystemService, class com.almasb.fxgl.localization.LocalizationService, class com.almasb.fxgl.app.services.SystemBundleService, class com.almasb.fxgl.profile.SaveLoadService, class com.almasb.fxgl.ui.FXGLUIFactoryServiceProvider, class com.almasb.fxgl.ui.FXGLDialogFactoryServiceProvider, class com.almasb.fxgl.audio.AudioPlayer, class com.almasb.fxgl.notification.impl.NotificationServiceProvider, class com.almasb.fxgl.achievement.AchievementService, class com.almasb.fxgl.cutscene.CutsceneService, class com.almasb.fxgl.minigames.MiniGameService, class com.almasb.fxgl.net.NetService, class com.almasb.fxgl.app.services.UpdaterService, class com.almasb.fxgl.dev.DevService]
17:18:57.323 [FXGL Background Thread 3 ] DEBUG Engine               - fontGame: Abel-Regular.ttf
17:18:57.324 [FXGL Background Thread 3 ] DEBUG Engine               - fontMono: TerminalLandMono-Regular.otf
17:18:57.325 [FXGL Background Thread 3 ] DEBUG Engine               - fontSizeScaleUI: 1.0
17:18:57.326 [FXGL Background Thread 3 ] DEBUG Engine               - fontText: Courier-Prime.ttf
17:18:57.326 [FXGL Background Thread 3 ] DEBUG Engine               - fontUI: VarelaRound-Regular.ttf
17:18:57.326 [FXGL Background Thread 3 ] DEBUG Engine               - fullScreen: BooleanProperty [value: false]
17:18:57.326 [FXGL Background Thread 3 ] DEBUG Engine               - gameDifficulty: MEDIUM
17:18:57.326 [FXGL Background Thread 3 ] DEBUG Engine               - gameDifficultyProperty: ObjectProperty [value: MEDIUM]
17:18:57.326 [FXGL Background Thread 3 ] DEBUG Engine               - globalMusicVolume: 0.5
17:18:57.327 [FXGL Background Thread 3 ] DEBUG Engine               - globalMusicVolumeProperty: DoubleProperty [value: 0.5]
17:18:57.327 [FXGL Background Thread 3 ] DEBUG Engine               - globalSoundVolume: 0.5
17:18:57.327 [FXGL Background Thread 3 ] DEBUG Engine               - globalSoundVolumeProperty: DoubleProperty [value: 0.5]
17:18:57.327 [FXGL Background Thread 3 ] DEBUG Engine               - height: 790
17:18:57.327 [FXGL Background Thread 3 ] DEBUG Engine               - is3D: false
17:18:57.327 [FXGL Background Thread 3 ] DEBUG Engine               - isAndroid: false
17:18:57.328 [FXGL Background Thread 3 ] DEBUG Engine               - isBrowser: false
17:18:57.328 [FXGL Background Thread 3 ] DEBUG Engine               - isClickFeedbackEnabled: false
17:18:57.328 [FXGL Background Thread 3 ] DEBUG Engine               - isCloseConfirmation: false
17:18:57.328 [FXGL Background Thread 3 ] DEBUG Engine               - isDesktop: true
17:18:57.328 [FXGL Background Thread 3 ] DEBUG Engine               - isDeveloperMenuEnabled: false
17:18:57.328 [FXGL Background Thread 3 ] DEBUG Engine               - isEmbedded: false
17:18:57.329 [FXGL Background Thread 3 ] DEBUG Engine               - isEntityPreloadEnabled: true
17:18:57.329 [FXGL Background Thread 3 ] DEBUG Engine               - isExperimentalTiledLargeMap: false
17:18:57.329 [FXGL Background Thread 3 ] DEBUG Engine               - isFileSystemWriteAllowed: true
17:18:57.329 [FXGL Background Thread 3 ] DEBUG Engine               - isFullScreenAllowed: false
17:18:57.329 [FXGL Background Thread 3 ] DEBUG Engine               - isFullScreenFromStart: false
17:18:57.330 [FXGL Background Thread 3 ] DEBUG Engine               - isGameMenuEnabled: true
17:18:57.330 [FXGL Background Thread 3 ] DEBUG Engine               - isIOS: false
17:18:57.330 [FXGL Background Thread 3 ] DEBUG Engine               - isIntroEnabled: false
17:18:57.331 [FXGL Background Thread 3 ] DEBUG Engine               - isLinux: false
17:18:57.331 [FXGL Background Thread 3 ] DEBUG Engine               - isMac: false
17:18:57.331 [FXGL Background Thread 3 ] DEBUG Engine               - isMainMenuEnabled: false
17:18:57.332 [FXGL Background Thread 3 ] DEBUG Engine               - isManualResizeEnabled: false
17:18:57.333 [FXGL Background Thread 3 ] DEBUG Engine               - isMobile: false
17:18:57.333 [FXGL Background Thread 3 ] DEBUG Engine               - isNative: false
17:18:57.334 [FXGL Background Thread 3 ] DEBUG Engine               - isPauseMusicWhenMinimized: true
17:18:57.334 [FXGL Background Thread 3 ] DEBUG Engine               - isPreserveResizeRatio: false
17:18:57.335 [FXGL Background Thread 3 ] DEBUG Engine               - isProfilingEnabled: false
17:18:57.335 [FXGL Background Thread 3 ] DEBUG Engine               - isScaleAffectedOnResize: true
17:18:57.335 [FXGL Background Thread 3 ] DEBUG Engine               - isSingleStep: false
17:18:57.335 [FXGL Background Thread 3 ] DEBUG Engine               - isUserProfileEnabled: false
17:18:57.335 [FXGL Background Thread 3 ] DEBUG Engine               - isWindows: true
17:18:57.336 [FXGL Background Thread 3 ] DEBUG Engine               - language: ObjectProperty [value: ENGLISH]
17:18:57.336 [FXGL Background Thread 3 ] DEBUG Engine               - menuKey: ESCAPE
17:18:57.336 [FXGL Background Thread 3 ] DEBUG Engine               - mouseSensitivity: 0.2
17:18:57.336 [FXGL Background Thread 3 ] DEBUG Engine               - notificationViewClass: class com.almasb.fxgl.notification.view.XboxNotificationView
17:18:57.336 [FXGL Background Thread 3 ] DEBUG Engine               - pixelsPerMeter: 50.0
17:18:57.336 [FXGL Background Thread 3 ] DEBUG Engine               - platform: WINDOWS
17:18:57.336 [FXGL Background Thread 3 ] DEBUG Engine               - prefHeightProperty: ReadOnlyDoubleProperty [value: 790.0]
17:18:57.336 [FXGL Background Thread 3 ] DEBUG Engine               - prefWidthProperty: ReadOnlyDoubleProperty [value: 1100.0]
17:18:57.336 [FXGL Background Thread 3 ] DEBUG Engine               - profileDir: profiles/
17:18:57.337 [FXGL Background Thread 3 ] DEBUG Engine               - profileName: StringProperty [value: DEFAULT]
17:18:57.337 [FXGL Background Thread 3 ] DEBUG Engine               - randomSeed: -1
17:18:57.337 [FXGL Background Thread 3 ] DEBUG Engine               - runtimeInfo: RuntimeInfo(platform=WINDOWS, version=21, build=28.12.2023 13.35)
17:18:57.338 [FXGL Background Thread 3 ] DEBUG Engine               - saveFileExt: sav
17:18:57.338 [FXGL Background Thread 3 ] DEBUG Engine               - scaledHeightProp$fxgl: DoubleProperty [bound, value: 790.0]
17:18:57.339 [FXGL Background Thread 3 ] DEBUG Engine               - scaledWidthProp$fxgl: DoubleProperty [bound, value: 1100.0]
17:18:57.339 [FXGL Background Thread 3 ] DEBUG Engine               - sceneFactory: com.almasb.fxgl.app.scene.SceneFactory@f72dd9
17:18:57.339 [FXGL Background Thread 3 ] DEBUG Engine               - secondsIn24h: 60
17:18:57.339 [FXGL Background Thread 3 ] DEBUG Engine               - soundMenuBack: menu/back.wav
17:18:57.339 [FXGL Background Thread 3 ] DEBUG Engine               - soundMenuPress: menu/press.wav
17:18:57.339 [FXGL Background Thread 3 ] DEBUG Engine               - soundMenuSelect: menu/select.wav
17:18:57.339 [FXGL Background Thread 3 ] DEBUG Engine               - soundNotification: core/notification.wav
17:18:57.339 [FXGL Background Thread 3 ] DEBUG Engine               - stageStyle: DECORATED
17:18:57.340 [FXGL Background Thread 3 ] DEBUG Engine               - supportedLanguages: [ENGLISH, FRENCH, GERMAN, HUNGARIAN, RUSSIAN]
17:18:57.340 [FXGL Background Thread 3 ] DEBUG Engine               - ticksPerSecond: -1
17:18:57.340 [FXGL Background Thread 3 ] DEBUG Engine               - title: Tournament Of 5 Hearts
17:18:57.340 [FXGL Background Thread 3 ] DEBUG Engine               - urlGithub: https://github.com/AlmasB/FXGL
17:18:57.340 [FXGL Background Thread 3 ] DEBUG Engine               - urlLeaderboard: http://fxgl-top.herokuapp.com/
17:18:57.340 [FXGL Background Thread 3 ] DEBUG Engine               - urlPOM: https://raw.githubusercontent.com/AlmasB/FXGL/release/README.md
17:18:57.340 [FXGL Background Thread 3 ] DEBUG Engine               - userAppClass: class com.game.App
17:18:57.340 [FXGL Background Thread 3 ] DEBUG Engine               - version: 0.1
17:18:57.340 [FXGL Background Thread 3 ] DEBUG Engine               - versionCheckDays: 7
17:18:57.341 [FXGL Background Thread 3 ] DEBUG Engine               - width: 1100
17:18:57.341 [FXGL Background Thread 3 ] DEBUG Engine               - Logging services
17:18:57.341 [FXGL Background Thread 3 ] DEBUG Engine               - class com.almasb.fxgl.app.services.FXGLAssetLoaderService
17:18:57.341 [FXGL Background Thread 3 ] DEBUG Engine               - class com.almasb.fxgl.app.FXGLApplication$GameApplicationService
17:18:57.341 [FXGL Background Thread 3 ] DEBUG Engine               - class com.almasb.fxgl.app.services.FXGLDialogService
17:18:57.341 [FXGL Background Thread 3 ] DEBUG Engine               - class com.almasb.fxgl.app.services.IOTaskExecutorService
17:18:57.341 [FXGL Background Thread 3 ] DEBUG Engine               - class com.almasb.fxgl.io.FileSystemService
17:18:57.342 [FXGL Background Thread 3 ] DEBUG Engine               - class com.almasb.fxgl.localization.LocalizationService
17:18:57.342 [FXGL Background Thread 3 ] DEBUG Engine               - class com.almasb.fxgl.app.services.SystemBundleService
17:18:57.342 [FXGL Background Thread 3 ] DEBUG Engine               - class com.almasb.fxgl.profile.SaveLoadService
17:18:57.342 [FXGL Background Thread 3 ] DEBUG Engine               - class com.almasb.fxgl.ui.FXGLUIFactoryServiceProvider
17:18:57.342 [FXGL Background Thread 3 ] DEBUG Engine               - class com.almasb.fxgl.ui.FXGLDialogFactoryServiceProvider
17:18:57.342 [FXGL Background Thread 3 ] DEBUG Engine               - class com.almasb.fxgl.audio.AudioPlayer
17:18:57.342 [FXGL Background Thread 3 ] DEBUG Engine               - class com.almasb.fxgl.notification.impl.NotificationServiceProvider
17:18:57.342 [FXGL Background Thread 3 ] DEBUG Engine               - class com.almasb.fxgl.achievement.AchievementService
17:18:57.342 [FXGL Background Thread 3 ] DEBUG Engine               - class com.almasb.fxgl.cutscene.CutsceneService
17:18:57.342 [FXGL Background Thread 3 ] DEBUG Engine               - class com.almasb.fxgl.minigames.MiniGameService
17:18:57.342 [FXGL Background Thread 3 ] DEBUG Engine               - class com.almasb.fxgl.net.NetService
17:18:57.342 [FXGL Background Thread 3 ] DEBUG Engine               - class com.almasb.fxgl.app.services.UpdaterService
17:18:57.342 [FXGL Background Thread 3 ] DEBUG Engine               - class com.almasb.fxgl.dev.DevService
17:18:58.533 [JavaFX Application Thread] DEBUG FXGLApplication      - Exiting FXGL
17:18:58.533 [JavaFX Application Thread] DEBUG LoopRunner           - Stopping loop
17:18:58.533 [JavaFX Application Thread] DEBUG SystemBundleService  - Saving FXGL system data
17:18:58.535 [JavaFX Application Thread] DEBUG FileSystemAccess     - Writing to: C:\Users\USER\Desktop\project\256702-F2-Team20-655-809\system\fxgl.bundle
17:18:58.540 [JavaFX Application Thread] DEBUG Async                - Shutting down background threads
17:18:58.540 [JavaFX Application Thread] DEBUG PrimaryStageWindow   - Closing main window
17:18:58.557 [JavaFX Application Thread] DEBUG Logger               - Closing Logger
