22:23:23.959 [main                     ] DEBUG Logger               - Configured Logger
22:23:23.981 [main                     ] DEBUG GameApplication      - Logging settings
Title: Tournament Of 5 Hearts
Version: 0.1
Width: 1100
Height: 790
Fullscreen: false
Intro: false
Profiling: false
Single step:false
App Mode: DEVELOPER
Menu Key: ESCAPE
Stage Style: DECORATED
Scene Factory: class com.almasb.fxgl.app.scene.SceneFactory

22:23:24.399 [JavaFX Application Thread] DEBUG FXGLApplication      - Initializing FXGL
22:23:24.402 [JavaFX Application Thread] INFO  Engine               - FXGL-21 (28.12.2023 13.35) on WINDOWS (J:21.0.5 FX:21)
22:23:24.403 [JavaFX Application Thread] DEBUG Engine               - JRE Vendor Name: Eclipse Adoptium
22:23:24.403 [JavaFX Application Thread] DEBUG Engine               - Running on OS: Windows 11 version 10.0
22:23:24.403 [JavaFX Application Thread] DEBUG Engine               - Architecture: amd64
22:23:24.403 [JavaFX Application Thread] INFO  Engine               - Source code and latest versions at: https://github.com/AlmasB/FXGL
22:23:24.403 [JavaFX Application Thread] INFO  Engine               -       Ask questions and discuss at: https://github.com/AlmasB/FXGL/discussions
22:23:24.404 [JavaFX Application Thread] INFO  Engine               -              Join the FXGL chat at: https://gitter.im/AlmasB/FXGL
22:23:24.488 [JavaFX Application Thread] DEBUG PrimaryStageWindow   - Creating a JavaFX scene
22:23:24.527 [JavaFX Application Thread] DEBUG PrimaryStageWindow   - Target settings size: 1100.0 x 790.0
22:23:24.528 [JavaFX Application Thread] DEBUG PrimaryStageWindow   - Scaled scene size:    1100.0 x 790.0
22:23:24.528 [JavaFX Application Thread] DEBUG PrimaryStageWindow   - Scaled ratio: (1.0, 1.0)
22:23:24.529 [JavaFX Application Thread] DEBUG PrimaryStageWindow   - Set initial scene to FXGLStartupScene
22:23:24.531 [JavaFX Application Thread] DEBUG PrimaryStageWindow   - Opening main window
22:23:24.601 [JavaFX Application Thread] DEBUG PrimaryStageWindow   - Window border size: (14.4000244140625, 38.0)
22:23:24.601 [JavaFX Application Thread] DEBUG PrimaryStageWindow   - Scaled size: 1100.0 x 790.0
22:23:24.602 [JavaFX Application Thread] DEBUG PrimaryStageWindow   - Scaled ratio: (1.0, 1.0)
22:23:24.602 [JavaFX Application Thread] DEBUG PrimaryStageWindow   - Scene size: 1100.0 x 790.0
22:23:24.602 [JavaFX Application Thread] DEBUG PrimaryStageWindow   - Stage size: 1114.4000244140625 x 828.0
22:23:24.607 [FXGL Background Thread 1 ] DEBUG Engine               - Initializing environment variables
22:23:24.649 [FXGL Background Thread 1 ] DEBUG FXGLAssetLoaderServi - User app class for loading assets: class com.game.App
22:23:24.649 [FXGL Background Thread 1 ] DEBUG GameApplicationServi - Applying CSS: fxgl_dark.css
22:23:24.650 [FXGL Background Thread 1 ] DEBUG FXGLAssetLoaderServi - Loading from file system: jar:file:/C:/Users/USER/.m2/repository/com/github/almasb/fxgl/21/fxgl-21.jar!/fxglassets/ui/css/fxgl_dark.css
22:23:24.684 [FXGL Background Thread 1 ] DEBUG GameApplicationServi - Initializing application scenes
22:23:24.731 [FXGL Background Thread 1 ] DEBUG GameWorld            - Game world initialized
22:23:24.787 [FXGL Background Thread 1 ] DEBUG PhysicsWorld         - Physics world initialized: appHeight=790, physics.ppm=50.0
22:23:24.787 [FXGL Background Thread 1 ] DEBUG PhysicsWorld         - Using strategy: BRUTE_FORCE
22:23:24.790 [FXGL Background Thread 1 ] DEBUG GameScene            - Game scene initialized: 1100x790
22:23:24.799 [FXGL Background Thread 1 ] DEBUG FXGL.DefaultMenu     - createMenuBodyGameMenu()
22:23:24.809 [FXGL Background Thread 1 ] DEBUG FXGL.DefaultMenu     - createOptionsMenu()
22:23:24.819 [FXGL Background Thread 1 ] DEBUG FXGLAssetLoaderServi - Loading from file system: jar:file:/C:/Users/USER/.m2/repository/com/github/almasb/fxgl/21/fxgl-21.jar!/fxglassets/textures/particles/smoke.png
22:23:24.908 [FXGL Background Thread 1 ] DEBUG FXGLAssetLoaderServi - Loading from file system: jar:file:/C:/Users/USER/.m2/repository/com/github/almasb/fxgl/21/fxgl-21.jar!/fxglassets/textures/particles/trace_horizontal.png
22:23:24.927 [FXGL Background Thread 1 ] DEBUG GameApplicationServi - Application scenes initialized
22:23:24.939 [FXGL Background Thread 1 ] DEBUG SystemBundleService  - Loading FXGL system data
22:23:24.943 [FXGL Background Thread 1 ] DEBUG FileSystemAccess     - Reading from: C:\Users\USER\Desktop\project\256702-F2-Team20-655-809\system\fxgl.bundle
22:23:24.950 [FXGL Background Thread 1 ] DEBUG SystemBundleService  - Bundle FXGL: {}
22:23:24.950 [FXGL Background Thread 1 ] DEBUG UpdaterService       - Checking for updates
22:23:24.954 [FXGL Background Thread 4 ] DEBUG FXGLApplication      - Loading fonts
22:23:24.955 [FXGL Background Thread 4 ] DEBUG FXGLAssetLoaderServi - Loading from file system: jar:file:/C:/Users/USER/.m2/repository/com/github/almasb/fxgl/21/fxgl-21.jar!/fxglassets/ui/fonts/VarelaRound-Regular.ttf
22:23:24.955 [FXGL Background Thread 1 ] DEBUG FXGLApplication      - Loading default localization
22:23:24.956 [FXGL Background Thread 1 ] DEBUG FXGLAssetLoaderServi - Loading from file system: jar:file:/C:/Users/USER/.m2/repository/com/github/almasb/fxgl/21/fxgl-21.jar!/fxglassets/languages/english.lang
22:23:24.983 [FXGL Background Thread 4 ] DEBUG FXGLAssetLoaderServi - Loading from file system: jar:file:/C:/Users/USER/.m2/repository/com/github/almasb/fxgl/21/fxgl-21.jar!/fxglassets/ui/fonts/Abel-Regular.ttf
22:23:24.986 [FXGL Background Thread 4 ] DEBUG FXGLAssetLoaderServi - Loading from file system: jar:file:/C:/Users/USER/.m2/repository/com/github/almasb/fxgl/21/fxgl-21.jar!/fxglassets/ui/fonts/TerminalLandMono-Regular.otf
22:23:24.988 [FXGL Background Thread 1 ] INFO  FXGLApplication      - FXGL initialization took: 0.380 sec
22:23:24.989 [JavaFX Application Thread] DEBUG FXGLAssetLoaderServi - Loading from file system: jar:file:/C:/Users/USER/.m2/repository/com/github/almasb/fxgl/21/fxgl-21.jar!/fxglassets/textures/fxgl_icon.png
22:23:24.989 [FXGL Background Thread 4 ] DEBUG FXGLAssetLoaderServi - Loading from file system: jar:file:/C:/Users/USER/.m2/repository/com/github/almasb/fxgl/21/fxgl-21.jar!/fxglassets/ui/fonts/Courier-Prime.ttf
22:23:25.002 [JavaFX Application Thread] DEBUG FXGLAssetLoaderServi - Loading from file system: jar:file:/C:/Users/USER/.m2/repository/com/github/almasb/fxgl/21/fxgl-21.jar!/fxglassets/textures/fxgl_default_cursor.png
22:23:25.019 [JavaFX Application Thread] DEBUG Input                - Registered new binding: Screenshot - CTRL+8
22:23:25.020 [JavaFX Application Thread] DEBUG Input                - Registered new binding: System info dump - CTRL+9
22:23:25.021 [JavaFX Application Thread] DEBUG Input                - Registered new binding: Restart - CTRL+R
22:23:25.023 [JavaFX Application Thread] DEBUG Input                - Registered new binding: Toggle Debug Camera - CTRL+7
22:23:25.026 [JavaFX Application Thread] DEBUG LoopRunner           - Starting loop
22:23:25.026 [JavaFX Application Thread] DEBUG LoopRunner           - Initializing JavaFX AnimationTimerLoop
22:23:25.027 [JavaFX Application Thread] DEBUG GameApplicationServi - Starting new game
22:23:25.027 [JavaFX Application Thread] DEBUG Input                - Clearing active input actions
22:23:25.039 [JavaFX Application Thread] DEBUG GameApplicationServi - Removing overlay from FXGLStartupScene and adding to FXGLLoadingScene
22:23:25.039 [JavaFX Application Thread] DEBUG PrimaryStageWindow   - FXGLStartupScene -> FXGLLoadingScene
22:23:25.039 [JavaFX Application Thread] DEBUG GameApplicationServi - Clearing previous game
22:23:25.039 [JavaFX Application Thread] DEBUG GameScene            - Clearing game scene
22:23:25.039 [JavaFX Application Thread] DEBUG GameWorld            - Clearing game world
22:23:25.039 [JavaFX Application Thread] DEBUG PhysicsWorld         - Clearing physics world
22:23:25.041 [JavaFX Application Thread] DEBUG FXGLApplication      - Registering font factories with UI factory
22:23:25.045 [FXGL Background Thread 4 ] INFO  FXGLApplication      - Game initialization took: 0.004 sec
22:23:25.081 [JavaFX Application Thread] DEBUG Input                - Clearing active input actions
22:23:25.093 [JavaFX Application Thread] DEBUG GameApplicationServi - Removing overlay from FXGLLoadingScene and adding to GameScene
22:23:25.094 [JavaFX Application Thread] DEBUG PrimaryStageWindow   - FXGLLoadingScene -> GameScene
22:23:25.348 [FXGL Background Thread 2 ] INFO  UpdaterService       - Your current version:  21
22:23:25.349 [FXGL Background Thread 2 ] INFO  UpdaterService       - Latest stable version: 21.1
22:23:27.416 [JavaFX Application Thread] DEBUG PrimaryStageWindow   - Push state: DialogSubScene
22:23:27.417 [JavaFX Application Thread] DEBUG Input                - Clearing active input actions
22:23:27.417 [JavaFX Application Thread] DEBUG GameApplicationServi - Removing overlay from GameScene and adding to DialogSubScene
22:23:27.418 [JavaFX Application Thread] DEBUG PrimaryStageWindow   - GameScene -> DialogSubScene
22:23:27.955 [FXGL Background Thread 3 ] DEBUG Engine               - Logging environment variables
22:23:27.956 [FXGL Background Thread 3 ] DEBUG Engine               - achievements: []
22:23:27.956 [FXGL Background Thread 3 ] DEBUG Engine               - actualHeight: 790.0
22:23:27.957 [FXGL Background Thread 3 ] DEBUG Engine               - actualHeightProperty: ReadOnlyDoubleProperty [value: 790.0]
22:23:27.957 [FXGL Background Thread 3 ] DEBUG Engine               - actualWidth: 1100.0
22:23:27.958 [FXGL Background Thread 3 ] DEBUG Engine               - actualWidthProperty: ReadOnlyDoubleProperty [value: 1100.0]
22:23:27.958 [FXGL Background Thread 3 ] DEBUG Engine               - appIcon: fxgl_icon.png
22:23:27.958 [FXGL Background Thread 3 ] DEBUG Engine               - applicationMode: DEVELOPER
22:23:27.958 [FXGL Background Thread 3 ] DEBUG Engine               - cSSList: [fxgl_dark.css]
22:23:27.959 [FXGL Background Thread 3 ] DEBUG Engine               - collisionDetectionStrategy: BRUTE_FORCE
22:23:27.959 [FXGL Background Thread 3 ] DEBUG Engine               - configClass: Optional.empty
22:23:27.959 [FXGL Background Thread 3 ] DEBUG Engine               - credits: []
22:23:27.959 [FXGL Background Thread 3 ] DEBUG Engine               - defaultCursor: CursorInfo(imageName=fxgl_default_cursor.png, hotspotX=7.0, hotspotY=6.0)
22:23:27.960 [FXGL Background Thread 3 ] DEBUG Engine               - devBBoxColorProperty: ObjectProperty [value: 0xff0000ff]
22:23:27.960 [FXGL Background Thread 3 ] DEBUG Engine               - devEnableDebugCameraProperty: BooleanProperty [value: false]
22:23:27.960 [FXGL Background Thread 3 ] DEBUG Engine               - devSensorColorProperty: ObjectProperty [value: 0xffff00ff]
22:23:27.960 [FXGL Background Thread 3 ] DEBUG Engine               - devShowBBoxProperty: BooleanProperty [value: false]
22:23:27.960 [FXGL Background Thread 3 ] DEBUG Engine               - devShowPositionProperty: BooleanProperty [value: false]
22:23:27.960 [FXGL Background Thread 3 ] DEBUG Engine               - enabledMenuItems: []
22:23:27.960 [FXGL Background Thread 3 ] DEBUG Engine               - engineServices: [class com.almasb.fxgl.app.services.FXGLAssetLoaderService, class com.almasb.fxgl.app.FXGLApplication$GameApplicationService, class com.almasb.fxgl.app.services.FXGLDialogService, class com.almasb.fxgl.app.services.IOTaskExecutorService, class com.almasb.fxgl.io.FileSystemService, class com.almasb.fxgl.localization.LocalizationService, class com.almasb.fxgl.app.services.SystemBundleService, class com.almasb.fxgl.profile.SaveLoadService, class com.almasb.fxgl.ui.FXGLUIFactoryServiceProvider, class com.almasb.fxgl.ui.FXGLDialogFactoryServiceProvider, class com.almasb.fxgl.audio.AudioPlayer, class com.almasb.fxgl.notification.impl.NotificationServiceProvider, class com.almasb.fxgl.achievement.AchievementService, class com.almasb.fxgl.cutscene.CutsceneService, class com.almasb.fxgl.minigames.MiniGameService, class com.almasb.fxgl.net.NetService, class com.almasb.fxgl.app.services.UpdaterService, class com.almasb.fxgl.dev.DevService]
22:23:27.960 [FXGL Background Thread 3 ] DEBUG Engine               - fontGame: Abel-Regular.ttf
22:23:27.960 [FXGL Background Thread 3 ] DEBUG Engine               - fontMono: TerminalLandMono-Regular.otf
22:23:27.960 [FXGL Background Thread 3 ] DEBUG Engine               - fontSizeScaleUI: 1.0
22:23:27.960 [FXGL Background Thread 3 ] DEBUG Engine               - fontText: Courier-Prime.ttf
22:23:27.961 [FXGL Background Thread 3 ] DEBUG Engine               - fontUI: VarelaRound-Regular.ttf
22:23:27.961 [FXGL Background Thread 3 ] DEBUG Engine               - fullScreen: BooleanProperty [value: false]
22:23:27.961 [FXGL Background Thread 3 ] DEBUG Engine               - gameDifficulty: MEDIUM
22:23:27.961 [FXGL Background Thread 3 ] DEBUG Engine               - gameDifficultyProperty: ObjectProperty [value: MEDIUM]
22:23:27.961 [FXGL Background Thread 3 ] DEBUG Engine               - globalMusicVolume: 0.5
22:23:27.961 [FXGL Background Thread 3 ] DEBUG Engine               - globalMusicVolumeProperty: DoubleProperty [value: 0.5]
22:23:27.961 [FXGL Background Thread 3 ] DEBUG Engine               - globalSoundVolume: 0.5
22:23:27.961 [FXGL Background Thread 3 ] DEBUG Engine               - globalSoundVolumeProperty: DoubleProperty [value: 0.5]
22:23:27.961 [FXGL Background Thread 3 ] DEBUG Engine               - height: 790
22:23:27.962 [FXGL Background Thread 3 ] DEBUG Engine               - is3D: false
22:23:27.962 [FXGL Background Thread 3 ] DEBUG Engine               - isAndroid: false
22:23:27.962 [FXGL Background Thread 3 ] DEBUG Engine               - isBrowser: false
22:23:27.962 [FXGL Background Thread 3 ] DEBUG Engine               - isClickFeedbackEnabled: false
22:23:27.962 [FXGL Background Thread 3 ] DEBUG Engine               - isCloseConfirmation: false
22:23:27.962 [FXGL Background Thread 3 ] DEBUG Engine               - isDesktop: true
22:23:27.962 [FXGL Background Thread 3 ] DEBUG Engine               - isDeveloperMenuEnabled: false
22:23:27.962 [FXGL Background Thread 3 ] DEBUG Engine               - isEmbedded: false
22:23:27.963 [FXGL Background Thread 3 ] DEBUG Engine               - isEntityPreloadEnabled: true
22:23:27.963 [FXGL Background Thread 3 ] DEBUG Engine               - isExperimentalTiledLargeMap: false
22:23:27.963 [FXGL Background Thread 3 ] DEBUG Engine               - isFileSystemWriteAllowed: true
22:23:27.963 [FXGL Background Thread 3 ] DEBUG Engine               - isFullScreenAllowed: false
22:23:27.963 [FXGL Background Thread 3 ] DEBUG Engine               - isFullScreenFromStart: false
22:23:27.964 [FXGL Background Thread 3 ] DEBUG Engine               - isGameMenuEnabled: true
22:23:27.964 [FXGL Background Thread 3 ] DEBUG Engine               - isIOS: false
22:23:27.964 [FXGL Background Thread 3 ] DEBUG Engine               - isIntroEnabled: false
22:23:27.964 [FXGL Background Thread 3 ] DEBUG Engine               - isLinux: false
22:23:27.964 [FXGL Background Thread 3 ] DEBUG Engine               - isMac: false
22:23:27.964 [FXGL Background Thread 3 ] DEBUG Engine               - isMainMenuEnabled: false
22:23:27.964 [FXGL Background Thread 3 ] DEBUG Engine               - isManualResizeEnabled: false
22:23:27.964 [FXGL Background Thread 3 ] DEBUG Engine               - isMobile: false
22:23:27.964 [FXGL Background Thread 3 ] DEBUG Engine               - isNative: false
22:23:27.964 [FXGL Background Thread 3 ] DEBUG Engine               - isPauseMusicWhenMinimized: true
22:23:27.964 [FXGL Background Thread 3 ] DEBUG Engine               - isPreserveResizeRatio: false
22:23:27.964 [FXGL Background Thread 3 ] DEBUG Engine               - isProfilingEnabled: false
22:23:27.964 [FXGL Background Thread 3 ] DEBUG Engine               - isScaleAffectedOnResize: true
22:23:27.964 [FXGL Background Thread 3 ] DEBUG Engine               - isSingleStep: false
22:23:27.964 [FXGL Background Thread 3 ] DEBUG Engine               - isUserProfileEnabled: false
22:23:27.964 [FXGL Background Thread 3 ] DEBUG Engine               - isWindows: true
22:23:27.965 [FXGL Background Thread 3 ] DEBUG Engine               - language: ObjectProperty [value: ENGLISH]
22:23:27.965 [FXGL Background Thread 3 ] DEBUG Engine               - menuKey: ESCAPE
22:23:27.965 [FXGL Background Thread 3 ] DEBUG Engine               - mouseSensitivity: 0.2
22:23:27.965 [FXGL Background Thread 3 ] DEBUG Engine               - notificationViewClass: class com.almasb.fxgl.notification.view.XboxNotificationView
22:23:27.965 [FXGL Background Thread 3 ] DEBUG Engine               - pixelsPerMeter: 50.0
22:23:27.965 [FXGL Background Thread 3 ] DEBUG Engine               - platform: WINDOWS
22:23:27.965 [FXGL Background Thread 3 ] DEBUG Engine               - prefHeightProperty: ReadOnlyDoubleProperty [value: 790.0]
22:23:27.965 [FXGL Background Thread 3 ] DEBUG Engine               - prefWidthProperty: ReadOnlyDoubleProperty [value: 1100.0]
22:23:27.965 [FXGL Background Thread 3 ] DEBUG Engine               - profileDir: profiles/
22:23:27.965 [FXGL Background Thread 3 ] DEBUG Engine               - profileName: StringProperty [value: DEFAULT]
22:23:27.965 [FXGL Background Thread 3 ] DEBUG Engine               - randomSeed: -1
22:23:27.965 [FXGL Background Thread 3 ] DEBUG Engine               - runtimeInfo: RuntimeInfo(platform=WINDOWS, version=21, build=28.12.2023 13.35)
22:23:27.965 [FXGL Background Thread 3 ] DEBUG Engine               - saveFileExt: sav
22:23:27.965 [FXGL Background Thread 3 ] DEBUG Engine               - scaledHeightProp$fxgl: DoubleProperty [bound, value: 790.0]
22:23:27.965 [FXGL Background Thread 3 ] DEBUG Engine               - scaledWidthProp$fxgl: DoubleProperty [bound, value: 1100.0]
22:23:27.965 [FXGL Background Thread 3 ] DEBUG Engine               - sceneFactory: com.almasb.fxgl.app.scene.SceneFactory@3930941e
22:23:27.966 [FXGL Background Thread 3 ] DEBUG Engine               - secondsIn24h: 60
22:23:27.966 [FXGL Background Thread 3 ] DEBUG Engine               - soundMenuBack: menu/back.wav
22:23:27.966 [FXGL Background Thread 3 ] DEBUG Engine               - soundMenuPress: menu/press.wav
22:23:27.966 [FXGL Background Thread 3 ] DEBUG Engine               - soundMenuSelect: menu/select.wav
22:23:27.966 [FXGL Background Thread 3 ] DEBUG Engine               - soundNotification: core/notification.wav
22:23:27.966 [FXGL Background Thread 3 ] DEBUG Engine               - stageStyle: DECORATED
22:23:27.966 [FXGL Background Thread 3 ] DEBUG Engine               - supportedLanguages: [ENGLISH, FRENCH, GERMAN, HUNGARIAN, RUSSIAN]
22:23:27.966 [FXGL Background Thread 3 ] DEBUG Engine               - ticksPerSecond: -1
22:23:27.966 [FXGL Background Thread 3 ] DEBUG Engine               - title: Tournament Of 5 Hearts
22:23:27.966 [FXGL Background Thread 3 ] DEBUG Engine               - urlGithub: https://github.com/AlmasB/FXGL
22:23:27.966 [FXGL Background Thread 3 ] DEBUG Engine               - urlLeaderboard: http://fxgl-top.herokuapp.com/
22:23:27.966 [FXGL Background Thread 3 ] DEBUG Engine               - urlPOM: https://raw.githubusercontent.com/AlmasB/FXGL/release/README.md
22:23:27.966 [FXGL Background Thread 3 ] DEBUG Engine               - userAppClass: class com.game.App
22:23:27.966 [FXGL Background Thread 3 ] DEBUG Engine               - version: 0.1
22:23:27.966 [FXGL Background Thread 3 ] DEBUG Engine               - versionCheckDays: 7
22:23:27.966 [FXGL Background Thread 3 ] DEBUG Engine               - width: 1100
22:23:27.966 [FXGL Background Thread 3 ] DEBUG Engine               - Logging services
22:23:27.966 [FXGL Background Thread 3 ] DEBUG Engine               - class com.almasb.fxgl.app.services.FXGLAssetLoaderService
22:23:27.966 [FXGL Background Thread 3 ] DEBUG Engine               - class com.almasb.fxgl.app.FXGLApplication$GameApplicationService
22:23:27.966 [FXGL Background Thread 3 ] DEBUG Engine               - class com.almasb.fxgl.app.services.FXGLDialogService
22:23:27.966 [FXGL Background Thread 3 ] DEBUG Engine               - class com.almasb.fxgl.app.services.IOTaskExecutorService
22:23:27.966 [FXGL Background Thread 3 ] DEBUG Engine               - class com.almasb.fxgl.io.FileSystemService
22:23:27.966 [FXGL Background Thread 3 ] DEBUG Engine               - class com.almasb.fxgl.localization.LocalizationService
22:23:27.966 [FXGL Background Thread 3 ] DEBUG Engine               - class com.almasb.fxgl.app.services.SystemBundleService
22:23:27.966 [FXGL Background Thread 3 ] DEBUG Engine               - class com.almasb.fxgl.profile.SaveLoadService
22:23:27.966 [FXGL Background Thread 3 ] DEBUG Engine               - class com.almasb.fxgl.ui.FXGLUIFactoryServiceProvider
22:23:27.966 [FXGL Background Thread 3 ] DEBUG Engine               - class com.almasb.fxgl.ui.FXGLDialogFactoryServiceProvider
22:23:27.966 [FXGL Background Thread 3 ] DEBUG Engine               - class com.almasb.fxgl.audio.AudioPlayer
22:23:27.966 [FXGL Background Thread 3 ] DEBUG Engine               - class com.almasb.fxgl.notification.impl.NotificationServiceProvider
22:23:27.966 [FXGL Background Thread 3 ] DEBUG Engine               - class com.almasb.fxgl.achievement.AchievementService
22:23:27.966 [FXGL Background Thread 3 ] DEBUG Engine               - class com.almasb.fxgl.cutscene.CutsceneService
22:23:27.966 [FXGL Background Thread 3 ] DEBUG Engine               - class com.almasb.fxgl.minigames.MiniGameService
22:23:27.966 [FXGL Background Thread 3 ] DEBUG Engine               - class com.almasb.fxgl.net.NetService
22:23:27.966 [FXGL Background Thread 3 ] DEBUG Engine               - class com.almasb.fxgl.app.services.UpdaterService
22:23:27.966 [FXGL Background Thread 3 ] DEBUG Engine               - class com.almasb.fxgl.dev.DevService
22:23:28.269 [JavaFX Application Thread] DEBUG PrimaryStageWindow   - Pop state: DialogSubScene
22:23:28.269 [JavaFX Application Thread] DEBUG Input                - Clearing active input actions
22:23:28.270 [JavaFX Application Thread] DEBUG GameApplicationServi - Removing overlay from DialogSubScene and adding to GameScene
22:23:28.270 [JavaFX Application Thread] DEBUG PrimaryStageWindow   - GameScene <- DialogSubScene
22:23:32.772 [JavaFX Application Thread] DEBUG FXGLApplication      - Exiting FXGL
22:23:32.772 [JavaFX Application Thread] DEBUG LoopRunner           - Stopping loop
22:23:32.772 [JavaFX Application Thread] DEBUG SystemBundleService  - Saving FXGL system data
22:23:32.774 [JavaFX Application Thread] DEBUG FileSystemAccess     - Writing to: C:\Users\USER\Desktop\project\256702-F2-Team20-655-809\system\fxgl.bundle
22:23:32.783 [JavaFX Application Thread] DEBUG Async                - Shutting down background threads
22:23:32.783 [JavaFX Application Thread] DEBUG PrimaryStageWindow   - Closing main window
22:23:32.823 [JavaFX Application Thread] DEBUG Logger               - Closing Logger
