23:23:10.331 [main                     ] DEBUG Logger               - Configured Logger
23:23:10.357 [main                     ] DEBUG GameApplication      - Logging settings
Title: Tournament Of 5 Hearts
Version: 0.1
Width: 1100
Height: 790
Fullscreen: false
Intro: false
Profiling: false
Single step:false
App Mode: DEVELOPER
Menu Key: ESCAPE
Stage Style: DECORATED
Scene Factory: class com.almasb.fxgl.app.scene.SceneFactory

23:23:11.042 [JavaFX Application Thread] DEBUG FXGLApplication      - Initializing FXGL
23:23:11.045 [JavaFX Application Thread] INFO  Engine               - FXGL-21 (28.12.2023 13.35) on WINDOWS (J:21.0.5 FX:21)
23:23:11.045 [JavaFX Application Thread] DEBUG Engine               - JRE Vendor Name: Eclipse Adoptium
23:23:11.046 [JavaFX Application Thread] DEBUG Engine               - Running on OS: Windows 11 version 10.0
23:23:11.046 [JavaFX Application Thread] DEBUG Engine               - Architecture: amd64
23:23:11.046 [JavaFX Application Thread] INFO  Engine               - Source code and latest versions at: https://github.com/AlmasB/FXGL
23:23:11.046 [JavaFX Application Thread] INFO  Engine               -       Ask questions and discuss at: https://github.com/AlmasB/FXGL/discussions
23:23:11.046 [JavaFX Application Thread] INFO  Engine               -              Join the FXGL chat at: https://gitter.im/AlmasB/FXGL
23:23:11.143 [JavaFX Application Thread] DEBUG PrimaryStageWindow   - Creating a JavaFX scene
23:23:11.186 [JavaFX Application Thread] DEBUG PrimaryStageWindow   - Target settings size: 1100.0 x 790.0
23:23:11.186 [JavaFX Application Thread] DEBUG PrimaryStageWindow   - Scaled scene size:    1100.0 x 790.0
23:23:11.186 [JavaFX Application Thread] DEBUG PrimaryStageWindow   - Scaled ratio: (1.0, 1.0)
23:23:11.187 [JavaFX Application Thread] DEBUG PrimaryStageWindow   - Set initial scene to FXGLStartupScene
23:23:11.189 [JavaFX Application Thread] DEBUG PrimaryStageWindow   - Opening main window
23:23:11.264 [JavaFX Application Thread] DEBUG PrimaryStageWindow   - Window border size: (14.4000244140625, 38.0)
23:23:11.264 [JavaFX Application Thread] DEBUG PrimaryStageWindow   - Scaled size: 1100.0 x 790.0
23:23:11.264 [JavaFX Application Thread] DEBUG PrimaryStageWindow   - Scaled ratio: (1.0, 1.0)
23:23:11.265 [JavaFX Application Thread] DEBUG PrimaryStageWindow   - Scene size: 1100.0 x 790.0
23:23:11.265 [JavaFX Application Thread] DEBUG PrimaryStageWindow   - Stage size: 1114.4000244140625 x 828.0
23:23:11.272 [FXGL Background Thread 1 ] DEBUG Engine               - Initializing environment variables
23:23:11.324 [FXGL Background Thread 1 ] DEBUG FXGLAssetLoaderServi - User app class for loading assets: class com.game.App
23:23:11.324 [FXGL Background Thread 1 ] DEBUG GameApplicationServi - Applying CSS: fxgl_dark.css
23:23:11.325 [FXGL Background Thread 1 ] DEBUG FXGLAssetLoaderServi - Loading from file system: jar:file:/C:/Users/USER/.m2/repository/com/github/almasb/fxgl/21/fxgl-21.jar!/fxglassets/ui/css/fxgl_dark.css
23:23:11.364 [FXGL Background Thread 1 ] DEBUG GameApplicationServi - Initializing application scenes
23:23:11.407 [FXGL Background Thread 1 ] DEBUG GameWorld            - Game world initialized
23:23:11.461 [FXGL Background Thread 1 ] DEBUG PhysicsWorld         - Physics world initialized: appHeight=790, physics.ppm=50.0
23:23:11.461 [FXGL Background Thread 1 ] DEBUG PhysicsWorld         - Using strategy: BRUTE_FORCE
23:23:11.463 [FXGL Background Thread 1 ] DEBUG GameScene            - Game scene initialized: 1100x790
23:23:11.473 [FXGL Background Thread 1 ] DEBUG FXGL.DefaultMenu     - createMenuBodyGameMenu()
23:23:11.482 [FXGL Background Thread 1 ] DEBUG FXGL.DefaultMenu     - createOptionsMenu()
23:23:11.490 [FXGL Background Thread 1 ] DEBUG FXGLAssetLoaderServi - Loading from file system: jar:file:/C:/Users/USER/.m2/repository/com/github/almasb/fxgl/21/fxgl-21.jar!/fxglassets/textures/particles/smoke.png
23:23:11.578 [FXGL Background Thread 1 ] DEBUG FXGLAssetLoaderServi - Loading from file system: jar:file:/C:/Users/USER/.m2/repository/com/github/almasb/fxgl/21/fxgl-21.jar!/fxglassets/textures/particles/trace_horizontal.png
23:23:11.613 [FXGL Background Thread 1 ] DEBUG GameApplicationServi - Application scenes initialized
23:23:11.623 [FXGL Background Thread 1 ] DEBUG SystemBundleService  - Loading FXGL system data
23:23:11.631 [FXGL Background Thread 1 ] DEBUG FileSystemAccess     - Reading from: C:\Users\USER\Desktop\project\256702-F2-Team20-655-809\system\fxgl.bundle
23:23:11.637 [FXGL Background Thread 1 ] DEBUG SystemBundleService  - Bundle FXGL: {}
23:23:11.638 [FXGL Background Thread 1 ] DEBUG UpdaterService       - Checking for updates
23:23:11.641 [FXGL Background Thread 4 ] DEBUG FXGLApplication      - Loading fonts
23:23:11.641 [FXGL Background Thread 1 ] DEBUG FXGLApplication      - Loading default localization
23:23:11.642 [FXGL Background Thread 4 ] DEBUG FXGLAssetLoaderServi - Loading from file system: jar:file:/C:/Users/USER/.m2/repository/com/github/almasb/fxgl/21/fxgl-21.jar!/fxglassets/ui/fonts/VarelaRound-Regular.ttf
23:23:11.642 [FXGL Background Thread 1 ] DEBUG FXGLAssetLoaderServi - Loading from file system: jar:file:/C:/Users/USER/.m2/repository/com/github/almasb/fxgl/21/fxgl-21.jar!/fxglassets/languages/english.lang
23:23:11.694 [FXGL Background Thread 4 ] DEBUG FXGLAssetLoaderServi - Loading from file system: jar:file:/C:/Users/USER/.m2/repository/com/github/almasb/fxgl/21/fxgl-21.jar!/fxglassets/ui/fonts/Abel-Regular.ttf
23:23:11.696 [FXGL Background Thread 4 ] DEBUG FXGLAssetLoaderServi - Loading from file system: jar:file:/C:/Users/USER/.m2/repository/com/github/almasb/fxgl/21/fxgl-21.jar!/fxglassets/ui/fonts/TerminalLandMono-Regular.otf
23:23:11.699 [FXGL Background Thread 4 ] DEBUG FXGLAssetLoaderServi - Loading from file system: jar:file:/C:/Users/USER/.m2/repository/com/github/almasb/fxgl/21/fxgl-21.jar!/fxglassets/ui/fonts/Courier-Prime.ttf
23:23:11.702 [FXGL Background Thread 1 ] INFO  FXGLApplication      - FXGL initialization took: 0.430 sec
23:23:11.704 [JavaFX Application Thread] DEBUG FXGLAssetLoaderServi - Loading from file system: jar:file:/C:/Users/USER/.m2/repository/com/github/almasb/fxgl/21/fxgl-21.jar!/fxglassets/textures/fxgl_icon.png
23:23:11.723 [JavaFX Application Thread] DEBUG FXGLAssetLoaderServi - Loading from file system: jar:file:/C:/Users/USER/.m2/repository/com/github/almasb/fxgl/21/fxgl-21.jar!/fxglassets/textures/fxgl_default_cursor.png
23:23:11.748 [JavaFX Application Thread] DEBUG Input                - Registered new binding: Screenshot - CTRL+8
23:23:11.749 [JavaFX Application Thread] DEBUG Input                - Registered new binding: System info dump - CTRL+9
23:23:11.749 [JavaFX Application Thread] DEBUG Input                - Registered new binding: Restart - CTRL+R
23:23:11.750 [JavaFX Application Thread] DEBUG Input                - Registered new binding: Toggle Debug Camera - CTRL+7
23:23:11.754 [JavaFX Application Thread] DEBUG LoopRunner           - Starting loop
23:23:11.754 [JavaFX Application Thread] DEBUG LoopRunner           - Initializing JavaFX AnimationTimerLoop
23:23:11.755 [JavaFX Application Thread] DEBUG GameApplicationServi - Starting new game
23:23:11.755 [JavaFX Application Thread] DEBUG Input                - Clearing active input actions
23:23:11.775 [JavaFX Application Thread] DEBUG GameApplicationServi - Removing overlay from FXGLStartupScene and adding to FXGLLoadingScene
23:23:11.775 [JavaFX Application Thread] DEBUG PrimaryStageWindow   - FXGLStartupScene -> FXGLLoadingScene
23:23:11.775 [JavaFX Application Thread] DEBUG GameApplicationServi - Clearing previous game
23:23:11.775 [JavaFX Application Thread] DEBUG GameScene            - Clearing game scene
23:23:11.775 [JavaFX Application Thread] DEBUG GameWorld            - Clearing game world
23:23:11.775 [JavaFX Application Thread] DEBUG PhysicsWorld         - Clearing physics world
23:23:11.778 [FXGL Background Thread 4 ] DEBUG FXGLApplication      - Initializing game
23:23:11.778 [JavaFX Application Thread] DEBUG FXGLApplication      - Registering font factories with UI factory
23:23:11.795 [FXGL Background Thread 4 ] INFO  FXGLApplication      - Game initialization took: 0.016 sec
23:23:11.830 [JavaFX Application Thread] DEBUG Input                - Clearing active input actions
23:23:11.846 [JavaFX Application Thread] DEBUG GameApplicationServi - Removing overlay from FXGLLoadingScene and adding to GameScene
23:23:11.846 [JavaFX Application Thread] DEBUG PrimaryStageWindow   - FXGLLoadingScene -> GameScene
23:23:12.103 [FXGL Background Thread 2 ] INFO  UpdaterService       - Your current version:  21
23:23:12.104 [FXGL Background Thread 2 ] INFO  UpdaterService       - Latest stable version: 21.1
23:23:14.641 [FXGL Background Thread 3 ] DEBUG Engine               - Logging environment variables
23:23:14.642 [FXGL Background Thread 3 ] DEBUG Engine               - achievements: []
23:23:14.643 [FXGL Background Thread 3 ] DEBUG Engine               - actualHeight: 790.0
23:23:14.643 [FXGL Background Thread 3 ] DEBUG Engine               - actualHeightProperty: ReadOnlyDoubleProperty [value: 790.0]
23:23:14.643 [FXGL Background Thread 3 ] DEBUG Engine               - actualWidth: 1100.0
23:23:14.644 [FXGL Background Thread 3 ] DEBUG Engine               - actualWidthProperty: ReadOnlyDoubleProperty [value: 1100.0]
23:23:14.644 [FXGL Background Thread 3 ] DEBUG Engine               - appIcon: fxgl_icon.png
23:23:14.644 [FXGL Background Thread 3 ] DEBUG Engine               - applicationMode: DEVELOPER
23:23:14.645 [FXGL Background Thread 3 ] DEBUG Engine               - cSSList: [fxgl_dark.css]
23:23:14.645 [FXGL Background Thread 3 ] DEBUG Engine               - collisionDetectionStrategy: BRUTE_FORCE
23:23:14.645 [FXGL Background Thread 3 ] DEBUG Engine               - configClass: Optional.empty
23:23:14.646 [FXGL Background Thread 3 ] DEBUG Engine               - credits: []
23:23:14.647 [FXGL Background Thread 3 ] DEBUG Engine               - defaultCursor: CursorInfo(imageName=fxgl_default_cursor.png, hotspotX=7.0, hotspotY=6.0)
23:23:14.648 [FXGL Background Thread 3 ] DEBUG Engine               - devBBoxColorProperty: ObjectProperty [value: 0xff0000ff]
23:23:14.648 [FXGL Background Thread 3 ] DEBUG Engine               - devEnableDebugCameraProperty: BooleanProperty [value: false]
23:23:14.648 [FXGL Background Thread 3 ] DEBUG Engine               - devSensorColorProperty: ObjectProperty [value: 0xffff00ff]
23:23:14.648 [FXGL Background Thread 3 ] DEBUG Engine               - devShowBBoxProperty: BooleanProperty [value: false]
23:23:14.649 [FXGL Background Thread 3 ] DEBUG Engine               - devShowPositionProperty: BooleanProperty [value: false]
23:23:14.649 [FXGL Background Thread 3 ] DEBUG Engine               - enabledMenuItems: []
23:23:14.649 [FXGL Background Thread 3 ] DEBUG Engine               - engineServices: [class com.almasb.fxgl.app.services.FXGLAssetLoaderService, class com.almasb.fxgl.app.FXGLApplication$GameApplicationService, class com.almasb.fxgl.app.services.FXGLDialogService, class com.almasb.fxgl.app.services.IOTaskExecutorService, class com.almasb.fxgl.io.FileSystemService, class com.almasb.fxgl.localization.LocalizationService, class com.almasb.fxgl.app.services.SystemBundleService, class com.almasb.fxgl.profile.SaveLoadService, class com.almasb.fxgl.ui.FXGLUIFactoryServiceProvider, class com.almasb.fxgl.ui.FXGLDialogFactoryServiceProvider, class com.almasb.fxgl.audio.AudioPlayer, class com.almasb.fxgl.notification.impl.NotificationServiceProvider, class com.almasb.fxgl.achievement.AchievementService, class com.almasb.fxgl.cutscene.CutsceneService, class com.almasb.fxgl.minigames.MiniGameService, class com.almasb.fxgl.net.NetService, class com.almasb.fxgl.app.services.UpdaterService, class com.almasb.fxgl.dev.DevService]
23:23:14.649 [FXGL Background Thread 3 ] DEBUG Engine               - fontGame: Abel-Regular.ttf
23:23:14.650 [FXGL Background Thread 3 ] DEBUG Engine               - fontMono: TerminalLandMono-Regular.otf
23:23:14.651 [FXGL Background Thread 3 ] DEBUG Engine               - fontSizeScaleUI: 1.0
23:23:14.651 [FXGL Background Thread 3 ] DEBUG Engine               - fontText: Courier-Prime.ttf
23:23:14.652 [FXGL Background Thread 3 ] DEBUG Engine               - fontUI: VarelaRound-Regular.ttf
23:23:14.652 [FXGL Background Thread 3 ] DEBUG Engine               - fullScreen: BooleanProperty [value: false]
23:23:14.652 [FXGL Background Thread 3 ] DEBUG Engine               - gameDifficulty: MEDIUM
23:23:14.653 [FXGL Background Thread 3 ] DEBUG Engine               - gameDifficultyProperty: ObjectProperty [value: MEDIUM]
23:23:14.653 [FXGL Background Thread 3 ] DEBUG Engine               - globalMusicVolume: 0.5
23:23:14.653 [FXGL Background Thread 3 ] DEBUG Engine               - globalMusicVolumeProperty: DoubleProperty [value: 0.5]
23:23:14.654 [FXGL Background Thread 3 ] DEBUG Engine               - globalSoundVolume: 0.5
23:23:14.654 [FXGL Background Thread 3 ] DEBUG Engine               - globalSoundVolumeProperty: DoubleProperty [value: 0.5]
23:23:14.654 [FXGL Background Thread 3 ] DEBUG Engine               - height: 790
23:23:14.655 [FXGL Background Thread 3 ] DEBUG Engine               - is3D: false
23:23:14.655 [FXGL Background Thread 3 ] DEBUG Engine               - isAndroid: false
23:23:14.657 [FXGL Background Thread 3 ] DEBUG Engine               - isBrowser: false
23:23:14.657 [FXGL Background Thread 3 ] DEBUG Engine               - isClickFeedbackEnabled: false
23:23:14.657 [FXGL Background Thread 3 ] DEBUG Engine               - isCloseConfirmation: false
23:23:14.657 [FXGL Background Thread 3 ] DEBUG Engine               - isDesktop: true
23:23:14.658 [FXGL Background Thread 3 ] DEBUG Engine               - isDeveloperMenuEnabled: false
23:23:14.658 [FXGL Background Thread 3 ] DEBUG Engine               - isEmbedded: false
23:23:14.658 [FXGL Background Thread 3 ] DEBUG Engine               - isEntityPreloadEnabled: true
23:23:14.658 [FXGL Background Thread 3 ] DEBUG Engine               - isExperimentalTiledLargeMap: false
23:23:14.658 [FXGL Background Thread 3 ] DEBUG Engine               - isFileSystemWriteAllowed: true
23:23:14.658 [FXGL Background Thread 3 ] DEBUG Engine               - isFullScreenAllowed: false
23:23:14.658 [FXGL Background Thread 3 ] DEBUG Engine               - isFullScreenFromStart: false
23:23:14.658 [FXGL Background Thread 3 ] DEBUG Engine               - isGameMenuEnabled: true
23:23:14.659 [FXGL Background Thread 3 ] DEBUG Engine               - isIOS: false
23:23:14.659 [FXGL Background Thread 3 ] DEBUG Engine               - isIntroEnabled: false
23:23:14.659 [FXGL Background Thread 3 ] DEBUG Engine               - isLinux: false
23:23:14.659 [FXGL Background Thread 3 ] DEBUG Engine               - isMac: false
23:23:14.659 [FXGL Background Thread 3 ] DEBUG Engine               - isMainMenuEnabled: false
23:23:14.659 [FXGL Background Thread 3 ] DEBUG Engine               - isManualResizeEnabled: false
23:23:14.659 [FXGL Background Thread 3 ] DEBUG Engine               - isMobile: false
23:23:14.659 [FXGL Background Thread 3 ] DEBUG Engine               - isNative: false
23:23:14.659 [FXGL Background Thread 3 ] DEBUG Engine               - isPauseMusicWhenMinimized: true
23:23:14.659 [FXGL Background Thread 3 ] DEBUG Engine               - isPreserveResizeRatio: false
23:23:14.660 [FXGL Background Thread 3 ] DEBUG Engine               - isProfilingEnabled: false
23:23:14.660 [FXGL Background Thread 3 ] DEBUG Engine               - isScaleAffectedOnResize: true
23:23:14.660 [FXGL Background Thread 3 ] DEBUG Engine               - isSingleStep: false
23:23:14.660 [FXGL Background Thread 3 ] DEBUG Engine               - isUserProfileEnabled: false
23:23:14.660 [FXGL Background Thread 3 ] DEBUG Engine               - isWindows: true
23:23:14.660 [FXGL Background Thread 3 ] DEBUG Engine               - language: ObjectProperty [value: ENGLISH]
23:23:14.660 [FXGL Background Thread 3 ] DEBUG Engine               - menuKey: ESCAPE
23:23:14.660 [FXGL Background Thread 3 ] DEBUG Engine               - mouseSensitivity: 0.2
23:23:14.660 [FXGL Background Thread 3 ] DEBUG Engine               - notificationViewClass: class com.almasb.fxgl.notification.view.XboxNotificationView
23:23:14.660 [FXGL Background Thread 3 ] DEBUG Engine               - pixelsPerMeter: 50.0
23:23:14.660 [FXGL Background Thread 3 ] DEBUG Engine               - platform: WINDOWS
23:23:14.661 [FXGL Background Thread 3 ] DEBUG Engine               - prefHeightProperty: ReadOnlyDoubleProperty [value: 790.0]
23:23:14.661 [FXGL Background Thread 3 ] DEBUG Engine               - prefWidthProperty: ReadOnlyDoubleProperty [value: 1100.0]
23:23:14.661 [FXGL Background Thread 3 ] DEBUG Engine               - profileDir: profiles/
23:23:14.661 [FXGL Background Thread 3 ] DEBUG Engine               - profileName: StringProperty [value: DEFAULT]
23:23:14.661 [FXGL Background Thread 3 ] DEBUG Engine               - randomSeed: -1
23:23:14.661 [FXGL Background Thread 3 ] DEBUG Engine               - runtimeInfo: RuntimeInfo(platform=WINDOWS, version=21, build=28.12.2023 13.35)
23:23:14.661 [FXGL Background Thread 3 ] DEBUG Engine               - saveFileExt: sav
23:23:14.661 [FXGL Background Thread 3 ] DEBUG Engine               - scaledHeightProp$fxgl: DoubleProperty [bound, value: 790.0]
23:23:14.661 [FXGL Background Thread 3 ] DEBUG Engine               - scaledWidthProp$fxgl: DoubleProperty [bound, value: 1100.0]
23:23:14.661 [FXGL Background Thread 3 ] DEBUG Engine               - sceneFactory: com.almasb.fxgl.app.scene.SceneFactory@45a76bc
23:23:14.661 [FXGL Background Thread 3 ] DEBUG Engine               - secondsIn24h: 60
23:23:14.661 [FXGL Background Thread 3 ] DEBUG Engine               - soundMenuBack: menu/back.wav
23:23:14.661 [FXGL Background Thread 3 ] DEBUG Engine               - soundMenuPress: menu/press.wav
23:23:14.661 [FXGL Background Thread 3 ] DEBUG Engine               - soundMenuSelect: menu/select.wav
23:23:14.661 [FXGL Background Thread 3 ] DEBUG Engine               - soundNotification: core/notification.wav
23:23:14.661 [FXGL Background Thread 3 ] DEBUG Engine               - stageStyle: DECORATED
23:23:14.661 [FXGL Background Thread 3 ] DEBUG Engine               - supportedLanguages: [ENGLISH, FRENCH, GERMAN, HUNGARIAN, RUSSIAN]
23:23:14.661 [FXGL Background Thread 3 ] DEBUG Engine               - ticksPerSecond: -1
23:23:14.661 [FXGL Background Thread 3 ] DEBUG Engine               - title: Tournament Of 5 Hearts
23:23:14.661 [FXGL Background Thread 3 ] DEBUG Engine               - urlGithub: https://github.com/AlmasB/FXGL
23:23:14.661 [FXGL Background Thread 3 ] DEBUG Engine               - urlLeaderboard: http://fxgl-top.herokuapp.com/
23:23:14.661 [FXGL Background Thread 3 ] DEBUG Engine               - urlPOM: https://raw.githubusercontent.com/AlmasB/FXGL/release/README.md
23:23:14.661 [FXGL Background Thread 3 ] DEBUG Engine               - userAppClass: class com.game.App
23:23:14.661 [FXGL Background Thread 3 ] DEBUG Engine               - version: 0.1
23:23:14.661 [FXGL Background Thread 3 ] DEBUG Engine               - versionCheckDays: 7
23:23:14.661 [FXGL Background Thread 3 ] DEBUG Engine               - width: 1100
23:23:14.661 [FXGL Background Thread 3 ] DEBUG Engine               - Logging services
23:23:14.661 [FXGL Background Thread 3 ] DEBUG Engine               - class com.almasb.fxgl.app.services.FXGLAssetLoaderService
23:23:14.661 [FXGL Background Thread 3 ] DEBUG Engine               - class com.almasb.fxgl.app.FXGLApplication$GameApplicationService
23:23:14.661 [FXGL Background Thread 3 ] DEBUG Engine               - class com.almasb.fxgl.app.services.FXGLDialogService
23:23:14.661 [FXGL Background Thread 3 ] DEBUG Engine               - class com.almasb.fxgl.app.services.IOTaskExecutorService
23:23:14.661 [FXGL Background Thread 3 ] DEBUG Engine               - class com.almasb.fxgl.io.FileSystemService
23:23:14.662 [FXGL Background Thread 3 ] DEBUG Engine               - class com.almasb.fxgl.localization.LocalizationService
23:23:14.662 [FXGL Background Thread 3 ] DEBUG Engine               - class com.almasb.fxgl.app.services.SystemBundleService
23:23:14.662 [FXGL Background Thread 3 ] DEBUG Engine               - class com.almasb.fxgl.profile.SaveLoadService
23:23:14.662 [FXGL Background Thread 3 ] DEBUG Engine               - class com.almasb.fxgl.ui.FXGLUIFactoryServiceProvider
23:23:14.662 [FXGL Background Thread 3 ] DEBUG Engine               - class com.almasb.fxgl.ui.FXGLDialogFactoryServiceProvider
23:23:14.662 [FXGL Background Thread 3 ] DEBUG Engine               - class com.almasb.fxgl.audio.AudioPlayer
23:23:14.662 [FXGL Background Thread 3 ] DEBUG Engine               - class com.almasb.fxgl.notification.impl.NotificationServiceProvider
23:23:14.662 [FXGL Background Thread 3 ] DEBUG Engine               - class com.almasb.fxgl.achievement.AchievementService
23:23:14.662 [FXGL Background Thread 3 ] DEBUG Engine               - class com.almasb.fxgl.cutscene.CutsceneService
23:23:14.662 [FXGL Background Thread 3 ] DEBUG Engine               - class com.almasb.fxgl.minigames.MiniGameService
23:23:14.662 [FXGL Background Thread 3 ] DEBUG Engine               - class com.almasb.fxgl.net.NetService
23:23:14.662 [FXGL Background Thread 3 ] DEBUG Engine               - class com.almasb.fxgl.app.services.UpdaterService
23:23:14.662 [FXGL Background Thread 3 ] DEBUG Engine               - class com.almasb.fxgl.dev.DevService
23:23:15.899 [JavaFX Application Thread] DEBUG FXGLApplication      - Exiting FXGL
23:23:15.899 [JavaFX Application Thread] DEBUG LoopRunner           - Stopping loop
23:23:15.899 [JavaFX Application Thread] DEBUG SystemBundleService  - Saving FXGL system data
23:23:15.902 [JavaFX Application Thread] DEBUG FileSystemAccess     - Writing to: C:\Users\USER\Desktop\project\256702-F2-Team20-655-809\system\fxgl.bundle
23:23:15.910 [JavaFX Application Thread] DEBUG Async                - Shutting down background threads
23:23:15.910 [JavaFX Application Thread] DEBUG PrimaryStageWindow   - Closing main window
23:23:15.945 [JavaFX Application Thread] DEBUG Logger               - Closing Logger
