16:20:11.468 [main                     ] DEBUG Logger               - Configured Logger
16:20:11.488 [main                     ] DEBUG GameApplication      - Logging settings
Title: Tournament Of 5 Hearts
Version: 0.1
Width: 1100
Height: 790
Fullscreen: false
Intro: false
Profiling: false
Single step:false
App Mode: DEVELOPER
Menu Key: ESCAPE
Stage Style: DECORATED
Scene Factory: class com.almasb.fxgl.app.scene.SceneFactory

16:20:11.899 [JavaFX Application Thread] DEBUG FXGLApplication      - Initializing FXGL
16:20:11.902 [JavaFX Application Thread] INFO  Engine               - FXGL-21 (28.12.2023 13.35) on WINDOWS (J:21.0.5 FX:21)
16:20:11.902 [JavaFX Application Thread] DEBUG Engine               - JRE Vendor Name: Eclipse Adoptium
16:20:11.903 [JavaFX Application Thread] DEBUG Engine               - Running on OS: Windows 11 version 10.0
16:20:11.903 [JavaFX Application Thread] DEBUG Engine               - Architecture: amd64
16:20:11.903 [JavaFX Application Thread] INFO  Engine               - Source code and latest versions at: https://github.com/AlmasB/FXGL
16:20:11.903 [JavaFX Application Thread] INFO  Engine               -       Ask questions and discuss at: https://github.com/AlmasB/FXGL/discussions
16:20:11.903 [JavaFX Application Thread] INFO  Engine               -              Join the FXGL chat at: https://gitter.im/AlmasB/FXGL
16:20:11.977 [JavaFX Application Thread] DEBUG PrimaryStageWindow   - Creating a JavaFX scene
16:20:12.012 [JavaFX Application Thread] DEBUG PrimaryStageWindow   - Target settings size: 1100.0 x 790.0
16:20:12.012 [JavaFX Application Thread] DEBUG PrimaryStageWindow   - Scaled scene size:    1100.0 x 790.0
16:20:12.012 [JavaFX Application Thread] DEBUG PrimaryStageWindow   - Scaled ratio: (1.0, 1.0)
16:20:12.014 [JavaFX Application Thread] DEBUG PrimaryStageWindow   - Set initial scene to FXGLStartupScene
16:20:12.015 [JavaFX Application Thread] DEBUG PrimaryStageWindow   - Opening main window
16:20:12.090 [JavaFX Application Thread] DEBUG PrimaryStageWindow   - Window border size: (14.4000244140625, 38.0)
16:20:12.090 [JavaFX Application Thread] DEBUG PrimaryStageWindow   - Scaled size: 1100.0 x 790.0
16:20:12.090 [JavaFX Application Thread] DEBUG PrimaryStageWindow   - Scaled ratio: (1.0, 1.0)
16:20:12.091 [JavaFX Application Thread] DEBUG PrimaryStageWindow   - Scene size: 1100.0 x 790.0
16:20:12.091 [JavaFX Application Thread] DEBUG PrimaryStageWindow   - Stage size: 1114.4000244140625 x 828.0
16:20:12.096 [FXGL Background Thread 1 ] DEBUG Engine               - Initializing environment variables
16:20:12.141 [FXGL Background Thread 1 ] DEBUG FXGLAssetLoaderServi - User app class for loading assets: class com.game.App
16:20:12.141 [FXGL Background Thread 1 ] DEBUG GameApplicationServi - Applying CSS: fxgl_dark.css
16:20:12.142 [FXGL Background Thread 1 ] DEBUG FXGLAssetLoaderServi - Loading from file system: jar:file:/C:/Users/USER/.m2/repository/com/github/almasb/fxgl/21/fxgl-21.jar!/fxglassets/ui/css/fxgl_dark.css
16:20:12.175 [FXGL Background Thread 1 ] DEBUG GameApplicationServi - Initializing application scenes
16:20:12.216 [FXGL Background Thread 1 ] DEBUG GameWorld            - Game world initialized
16:20:12.265 [FXGL Background Thread 1 ] DEBUG PhysicsWorld         - Physics world initialized: appHeight=790, physics.ppm=50.0
16:20:12.265 [FXGL Background Thread 1 ] DEBUG PhysicsWorld         - Using strategy: BRUTE_FORCE
16:20:12.268 [FXGL Background Thread 1 ] DEBUG GameScene            - Game scene initialized: 1100x790
16:20:12.277 [FXGL Background Thread 1 ] DEBUG FXGL.DefaultMenu     - createMenuBodyGameMenu()
16:20:12.287 [FXGL Background Thread 1 ] DEBUG FXGL.DefaultMenu     - createOptionsMenu()
16:20:12.295 [FXGL Background Thread 1 ] DEBUG FXGLAssetLoaderServi - Loading from file system: jar:file:/C:/Users/USER/.m2/repository/com/github/almasb/fxgl/21/fxgl-21.jar!/fxglassets/textures/particles/smoke.png
16:20:12.377 [FXGL Background Thread 1 ] DEBUG FXGLAssetLoaderServi - Loading from file system: jar:file:/C:/Users/USER/.m2/repository/com/github/almasb/fxgl/21/fxgl-21.jar!/fxglassets/textures/particles/trace_horizontal.png
16:20:12.396 [FXGL Background Thread 1 ] DEBUG GameApplicationServi - Application scenes initialized
16:20:12.404 [FXGL Background Thread 1 ] DEBUG SystemBundleService  - Loading FXGL system data
16:20:12.411 [FXGL Background Thread 1 ] DEBUG FileSystemAccess     - Reading from: C:\Users\USER\Desktop\project\256702-F2-Team20-655-809\system\fxgl.bundle
16:20:12.417 [FXGL Background Thread 1 ] DEBUG SystemBundleService  - Bundle FXGL: {}
16:20:12.418 [FXGL Background Thread 1 ] DEBUG UpdaterService       - Checking for updates
16:20:12.420 [FXGL Background Thread 4 ] DEBUG FXGLApplication      - Loading fonts
16:20:12.420 [FXGL Background Thread 4 ] DEBUG FXGLAssetLoaderServi - Loading from file system: jar:file:/C:/Users/USER/.m2/repository/com/github/almasb/fxgl/21/fxgl-21.jar!/fxglassets/ui/fonts/VarelaRound-Regular.ttf
16:20:12.420 [FXGL Background Thread 1 ] DEBUG FXGLApplication      - Loading default localization
16:20:12.421 [FXGL Background Thread 1 ] DEBUG FXGLAssetLoaderServi - Loading from file system: jar:file:/C:/Users/USER/.m2/repository/com/github/almasb/fxgl/21/fxgl-21.jar!/fxglassets/languages/english.lang
16:20:12.445 [FXGL Background Thread 1 ] INFO  FXGLApplication      - FXGL initialization took: 0.350 sec
16:20:12.446 [JavaFX Application Thread] DEBUG FXGLAssetLoaderServi - Loading from file system: jar:file:/C:/Users/USER/.m2/repository/com/github/almasb/fxgl/21/fxgl-21.jar!/fxglassets/textures/fxgl_icon.png
16:20:12.459 [JavaFX Application Thread] DEBUG FXGLAssetLoaderServi - Loading from file system: jar:file:/C:/Users/USER/.m2/repository/com/github/almasb/fxgl/21/fxgl-21.jar!/fxglassets/textures/fxgl_default_cursor.png
16:20:12.467 [FXGL Background Thread 4 ] DEBUG FXGLAssetLoaderServi - Loading from file system: jar:file:/C:/Users/USER/.m2/repository/com/github/almasb/fxgl/21/fxgl-21.jar!/fxglassets/ui/fonts/Abel-Regular.ttf
16:20:12.469 [JavaFX Application Thread] DEBUG Input                - Registered new binding: Screenshot - CTRL+8
16:20:12.469 [JavaFX Application Thread] DEBUG Input                - Registered new binding: System info dump - CTRL+9
16:20:12.469 [JavaFX Application Thread] DEBUG Input                - Registered new binding: Restart - CTRL+R
16:20:12.470 [FXGL Background Thread 4 ] DEBUG FXGLAssetLoaderServi - Loading from file system: jar:file:/C:/Users/USER/.m2/repository/com/github/almasb/fxgl/21/fxgl-21.jar!/fxglassets/ui/fonts/TerminalLandMono-Regular.otf
16:20:12.470 [JavaFX Application Thread] DEBUG Input                - Registered new binding: Toggle Debug Camera - CTRL+7
16:20:12.473 [FXGL Background Thread 4 ] DEBUG FXGLAssetLoaderServi - Loading from file system: jar:file:/C:/Users/USER/.m2/repository/com/github/almasb/fxgl/21/fxgl-21.jar!/fxglassets/ui/fonts/Courier-Prime.ttf
16:20:12.473 [JavaFX Application Thread] DEBUG LoopRunner           - Starting loop
16:20:12.473 [JavaFX Application Thread] DEBUG LoopRunner           - Initializing JavaFX AnimationTimerLoop
16:20:12.477 [JavaFX Application Thread] DEBUG GameApplicationServi - Starting new game
16:20:12.477 [JavaFX Application Thread] DEBUG Input                - Clearing active input actions
16:20:12.489 [JavaFX Application Thread] DEBUG GameApplicationServi - Removing overlay from FXGLStartupScene and adding to FXGLLoadingScene
16:20:12.490 [JavaFX Application Thread] DEBUG PrimaryStageWindow   - FXGLStartupScene -> FXGLLoadingScene
16:20:12.490 [JavaFX Application Thread] DEBUG GameApplicationServi - Clearing previous game
16:20:12.490 [JavaFX Application Thread] DEBUG GameScene            - Clearing game scene
16:20:12.490 [JavaFX Application Thread] DEBUG GameWorld            - Clearing game world
16:20:12.490 [JavaFX Application Thread] DEBUG PhysicsWorld         - Clearing physics world
16:20:12.492 [FXGL Background Thread 4 ] DEBUG FXGLApplication      - Initializing game
16:20:12.494 [JavaFX Application Thread] DEBUG FXGLApplication      - Registering font factories with UI factory
16:20:12.539 [JavaFX Application Thread] DEBUG LoopRunner           - Stopping loop
16:20:12.541 [JavaFX Application Thread] FATAL FXGLApplication      - Uncaught Exception:
java.lang.RuntimeException: Initialization failed
	at com.almasb.fxgl.app.FXGLApplication$InitAppTask.failed(FXGLApplication.kt:343)
	at javafx.concurrent.Task.setState(Task.java:710)
	at javafx.concurrent.Task$TaskCallable.lambda$call$2(Task.java:1429)
	at com.sun.javafx.application.PlatformImpl.lambda$runLater$10(PlatformImpl.java:456)
	at java.base/java.security.AccessController.doPrivileged(AccessController.java:400)
	at com.sun.javafx.application.PlatformImpl.lambda$runLater$11(PlatformImpl.java:455)
	at com.sun.glass.ui.InvokeLaterDispatcher$Future.run(InvokeLaterDispatcher.java:95)
	at com.sun.glass.ui.win.WinApplication._runLoop(Native Method)
	at com.sun.glass.ui.win.WinApplication.lambda$runLoop$3(WinApplication.java:185)
	at java.base/java.lang.Thread.run(Thread.java:1583)
Caused by: java.lang.Error: Unresolved compilation problems: 
	Cannot instantiate the type Image
	The constructor BackgroundImage(Image, BackgroundRepeat, BackgroundRepeat, BackgroundPosition, BackgroundSize) is undefined
	The method gameScene() is undefined for the type App

	at com.game.App.Main(App.java:43)
	at com.game.App.initGame(App.java:34)
	at com.almasb.fxgl.app.FXGLApplication$InitAppTask.initGame(FXGLApplication.kt:339)
	at com.almasb.fxgl.app.FXGLApplication$InitAppTask.call(FXGLApplication.kt:319)
	at com.almasb.fxgl.app.FXGLApplication$InitAppTask.call(FXGLApplication.kt:311)
	at javafx.concurrent.Task$TaskCallable.call(Task.java:1399)
	at java.base/java.util.concurrent.FutureTask.run(FutureTask.java:317)
	at java.base/java.util.concurrent.Executors$RunnableAdapter.call(Executors.java:572)
	at java.base/java.util.concurrent.FutureTask.run(FutureTask.java:317)
	at java.base/java.util.concurrent.ThreadPoolExecutor.runWorker(ThreadPoolExecutor.java:1144)
	at java.base/java.util.concurrent.ThreadPoolExecutor$Worker.run(ThreadPoolExecutor.java:642)
	... 1 more

16:20:12.543 [JavaFX Application Thread] FATAL FXGLApplication      - Application will now exit
16:20:12.564 [JavaFX Application Thread] DEBUG PrimaryStageWindow   - Push state: ErrorSubScene
16:20:12.565 [JavaFX Application Thread] DEBUG Input                - Clearing active input actions
16:20:12.573 [JavaFX Application Thread] DEBUG GameApplicationServi - Removing overlay from FXGLLoadingScene and adding to ErrorSubScene
16:20:12.573 [JavaFX Application Thread] DEBUG PrimaryStageWindow   - FXGLLoadingScene -> ErrorSubScene
16:20:12.798 [FXGL Background Thread 2 ] INFO  UpdaterService       - Your current version:  21
16:20:12.798 [FXGL Background Thread 2 ] INFO  UpdaterService       - Latest stable version: 21.1
16:20:14.365 [JavaFX Application Thread] DEBUG FXGLApplication      - Exiting FXGL
16:20:14.365 [JavaFX Application Thread] DEBUG Async                - Shutting down background threads
16:20:14.365 [JavaFX Application Thread] DEBUG PrimaryStageWindow   - Closing main window
16:20:14.385 [JavaFX Application Thread] DEBUG Logger               - Closing Logger
