16:36:34.800 [main                     ] DEBUG Logger               - Configured Logger
16:36:34.831 [main                     ] DEBUG GameApplication      - Logging settings
Title: Tournament Of 5 Hearts
Version: 0.1
Width: 1100
Height: 790
Fullscreen: false
Intro: false
Profiling: false
Single step:false
App Mode: DEVELOPER
Menu Key: ESCAPE
Stage Style: DECORATED
Scene Factory: class com.almasb.fxgl.app.scene.SceneFactory

16:36:35.202 [JavaFX Application Thread] DEBUG FXGLApplication      - Initializing FXGL
16:36:35.204 [JavaFX Application Thread] INFO  Engine               - FXGL-21 (28.12.2023 13.35) on WINDOWS (J:21.0.5 FX:21)
16:36:35.204 [JavaFX Application Thread] DEBUG Engine               - JRE Vendor Name: Eclipse Adoptium
16:36:35.204 [JavaFX Application Thread] DEBUG Engine               - Running on OS: Windows 11 version 10.0
16:36:35.205 [JavaFX Application Thread] DEBUG Engine               - Architecture: amd64
16:36:35.205 [JavaFX Application Thread] INFO  Engine               - Source code and latest versions at: https://github.com/AlmasB/FXGL
16:36:35.205 [JavaFX Application Thread] INFO  Engine               -       Ask questions and discuss at: https://github.com/AlmasB/FXGL/discussions
16:36:35.205 [JavaFX Application Thread] INFO  Engine               -              Join the FXGL chat at: https://gitter.im/AlmasB/FXGL
16:36:35.273 [JavaFX Application Thread] DEBUG PrimaryStageWindow   - Creating a JavaFX scene
16:36:35.308 [JavaFX Application Thread] DEBUG PrimaryStageWindow   - Target settings size: 1100.0 x 790.0
16:36:35.308 [JavaFX Application Thread] DEBUG PrimaryStageWindow   - Scaled scene size:    1100.0 x 790.0
16:36:35.308 [JavaFX Application Thread] DEBUG PrimaryStageWindow   - Scaled ratio: (1.0, 1.0)
16:36:35.310 [JavaFX Application Thread] DEBUG PrimaryStageWindow   - Set initial scene to FXGLStartupScene
16:36:35.312 [JavaFX Application Thread] DEBUG PrimaryStageWindow   - Opening main window
16:36:35.385 [JavaFX Application Thread] DEBUG PrimaryStageWindow   - Window border size: (14.4000244140625, 38.0)
16:36:35.386 [JavaFX Application Thread] DEBUG PrimaryStageWindow   - Scaled size: 1100.0 x 790.0
16:36:35.386 [JavaFX Application Thread] DEBUG PrimaryStageWindow   - Scaled ratio: (1.0, 1.0)
16:36:35.386 [JavaFX Application Thread] DEBUG PrimaryStageWindow   - Scene size: 1100.0 x 790.0
16:36:35.387 [JavaFX Application Thread] DEBUG PrimaryStageWindow   - Stage size: 1114.4000244140625 x 828.0
16:36:35.393 [FXGL Background Thread 1 ] DEBUG Engine               - Initializing environment variables
16:36:35.437 [FXGL Background Thread 1 ] DEBUG FXGLAssetLoaderServi - User app class for loading assets: class com.game.App
16:36:35.438 [FXGL Background Thread 1 ] DEBUG GameApplicationServi - Applying CSS: fxgl_dark.css
16:36:35.438 [FXGL Background Thread 1 ] DEBUG FXGLAssetLoaderServi - Loading from file system: jar:file:/C:/Users/USER/.m2/repository/com/github/almasb/fxgl/21/fxgl-21.jar!/fxglassets/ui/css/fxgl_dark.css
16:36:35.464 [FXGL Background Thread 1 ] DEBUG GameApplicationServi - Initializing application scenes
16:36:35.502 [FXGL Background Thread 1 ] DEBUG GameWorld            - Game world initialized
16:36:35.558 [FXGL Background Thread 1 ] DEBUG PhysicsWorld         - Physics world initialized: appHeight=790, physics.ppm=50.0
16:36:35.559 [FXGL Background Thread 1 ] DEBUG PhysicsWorld         - Using strategy: BRUTE_FORCE
16:36:35.562 [FXGL Background Thread 1 ] DEBUG GameScene            - Game scene initialized: 1100x790
16:36:35.571 [FXGL Background Thread 1 ] DEBUG FXGL.DefaultMenu     - createMenuBodyGameMenu()
16:36:35.582 [FXGL Background Thread 1 ] DEBUG FXGL.DefaultMenu     - createOptionsMenu()
16:36:35.589 [FXGL Background Thread 1 ] DEBUG FXGLAssetLoaderServi - Loading from file system: jar:file:/C:/Users/USER/.m2/repository/com/github/almasb/fxgl/21/fxgl-21.jar!/fxglassets/textures/particles/smoke.png
16:36:35.682 [FXGL Background Thread 1 ] DEBUG FXGLAssetLoaderServi - Loading from file system: jar:file:/C:/Users/USER/.m2/repository/com/github/almasb/fxgl/21/fxgl-21.jar!/fxglassets/textures/particles/trace_horizontal.png
16:36:35.704 [FXGL Background Thread 1 ] DEBUG GameApplicationServi - Application scenes initialized
16:36:35.713 [FXGL Background Thread 1 ] DEBUG SystemBundleService  - Loading FXGL system data
16:36:35.716 [FXGL Background Thread 1 ] DEBUG FileSystemAccess     - Reading from: C:\Users\USER\Desktop\project\256702-F2-Team20-655-809\system\fxgl.bundle
16:36:35.722 [FXGL Background Thread 1 ] DEBUG SystemBundleService  - Bundle FXGL: {}
16:36:35.722 [FXGL Background Thread 1 ] DEBUG UpdaterService       - Checking for updates
16:36:35.725 [FXGL Background Thread 4 ] DEBUG FXGLApplication      - Loading fonts
16:36:35.725 [FXGL Background Thread 4 ] DEBUG FXGLAssetLoaderServi - Loading from file system: jar:file:/C:/Users/USER/.m2/repository/com/github/almasb/fxgl/21/fxgl-21.jar!/fxglassets/ui/fonts/VarelaRound-Regular.ttf
16:36:35.725 [FXGL Background Thread 1 ] DEBUG FXGLApplication      - Loading default localization
16:36:35.726 [FXGL Background Thread 1 ] DEBUG FXGLAssetLoaderServi - Loading from file system: jar:file:/C:/Users/USER/.m2/repository/com/github/almasb/fxgl/21/fxgl-21.jar!/fxglassets/languages/english.lang
16:36:35.757 [FXGL Background Thread 4 ] DEBUG FXGLAssetLoaderServi - Loading from file system: jar:file:/C:/Users/USER/.m2/repository/com/github/almasb/fxgl/21/fxgl-21.jar!/fxglassets/ui/fonts/Abel-Regular.ttf
16:36:35.759 [FXGL Background Thread 1 ] INFO  FXGLApplication      - FXGL initialization took: 0.365 sec
16:36:35.761 [JavaFX Application Thread] DEBUG FXGLAssetLoaderServi - Loading from file system: jar:file:/C:/Users/USER/.m2/repository/com/github/almasb/fxgl/21/fxgl-21.jar!/fxglassets/textures/fxgl_icon.png
16:36:35.761 [FXGL Background Thread 4 ] DEBUG FXGLAssetLoaderServi - Loading from file system: jar:file:/C:/Users/USER/.m2/repository/com/github/almasb/fxgl/21/fxgl-21.jar!/fxglassets/ui/fonts/TerminalLandMono-Regular.otf
16:36:35.764 [FXGL Background Thread 4 ] DEBUG FXGLAssetLoaderServi - Loading from file system: jar:file:/C:/Users/USER/.m2/repository/com/github/almasb/fxgl/21/fxgl-21.jar!/fxglassets/ui/fonts/Courier-Prime.ttf
16:36:35.774 [JavaFX Application Thread] DEBUG FXGLAssetLoaderServi - Loading from file system: jar:file:/C:/Users/USER/.m2/repository/com/github/almasb/fxgl/21/fxgl-21.jar!/fxglassets/textures/fxgl_default_cursor.png
16:36:35.784 [JavaFX Application Thread] DEBUG Input                - Registered new binding: Screenshot - CTRL+8
16:36:35.785 [JavaFX Application Thread] DEBUG Input                - Registered new binding: System info dump - CTRL+9
16:36:35.785 [JavaFX Application Thread] DEBUG Input                - Registered new binding: Restart - CTRL+R
16:36:35.786 [JavaFX Application Thread] DEBUG Input                - Registered new binding: Toggle Debug Camera - CTRL+7
16:36:35.789 [JavaFX Application Thread] DEBUG LoopRunner           - Starting loop
16:36:35.789 [JavaFX Application Thread] DEBUG LoopRunner           - Initializing JavaFX AnimationTimerLoop
16:36:35.789 [JavaFX Application Thread] DEBUG GameApplicationServi - Starting new game
16:36:35.790 [JavaFX Application Thread] DEBUG Input                - Clearing active input actions
16:36:35.800 [JavaFX Application Thread] DEBUG GameApplicationServi - Removing overlay from FXGLStartupScene and adding to FXGLLoadingScene
16:36:35.800 [JavaFX Application Thread] DEBUG PrimaryStageWindow   - FXGLStartupScene -> FXGLLoadingScene
16:36:35.800 [JavaFX Application Thread] DEBUG GameApplicationServi - Clearing previous game
16:36:35.800 [JavaFX Application Thread] DEBUG GameScene            - Clearing game scene
16:36:35.800 [JavaFX Application Thread] DEBUG GameWorld            - Clearing game world
16:36:35.800 [JavaFX Application Thread] DEBUG PhysicsWorld         - Clearing physics world
16:36:35.802 [FXGL Background Thread 4 ] DEBUG FXGLApplication      - Initializing game
16:36:35.802 [JavaFX Application Thread] DEBUG FXGLApplication      - Registering font factories with UI factory
16:36:35.805 [FXGL Background Thread 4 ] DEBUG FXGLAssetLoaderServi - Loading from file system: file:/C:/Users/USER/Desktop/project/256702-F2-Team20-655-809/to5/target/classes/assets/textures/3.jpg
16:36:36.105 [FXGL Background Thread 4 ] INFO  FXGLApplication      - Game initialization took: 0.303 sec
16:36:36.106 [JavaFX Application Thread] DEBUG Input                - Clearing active input actions
16:36:36.122 [JavaFX Application Thread] DEBUG GameApplicationServi - Removing overlay from FXGLLoadingScene and adding to GameScene
16:36:36.123 [JavaFX Application Thread] DEBUG PrimaryStageWindow   - FXGLLoadingScene -> GameScene
16:36:36.454 [FXGL Background Thread 2 ] INFO  UpdaterService       - Your current version:  21
16:36:36.455 [FXGL Background Thread 2 ] INFO  UpdaterService       - Latest stable version: 21.1
16:36:38.725 [FXGL Background Thread 3 ] DEBUG Engine               - Logging environment variables
16:36:38.729 [FXGL Background Thread 3 ] DEBUG Engine               - achievements: []
16:36:38.729 [FXGL Background Thread 3 ] DEBUG Engine               - actualHeight: 790.0
16:36:38.730 [FXGL Background Thread 3 ] DEBUG Engine               - actualHeightProperty: ReadOnlyDoubleProperty [value: 790.0]
16:36:38.731 [FXGL Background Thread 3 ] DEBUG Engine               - actualWidth: 1100.0
16:36:38.731 [FXGL Background Thread 3 ] DEBUG Engine               - actualWidthProperty: ReadOnlyDoubleProperty [value: 1100.0]
16:36:38.731 [FXGL Background Thread 3 ] DEBUG Engine               - appIcon: fxgl_icon.png
16:36:38.731 [FXGL Background Thread 3 ] DEBUG Engine               - applicationMode: DEVELOPER
16:36:38.732 [FXGL Background Thread 3 ] DEBUG Engine               - cSSList: [fxgl_dark.css]
16:36:38.732 [FXGL Background Thread 3 ] DEBUG Engine               - collisionDetectionStrategy: BRUTE_FORCE
16:36:38.733 [FXGL Background Thread 3 ] DEBUG Engine               - configClass: Optional.empty
16:36:38.733 [FXGL Background Thread 3 ] DEBUG Engine               - credits: []
16:36:38.734 [FXGL Background Thread 3 ] DEBUG Engine               - defaultCursor: CursorInfo(imageName=fxgl_default_cursor.png, hotspotX=7.0, hotspotY=6.0)
16:36:38.736 [FXGL Background Thread 3 ] DEBUG Engine               - devBBoxColorProperty: ObjectProperty [value: 0xff0000ff]
16:36:38.736 [FXGL Background Thread 3 ] DEBUG Engine               - devEnableDebugCameraProperty: BooleanProperty [value: false]
16:36:38.737 [FXGL Background Thread 3 ] DEBUG Engine               - devSensorColorProperty: ObjectProperty [value: 0xffff00ff]
16:36:38.737 [FXGL Background Thread 3 ] DEBUG Engine               - devShowBBoxProperty: BooleanProperty [value: false]
16:36:38.737 [FXGL Background Thread 3 ] DEBUG Engine               - devShowPositionProperty: BooleanProperty [value: false]
16:36:38.737 [FXGL Background Thread 3 ] DEBUG Engine               - enabledMenuItems: []
16:36:38.737 [FXGL Background Thread 3 ] DEBUG Engine               - engineServices: [class com.almasb.fxgl.app.services.FXGLAssetLoaderService, class com.almasb.fxgl.app.FXGLApplication$GameApplicationService, class com.almasb.fxgl.app.services.FXGLDialogService, class com.almasb.fxgl.app.services.IOTaskExecutorService, class com.almasb.fxgl.io.FileSystemService, class com.almasb.fxgl.localization.LocalizationService, class com.almasb.fxgl.app.services.SystemBundleService, class com.almasb.fxgl.profile.SaveLoadService, class com.almasb.fxgl.ui.FXGLUIFactoryServiceProvider, class com.almasb.fxgl.ui.FXGLDialogFactoryServiceProvider, class com.almasb.fxgl.audio.AudioPlayer, class com.almasb.fxgl.notification.impl.NotificationServiceProvider, class com.almasb.fxgl.achievement.AchievementService, class com.almasb.fxgl.cutscene.CutsceneService, class com.almasb.fxgl.minigames.MiniGameService, class com.almasb.fxgl.net.NetService, class com.almasb.fxgl.app.services.UpdaterService, class com.almasb.fxgl.dev.DevService]
16:36:38.737 [FXGL Background Thread 3 ] DEBUG Engine               - fontGame: Abel-Regular.ttf
16:36:38.737 [FXGL Background Thread 3 ] DEBUG Engine               - fontMono: TerminalLandMono-Regular.otf
16:36:38.739 [FXGL Background Thread 3 ] DEBUG Engine               - fontSizeScaleUI: 1.0
16:36:38.739 [FXGL Background Thread 3 ] DEBUG Engine               - fontText: Courier-Prime.ttf
16:36:38.739 [FXGL Background Thread 3 ] DEBUG Engine               - fontUI: VarelaRound-Regular.ttf
16:36:38.740 [FXGL Background Thread 3 ] DEBUG Engine               - fullScreen: BooleanProperty [value: false]
16:36:38.741 [FXGL Background Thread 3 ] DEBUG Engine               - gameDifficulty: MEDIUM
16:36:38.742 [FXGL Background Thread 3 ] DEBUG Engine               - gameDifficultyProperty: ObjectProperty [value: MEDIUM]
16:36:38.742 [FXGL Background Thread 3 ] DEBUG Engine               - globalMusicVolume: 0.5
16:36:38.742 [FXGL Background Thread 3 ] DEBUG Engine               - globalMusicVolumeProperty: DoubleProperty [value: 0.5]
16:36:38.743 [FXGL Background Thread 3 ] DEBUG Engine               - globalSoundVolume: 0.5
16:36:38.743 [FXGL Background Thread 3 ] DEBUG Engine               - globalSoundVolumeProperty: DoubleProperty [value: 0.5]
16:36:38.743 [FXGL Background Thread 3 ] DEBUG Engine               - height: 790
16:36:38.743 [FXGL Background Thread 3 ] DEBUG Engine               - is3D: false
16:36:38.743 [FXGL Background Thread 3 ] DEBUG Engine               - isAndroid: false
16:36:38.744 [FXGL Background Thread 3 ] DEBUG Engine               - isBrowser: false
16:36:38.744 [FXGL Background Thread 3 ] DEBUG Engine               - isClickFeedbackEnabled: false
16:36:38.744 [FXGL Background Thread 3 ] DEBUG Engine               - isCloseConfirmation: false
16:36:38.744 [FXGL Background Thread 3 ] DEBUG Engine               - isDesktop: true
16:36:38.744 [FXGL Background Thread 3 ] DEBUG Engine               - isDeveloperMenuEnabled: false
16:36:38.744 [FXGL Background Thread 3 ] DEBUG Engine               - isEmbedded: false
16:36:38.745 [FXGL Background Thread 3 ] DEBUG Engine               - isEntityPreloadEnabled: true
16:36:38.745 [FXGL Background Thread 3 ] DEBUG Engine               - isExperimentalTiledLargeMap: false
16:36:38.745 [FXGL Background Thread 3 ] DEBUG Engine               - isFileSystemWriteAllowed: true
16:36:38.745 [FXGL Background Thread 3 ] DEBUG Engine               - isFullScreenAllowed: false
16:36:38.745 [FXGL Background Thread 3 ] DEBUG Engine               - isFullScreenFromStart: false
16:36:38.745 [FXGL Background Thread 3 ] DEBUG Engine               - isGameMenuEnabled: true
16:36:38.746 [FXGL Background Thread 3 ] DEBUG Engine               - isIOS: false
16:36:38.746 [FXGL Background Thread 3 ] DEBUG Engine               - isIntroEnabled: false
16:36:38.746 [FXGL Background Thread 3 ] DEBUG Engine               - isLinux: false
16:36:38.746 [FXGL Background Thread 3 ] DEBUG Engine               - isMac: false
16:36:38.746 [FXGL Background Thread 3 ] DEBUG Engine               - isMainMenuEnabled: false
16:36:38.746 [FXGL Background Thread 3 ] DEBUG Engine               - isManualResizeEnabled: false
16:36:38.746 [FXGL Background Thread 3 ] DEBUG Engine               - isMobile: false
16:36:38.746 [FXGL Background Thread 3 ] DEBUG Engine               - isNative: false
16:36:38.747 [FXGL Background Thread 3 ] DEBUG Engine               - isPauseMusicWhenMinimized: true
16:36:38.747 [FXGL Background Thread 3 ] DEBUG Engine               - isPreserveResizeRatio: false
16:36:38.747 [FXGL Background Thread 3 ] DEBUG Engine               - isProfilingEnabled: false
16:36:38.747 [FXGL Background Thread 3 ] DEBUG Engine               - isScaleAffectedOnResize: true
16:36:38.747 [FXGL Background Thread 3 ] DEBUG Engine               - isSingleStep: false
16:36:38.747 [FXGL Background Thread 3 ] DEBUG Engine               - isUserProfileEnabled: false
16:36:38.747 [FXGL Background Thread 3 ] DEBUG Engine               - isWindows: true
16:36:38.747 [FXGL Background Thread 3 ] DEBUG Engine               - language: ObjectProperty [value: ENGLISH]
16:36:38.747 [FXGL Background Thread 3 ] DEBUG Engine               - menuKey: ESCAPE
16:36:38.747 [FXGL Background Thread 3 ] DEBUG Engine               - mouseSensitivity: 0.2
16:36:38.747 [FXGL Background Thread 3 ] DEBUG Engine               - notificationViewClass: class com.almasb.fxgl.notification.view.XboxNotificationView
16:36:38.747 [FXGL Background Thread 3 ] DEBUG Engine               - pixelsPerMeter: 50.0
16:36:38.747 [FXGL Background Thread 3 ] DEBUG Engine               - platform: WINDOWS
16:36:38.747 [FXGL Background Thread 3 ] DEBUG Engine               - prefHeightProperty: ReadOnlyDoubleProperty [value: 790.0]
16:36:38.747 [FXGL Background Thread 3 ] DEBUG Engine               - prefWidthProperty: ReadOnlyDoubleProperty [value: 1100.0]
16:36:38.747 [FXGL Background Thread 3 ] DEBUG Engine               - profileDir: profiles/
16:36:38.748 [FXGL Background Thread 3 ] DEBUG Engine               - profileName: StringProperty [value: DEFAULT]
16:36:38.748 [FXGL Background Thread 3 ] DEBUG Engine               - randomSeed: -1
16:36:38.749 [FXGL Background Thread 3 ] DEBUG Engine               - runtimeInfo: RuntimeInfo(platform=WINDOWS, version=21, build=28.12.2023 13.35)
16:36:38.749 [FXGL Background Thread 3 ] DEBUG Engine               - saveFileExt: sav
16:36:38.749 [FXGL Background Thread 3 ] DEBUG Engine               - scaledHeightProp$fxgl: DoubleProperty [bound, value: 790.0]
16:36:38.750 [FXGL Background Thread 3 ] DEBUG Engine               - scaledWidthProp$fxgl: DoubleProperty [bound, value: 1100.0]
16:36:38.750 [FXGL Background Thread 3 ] DEBUG Engine               - sceneFactory: com.almasb.fxgl.app.scene.SceneFactory@5111a6c0
16:36:38.750 [FXGL Background Thread 3 ] DEBUG Engine               - secondsIn24h: 60
16:36:38.751 [FXGL Background Thread 3 ] DEBUG Engine               - soundMenuBack: menu/back.wav
16:36:38.751 [FXGL Background Thread 3 ] DEBUG Engine               - soundMenuPress: menu/press.wav
16:36:38.752 [FXGL Background Thread 3 ] DEBUG Engine               - soundMenuSelect: menu/select.wav
16:36:38.753 [FXGL Background Thread 3 ] DEBUG Engine               - soundNotification: core/notification.wav
16:36:38.753 [FXGL Background Thread 3 ] DEBUG Engine               - stageStyle: DECORATED
16:36:38.753 [FXGL Background Thread 3 ] DEBUG Engine               - supportedLanguages: [ENGLISH, FRENCH, GERMAN, HUNGARIAN, RUSSIAN]
16:36:38.753 [FXGL Background Thread 3 ] DEBUG Engine               - ticksPerSecond: -1
16:36:38.753 [FXGL Background Thread 3 ] DEBUG Engine               - title: Tournament Of 5 Hearts
16:36:38.754 [FXGL Background Thread 3 ] DEBUG Engine               - urlGithub: https://github.com/AlmasB/FXGL
16:36:38.754 [FXGL Background Thread 3 ] DEBUG Engine               - urlLeaderboard: http://fxgl-top.herokuapp.com/
16:36:38.754 [FXGL Background Thread 3 ] DEBUG Engine               - urlPOM: https://raw.githubusercontent.com/AlmasB/FXGL/release/README.md
16:36:38.754 [FXGL Background Thread 3 ] DEBUG Engine               - userAppClass: class com.game.App
16:36:38.754 [FXGL Background Thread 3 ] DEBUG Engine               - version: 0.1
16:36:38.754 [FXGL Background Thread 3 ] DEBUG Engine               - versionCheckDays: 7
16:36:38.755 [FXGL Background Thread 3 ] DEBUG Engine               - width: 1100
16:36:38.755 [FXGL Background Thread 3 ] DEBUG Engine               - Logging services
16:36:38.755 [FXGL Background Thread 3 ] DEBUG Engine               - class com.almasb.fxgl.app.services.FXGLAssetLoaderService
16:36:38.755 [FXGL Background Thread 3 ] DEBUG Engine               - class com.almasb.fxgl.app.FXGLApplication$GameApplicationService
16:36:38.755 [FXGL Background Thread 3 ] DEBUG Engine               - class com.almasb.fxgl.app.services.FXGLDialogService
16:36:38.755 [FXGL Background Thread 3 ] DEBUG Engine               - class com.almasb.fxgl.app.services.IOTaskExecutorService
16:36:38.755 [FXGL Background Thread 3 ] DEBUG Engine               - class com.almasb.fxgl.io.FileSystemService
16:36:38.755 [FXGL Background Thread 3 ] DEBUG Engine               - class com.almasb.fxgl.localization.LocalizationService
16:36:38.755 [FXGL Background Thread 3 ] DEBUG Engine               - class com.almasb.fxgl.app.services.SystemBundleService
16:36:38.755 [FXGL Background Thread 3 ] DEBUG Engine               - class com.almasb.fxgl.profile.SaveLoadService
16:36:38.755 [FXGL Background Thread 3 ] DEBUG Engine               - class com.almasb.fxgl.ui.FXGLUIFactoryServiceProvider
16:36:38.755 [FXGL Background Thread 3 ] DEBUG Engine               - class com.almasb.fxgl.ui.FXGLDialogFactoryServiceProvider
16:36:38.755 [FXGL Background Thread 3 ] DEBUG Engine               - class com.almasb.fxgl.audio.AudioPlayer
16:36:38.755 [FXGL Background Thread 3 ] DEBUG Engine               - class com.almasb.fxgl.notification.impl.NotificationServiceProvider
16:36:38.756 [FXGL Background Thread 3 ] DEBUG Engine               - class com.almasb.fxgl.achievement.AchievementService
16:36:38.756 [FXGL Background Thread 3 ] DEBUG Engine               - class com.almasb.fxgl.cutscene.CutsceneService
16:36:38.756 [FXGL Background Thread 3 ] DEBUG Engine               - class com.almasb.fxgl.minigames.MiniGameService
16:36:38.756 [FXGL Background Thread 3 ] DEBUG Engine               - class com.almasb.fxgl.net.NetService
16:36:38.756 [FXGL Background Thread 3 ] DEBUG Engine               - class com.almasb.fxgl.app.services.UpdaterService
16:36:38.756 [FXGL Background Thread 3 ] DEBUG Engine               - class com.almasb.fxgl.dev.DevService
16:36:46.102 [JavaFX Application Thread] DEBUG FXGLApplication      - Exiting FXGL
16:36:46.102 [JavaFX Application Thread] DEBUG LoopRunner           - Stopping loop
16:36:46.102 [JavaFX Application Thread] DEBUG SystemBundleService  - Saving FXGL system data
16:36:46.104 [JavaFX Application Thread] DEBUG FileSystemAccess     - Writing to: C:\Users\USER\Desktop\project\256702-F2-Team20-655-809\system\fxgl.bundle
16:36:46.107 [JavaFX Application Thread] DEBUG Async                - Shutting down background threads
16:36:46.107 [JavaFX Application Thread] DEBUG PrimaryStageWindow   - Closing main window
16:36:46.133 [JavaFX Application Thread] DEBUG Logger               - Closing Logger
