16:33:33.376 [main                     ] DEBUG Logger               - Configured Logger
16:33:33.395 [main                     ] DEBUG GameApplication      - Logging settings
Title: Tournament Of 5 Hearts
Version: 0.1
Width: 1100
Height: 790
Fullscreen: false
Intro: false
Profiling: false
Single step:false
App Mode: DEVELOPER
Menu Key: ESCAPE
Stage Style: DECORATED
Scene Factory: class com.almasb.fxgl.app.scene.SceneFactory

16:33:33.772 [JavaFX Application Thread] DEBUG FXGLApplication      - Initializing FXGL
16:33:33.775 [JavaFX Application Thread] INFO  Engine               - FXGL-21 (28.12.2023 13.35) on WINDOWS (J:21.0.5 FX:21)
16:33:33.775 [JavaFX Application Thread] DEBUG Engine               - JRE Vendor Name: Eclipse Adoptium
16:33:33.775 [JavaFX Application Thread] DEBUG Engine               - Running on OS: Windows 11 version 10.0
16:33:33.775 [JavaFX Application Thread] DEBUG Engine               - Architecture: amd64
16:33:33.775 [JavaFX Application Thread] INFO  Engine               - Source code and latest versions at: https://github.com/AlmasB/FXGL
16:33:33.775 [JavaFX Application Thread] INFO  Engine               -       Ask questions and discuss at: https://github.com/AlmasB/FXGL/discussions
16:33:33.775 [JavaFX Application Thread] INFO  Engine               -              Join the FXGL chat at: https://gitter.im/AlmasB/FXGL
16:33:33.853 [JavaFX Application Thread] DEBUG PrimaryStageWindow   - Creating a JavaFX scene
16:33:33.885 [JavaFX Application Thread] DEBUG PrimaryStageWindow   - Target settings size: 1100.0 x 790.0
16:33:33.886 [JavaFX Application Thread] DEBUG PrimaryStageWindow   - Scaled scene size:    1100.0 x 790.0
16:33:33.886 [JavaFX Application Thread] DEBUG PrimaryStageWindow   - Scaled ratio: (1.0, 1.0)
16:33:33.887 [JavaFX Application Thread] DEBUG PrimaryStageWindow   - Set initial scene to FXGLStartupScene
16:33:33.889 [JavaFX Application Thread] DEBUG PrimaryStageWindow   - Opening main window
16:33:33.968 [JavaFX Application Thread] DEBUG PrimaryStageWindow   - Window border size: (14.4000244140625, 38.0)
16:33:33.968 [JavaFX Application Thread] DEBUG PrimaryStageWindow   - Scaled size: 1100.0 x 790.0
16:33:33.969 [JavaFX Application Thread] DEBUG PrimaryStageWindow   - Scaled ratio: (1.0, 1.0)
16:33:33.969 [JavaFX Application Thread] DEBUG PrimaryStageWindow   - Scene size: 1100.0 x 790.0
16:33:33.969 [JavaFX Application Thread] DEBUG PrimaryStageWindow   - Stage size: 1114.4000244140625 x 828.0
16:33:33.978 [FXGL Background Thread 1 ] DEBUG Engine               - Initializing environment variables
16:33:34.020 [FXGL Background Thread 1 ] DEBUG FXGLAssetLoaderServi - User app class for loading assets: class com.game.App
16:33:34.020 [FXGL Background Thread 1 ] DEBUG GameApplicationServi - Applying CSS: fxgl_dark.css
16:33:34.021 [FXGL Background Thread 1 ] DEBUG FXGLAssetLoaderServi - Loading from file system: jar:file:/C:/Users/USER/.m2/repository/com/github/almasb/fxgl/21/fxgl-21.jar!/fxglassets/ui/css/fxgl_dark.css
16:33:34.049 [FXGL Background Thread 1 ] DEBUG GameApplicationServi - Initializing application scenes
16:33:34.089 [FXGL Background Thread 1 ] DEBUG GameWorld            - Game world initialized
16:33:34.141 [FXGL Background Thread 1 ] DEBUG PhysicsWorld         - Physics world initialized: appHeight=790, physics.ppm=50.0
16:33:34.141 [FXGL Background Thread 1 ] DEBUG PhysicsWorld         - Using strategy: BRUTE_FORCE
16:33:34.144 [FXGL Background Thread 1 ] DEBUG GameScene            - Game scene initialized: 1100x790
16:33:34.152 [FXGL Background Thread 1 ] DEBUG FXGL.DefaultMenu     - createMenuBodyGameMenu()
16:33:34.163 [FXGL Background Thread 1 ] DEBUG FXGL.DefaultMenu     - createOptionsMenu()
16:33:34.170 [FXGL Background Thread 1 ] DEBUG FXGLAssetLoaderServi - Loading from file system: jar:file:/C:/Users/USER/.m2/repository/com/github/almasb/fxgl/21/fxgl-21.jar!/fxglassets/textures/particles/smoke.png
16:33:34.248 [FXGL Background Thread 1 ] DEBUG FXGLAssetLoaderServi - Loading from file system: jar:file:/C:/Users/USER/.m2/repository/com/github/almasb/fxgl/21/fxgl-21.jar!/fxglassets/textures/particles/trace_horizontal.png
16:33:34.267 [FXGL Background Thread 1 ] DEBUG GameApplicationServi - Application scenes initialized
16:33:34.275 [FXGL Background Thread 1 ] DEBUG SystemBundleService  - Loading FXGL system data
16:33:34.280 [FXGL Background Thread 1 ] DEBUG FileSystemAccess     - Reading from: C:\Users\USER\Desktop\project\256702-F2-Team20-655-809\system\fxgl.bundle
16:33:34.287 [FXGL Background Thread 1 ] DEBUG SystemBundleService  - Bundle FXGL: {}
16:33:34.287 [FXGL Background Thread 1 ] DEBUG UpdaterService       - Checking for updates
16:33:34.290 [FXGL Background Thread 4 ] DEBUG FXGLApplication      - Loading fonts
16:33:34.291 [FXGL Background Thread 4 ] DEBUG FXGLAssetLoaderServi - Loading from file system: jar:file:/C:/Users/USER/.m2/repository/com/github/almasb/fxgl/21/fxgl-21.jar!/fxglassets/ui/fonts/VarelaRound-Regular.ttf
16:33:34.291 [FXGL Background Thread 1 ] DEBUG FXGLApplication      - Loading default localization
16:33:34.291 [FXGL Background Thread 1 ] DEBUG FXGLAssetLoaderServi - Loading from file system: jar:file:/C:/Users/USER/.m2/repository/com/github/almasb/fxgl/21/fxgl-21.jar!/fxglassets/languages/english.lang
16:33:34.317 [FXGL Background Thread 4 ] DEBUG FXGLAssetLoaderServi - Loading from file system: jar:file:/C:/Users/USER/.m2/repository/com/github/almasb/fxgl/21/fxgl-21.jar!/fxglassets/ui/fonts/Abel-Regular.ttf
16:33:34.319 [FXGL Background Thread 4 ] DEBUG FXGLAssetLoaderServi - Loading from file system: jar:file:/C:/Users/USER/.m2/repository/com/github/almasb/fxgl/21/fxgl-21.jar!/fxglassets/ui/fonts/TerminalLandMono-Regular.otf
16:33:34.322 [FXGL Background Thread 4 ] DEBUG FXGLAssetLoaderServi - Loading from file system: jar:file:/C:/Users/USER/.m2/repository/com/github/almasb/fxgl/21/fxgl-21.jar!/fxglassets/ui/fonts/Courier-Prime.ttf
16:33:34.325 [FXGL Background Thread 1 ] INFO  FXGLApplication      - FXGL initialization took: 0.348 sec
16:33:34.327 [JavaFX Application Thread] DEBUG FXGLAssetLoaderServi - Loading from file system: jar:file:/C:/Users/USER/.m2/repository/com/github/almasb/fxgl/21/fxgl-21.jar!/fxglassets/textures/fxgl_icon.png
16:33:34.344 [JavaFX Application Thread] DEBUG FXGLAssetLoaderServi - Loading from file system: jar:file:/C:/Users/USER/.m2/repository/com/github/almasb/fxgl/21/fxgl-21.jar!/fxglassets/textures/fxgl_default_cursor.png
16:33:34.364 [JavaFX Application Thread] DEBUG Input                - Registered new binding: Screenshot - CTRL+8
16:33:34.365 [JavaFX Application Thread] DEBUG Input                - Registered new binding: System info dump - CTRL+9
16:33:34.365 [JavaFX Application Thread] DEBUG Input                - Registered new binding: Restart - CTRL+R
16:33:34.367 [JavaFX Application Thread] DEBUG Input                - Registered new binding: Toggle Debug Camera - CTRL+7
16:33:34.369 [JavaFX Application Thread] DEBUG LoopRunner           - Starting loop
16:33:34.369 [JavaFX Application Thread] DEBUG LoopRunner           - Initializing JavaFX AnimationTimerLoop
16:33:34.371 [JavaFX Application Thread] DEBUG GameApplicationServi - Starting new game
16:33:34.371 [JavaFX Application Thread] DEBUG Input                - Clearing active input actions
16:33:34.382 [JavaFX Application Thread] DEBUG GameApplicationServi - Removing overlay from FXGLStartupScene and adding to FXGLLoadingScene
16:33:34.382 [JavaFX Application Thread] DEBUG PrimaryStageWindow   - FXGLStartupScene -> FXGLLoadingScene
16:33:34.382 [JavaFX Application Thread] DEBUG GameApplicationServi - Clearing previous game
16:33:34.382 [JavaFX Application Thread] DEBUG GameScene            - Clearing game scene
16:33:34.382 [JavaFX Application Thread] DEBUG GameWorld            - Clearing game world
16:33:34.382 [JavaFX Application Thread] DEBUG PhysicsWorld         - Clearing physics world
16:33:34.384 [JavaFX Application Thread] DEBUG FXGLApplication      - Registering font factories with UI factory
16:33:34.384 [FXGL Background Thread 4 ] DEBUG FXGLApplication      - Initializing game
16:33:34.432 [JavaFX Application Thread] DEBUG LoopRunner           - Stopping loop
16:33:34.435 [JavaFX Application Thread] FATAL FXGLApplication      - Uncaught Exception:
java.lang.RuntimeException: Initialization failed
	at com.almasb.fxgl.app.FXGLApplication$InitAppTask.failed(FXGLApplication.kt:343)
	at javafx.concurrent.Task.setState(Task.java:710)
	at javafx.concurrent.Task$TaskCallable.lambda$call$2(Task.java:1429)
	at com.sun.javafx.application.PlatformImpl.lambda$runLater$10(PlatformImpl.java:456)
	at java.base/java.security.AccessController.doPrivileged(AccessController.java:400)
	at com.sun.javafx.application.PlatformImpl.lambda$runLater$11(PlatformImpl.java:455)
	at com.sun.glass.ui.InvokeLaterDispatcher$Future.run(InvokeLaterDispatcher.java:95)
	at com.sun.glass.ui.win.WinApplication._runLoop(Native Method)
	at com.sun.glass.ui.win.WinApplication.lambda$runLoop$3(WinApplication.java:185)
	at java.base/java.lang.Thread.run(Thread.java:1583)
Caused by: java.lang.NullPointerException: Cannot invoke "java.net.URL.toExternalForm()" because the return value of "java.lang.Class.getResource(String)" is null
	at com.game.App.Main(App.java:42)
	at com.game.App.initGame(App.java:30)
	at com.almasb.fxgl.app.FXGLApplication$InitAppTask.initGame(FXGLApplication.kt:339)
	at com.almasb.fxgl.app.FXGLApplication$InitAppTask.call(FXGLApplication.kt:319)
	at com.almasb.fxgl.app.FXGLApplication$InitAppTask.call(FXGLApplication.kt:311)
	at javafx.concurrent.Task$TaskCallable.call(Task.java:1399)
	at java.base/java.util.concurrent.FutureTask.run(FutureTask.java:317)
	at java.base/java.util.concurrent.Executors$RunnableAdapter.call(Executors.java:572)
	at java.base/java.util.concurrent.FutureTask.run(FutureTask.java:317)
	at java.base/java.util.concurrent.ThreadPoolExecutor.runWorker(ThreadPoolExecutor.java:1144)
	at java.base/java.util.concurrent.ThreadPoolExecutor$Worker.run(ThreadPoolExecutor.java:642)
	... 1 more

16:33:34.437 [JavaFX Application Thread] FATAL FXGLApplication      - Application will now exit
16:33:34.451 [JavaFX Application Thread] DEBUG PrimaryStageWindow   - Push state: ErrorSubScene
16:33:34.452 [JavaFX Application Thread] DEBUG Input                - Clearing active input actions
16:33:34.461 [JavaFX Application Thread] DEBUG GameApplicationServi - Removing overlay from FXGLLoadingScene and adding to ErrorSubScene
16:33:34.461 [JavaFX Application Thread] DEBUG PrimaryStageWindow   - FXGLLoadingScene -> ErrorSubScene
16:33:34.674 [FXGL Background Thread 2 ] INFO  UpdaterService       - Your current version:  21
16:33:34.674 [FXGL Background Thread 2 ] INFO  UpdaterService       - Latest stable version: 21.1
16:33:37.291 [FXGL Background Thread 3 ] DEBUG Engine               - Logging environment variables
16:33:37.291 [FXGL Background Thread 3 ] DEBUG Engine               - achievements: []
16:33:37.291 [FXGL Background Thread 3 ] DEBUG Engine               - actualHeight: 790.0
16:33:37.291 [FXGL Background Thread 3 ] DEBUG Engine               - actualHeightProperty: ReadOnlyDoubleProperty [value: 790.0]
16:33:37.291 [FXGL Background Thread 3 ] DEBUG Engine               - actualWidth: 1100.0
16:33:37.291 [FXGL Background Thread 3 ] DEBUG Engine               - actualWidthProperty: ReadOnlyDoubleProperty [value: 1100.0]
16:33:37.291 [FXGL Background Thread 3 ] DEBUG Engine               - appIcon: fxgl_icon.png
16:33:37.291 [FXGL Background Thread 3 ] DEBUG Engine               - applicationMode: DEVELOPER
16:33:37.291 [FXGL Background Thread 3 ] DEBUG Engine               - cSSList: [fxgl_dark.css]
16:33:37.291 [FXGL Background Thread 3 ] DEBUG Engine               - collisionDetectionStrategy: BRUTE_FORCE
16:33:37.291 [FXGL Background Thread 3 ] DEBUG Engine               - configClass: Optional.empty
16:33:37.292 [FXGL Background Thread 3 ] DEBUG Engine               - credits: []
16:33:37.292 [FXGL Background Thread 3 ] DEBUG Engine               - defaultCursor: CursorInfo(imageName=fxgl_default_cursor.png, hotspotX=7.0, hotspotY=6.0)
16:33:37.292 [FXGL Background Thread 3 ] DEBUG Engine               - devBBoxColorProperty: ObjectProperty [value: 0xff0000ff]
16:33:37.292 [FXGL Background Thread 3 ] DEBUG Engine               - devEnableDebugCameraProperty: BooleanProperty [value: false]
16:33:37.292 [FXGL Background Thread 3 ] DEBUG Engine               - devSensorColorProperty: ObjectProperty [value: 0xffff00ff]
16:33:37.292 [FXGL Background Thread 3 ] DEBUG Engine               - devShowBBoxProperty: BooleanProperty [value: false]
16:33:37.292 [FXGL Background Thread 3 ] DEBUG Engine               - devShowPositionProperty: BooleanProperty [value: false]
16:33:37.293 [FXGL Background Thread 3 ] DEBUG Engine               - enabledMenuItems: []
16:33:37.293 [FXGL Background Thread 3 ] DEBUG Engine               - engineServices: [class com.almasb.fxgl.app.services.FXGLAssetLoaderService, class com.almasb.fxgl.app.FXGLApplication$GameApplicationService, class com.almasb.fxgl.app.services.FXGLDialogService, class com.almasb.fxgl.app.services.IOTaskExecutorService, class com.almasb.fxgl.io.FileSystemService, class com.almasb.fxgl.localization.LocalizationService, class com.almasb.fxgl.app.services.SystemBundleService, class com.almasb.fxgl.profile.SaveLoadService, class com.almasb.fxgl.ui.FXGLUIFactoryServiceProvider, class com.almasb.fxgl.ui.FXGLDialogFactoryServiceProvider, class com.almasb.fxgl.audio.AudioPlayer, class com.almasb.fxgl.notification.impl.NotificationServiceProvider, class com.almasb.fxgl.achievement.AchievementService, class com.almasb.fxgl.cutscene.CutsceneService, class com.almasb.fxgl.minigames.MiniGameService, class com.almasb.fxgl.net.NetService, class com.almasb.fxgl.app.services.UpdaterService, class com.almasb.fxgl.dev.DevService]
16:33:37.293 [FXGL Background Thread 3 ] DEBUG Engine               - fontGame: Abel-Regular.ttf
16:33:37.293 [FXGL Background Thread 3 ] DEBUG Engine               - fontMono: TerminalLandMono-Regular.otf
16:33:37.293 [FXGL Background Thread 3 ] DEBUG Engine               - fontSizeScaleUI: 1.0
16:33:37.293 [FXGL Background Thread 3 ] DEBUG Engine               - fontText: Courier-Prime.ttf
16:33:37.293 [FXGL Background Thread 3 ] DEBUG Engine               - fontUI: VarelaRound-Regular.ttf
16:33:37.293 [FXGL Background Thread 3 ] DEBUG Engine               - fullScreen: BooleanProperty [value: false]
16:33:37.293 [FXGL Background Thread 3 ] DEBUG Engine               - gameDifficulty: MEDIUM
16:33:37.293 [FXGL Background Thread 3 ] DEBUG Engine               - gameDifficultyProperty: ObjectProperty [value: MEDIUM]
16:33:37.293 [FXGL Background Thread 3 ] DEBUG Engine               - globalMusicVolume: 0.5
16:33:37.294 [FXGL Background Thread 3 ] DEBUG Engine               - globalMusicVolumeProperty: DoubleProperty [value: 0.5]
16:33:37.294 [FXGL Background Thread 3 ] DEBUG Engine               - globalSoundVolume: 0.5
16:33:37.294 [FXGL Background Thread 3 ] DEBUG Engine               - globalSoundVolumeProperty: DoubleProperty [value: 0.5]
16:33:37.294 [FXGL Background Thread 3 ] DEBUG Engine               - height: 790
16:33:37.294 [FXGL Background Thread 3 ] DEBUG Engine               - is3D: false
16:33:37.294 [FXGL Background Thread 3 ] DEBUG Engine               - isAndroid: false
16:33:37.294 [FXGL Background Thread 3 ] DEBUG Engine               - isBrowser: false
16:33:37.294 [FXGL Background Thread 3 ] DEBUG Engine               - isClickFeedbackEnabled: false
16:33:37.294 [FXGL Background Thread 3 ] DEBUG Engine               - isCloseConfirmation: false
16:33:37.294 [FXGL Background Thread 3 ] DEBUG Engine               - isDesktop: true
16:33:37.294 [FXGL Background Thread 3 ] DEBUG Engine               - isDeveloperMenuEnabled: false
16:33:37.294 [FXGL Background Thread 3 ] DEBUG Engine               - isEmbedded: false
16:33:37.294 [FXGL Background Thread 3 ] DEBUG Engine               - isEntityPreloadEnabled: true
16:33:37.294 [FXGL Background Thread 3 ] DEBUG Engine               - isExperimentalTiledLargeMap: false
16:33:37.294 [FXGL Background Thread 3 ] DEBUG Engine               - isFileSystemWriteAllowed: true
16:33:37.294 [FXGL Background Thread 3 ] DEBUG Engine               - isFullScreenAllowed: false
16:33:37.294 [FXGL Background Thread 3 ] DEBUG Engine               - isFullScreenFromStart: false
16:33:37.294 [FXGL Background Thread 3 ] DEBUG Engine               - isGameMenuEnabled: true
16:33:37.294 [FXGL Background Thread 3 ] DEBUG Engine               - isIOS: false
16:33:37.295 [FXGL Background Thread 3 ] DEBUG Engine               - isIntroEnabled: false
16:33:37.295 [FXGL Background Thread 3 ] DEBUG Engine               - isLinux: false
16:33:37.295 [FXGL Background Thread 3 ] DEBUG Engine               - isMac: false
16:33:37.295 [FXGL Background Thread 3 ] DEBUG Engine               - isMainMenuEnabled: false
16:33:37.295 [FXGL Background Thread 3 ] DEBUG Engine               - isManualResizeEnabled: false
16:33:37.295 [FXGL Background Thread 3 ] DEBUG Engine               - isMobile: false
16:33:37.295 [FXGL Background Thread 3 ] DEBUG Engine               - isNative: false
16:33:37.295 [FXGL Background Thread 3 ] DEBUG Engine               - isPauseMusicWhenMinimized: true
16:33:37.295 [FXGL Background Thread 3 ] DEBUG Engine               - isPreserveResizeRatio: false
16:33:37.295 [FXGL Background Thread 3 ] DEBUG Engine               - isProfilingEnabled: false
16:33:37.295 [FXGL Background Thread 3 ] DEBUG Engine               - isScaleAffectedOnResize: true
16:33:37.295 [FXGL Background Thread 3 ] DEBUG Engine               - isSingleStep: false
16:33:37.295 [FXGL Background Thread 3 ] DEBUG Engine               - isUserProfileEnabled: false
16:33:37.295 [FXGL Background Thread 3 ] DEBUG Engine               - isWindows: true
16:33:37.295 [FXGL Background Thread 3 ] DEBUG Engine               - language: ObjectProperty [value: ENGLISH]
16:33:37.295 [FXGL Background Thread 3 ] DEBUG Engine               - menuKey: ESCAPE
16:33:37.295 [FXGL Background Thread 3 ] DEBUG Engine               - mouseSensitivity: 0.2
16:33:37.295 [FXGL Background Thread 3 ] DEBUG Engine               - notificationViewClass: class com.almasb.fxgl.notification.view.XboxNotificationView
16:33:37.295 [FXGL Background Thread 3 ] DEBUG Engine               - pixelsPerMeter: 50.0
16:33:37.295 [FXGL Background Thread 3 ] DEBUG Engine               - platform: WINDOWS
16:33:37.295 [FXGL Background Thread 3 ] DEBUG Engine               - prefHeightProperty: ReadOnlyDoubleProperty [value: 790.0]
16:33:37.295 [FXGL Background Thread 3 ] DEBUG Engine               - prefWidthProperty: ReadOnlyDoubleProperty [value: 1100.0]
16:33:37.295 [FXGL Background Thread 3 ] DEBUG Engine               - profileDir: profiles/
16:33:37.295 [FXGL Background Thread 3 ] DEBUG Engine               - profileName: StringProperty [value: DEFAULT]
16:33:37.295 [FXGL Background Thread 3 ] DEBUG Engine               - randomSeed: -1
16:33:37.296 [FXGL Background Thread 3 ] DEBUG Engine               - runtimeInfo: RuntimeInfo(platform=WINDOWS, version=21, build=28.12.2023 13.35)
16:33:37.296 [FXGL Background Thread 3 ] DEBUG Engine               - saveFileExt: sav
16:33:37.296 [FXGL Background Thread 3 ] DEBUG Engine               - scaledHeightProp$fxgl: DoubleProperty [bound, value: 790.0]
16:33:37.296 [FXGL Background Thread 3 ] DEBUG Engine               - scaledWidthProp$fxgl: DoubleProperty [bound, value: 1100.0]
16:33:37.296 [FXGL Background Thread 3 ] DEBUG Engine               - sceneFactory: com.almasb.fxgl.app.scene.SceneFactory@6c0801b9
16:33:37.296 [FXGL Background Thread 3 ] DEBUG Engine               - secondsIn24h: 60
16:33:37.296 [FXGL Background Thread 3 ] DEBUG Engine               - soundMenuBack: menu/back.wav
16:33:37.296 [FXGL Background Thread 3 ] DEBUG Engine               - soundMenuPress: menu/press.wav
16:33:37.296 [FXGL Background Thread 3 ] DEBUG Engine               - soundMenuSelect: menu/select.wav
16:33:37.296 [FXGL Background Thread 3 ] DEBUG Engine               - soundNotification: core/notification.wav
16:33:37.296 [FXGL Background Thread 3 ] DEBUG Engine               - stageStyle: DECORATED
16:33:37.296 [FXGL Background Thread 3 ] DEBUG Engine               - supportedLanguages: [ENGLISH, FRENCH, GERMAN, HUNGARIAN, RUSSIAN]
16:33:37.296 [FXGL Background Thread 3 ] DEBUG Engine               - ticksPerSecond: -1
16:33:37.296 [FXGL Background Thread 3 ] DEBUG Engine               - title: Tournament Of 5 Hearts
16:33:37.296 [FXGL Background Thread 3 ] DEBUG Engine               - urlGithub: https://github.com/AlmasB/FXGL
16:33:37.296 [FXGL Background Thread 3 ] DEBUG Engine               - urlLeaderboard: http://fxgl-top.herokuapp.com/
16:33:37.296 [FXGL Background Thread 3 ] DEBUG Engine               - urlPOM: https://raw.githubusercontent.com/AlmasB/FXGL/release/README.md
16:33:37.296 [FXGL Background Thread 3 ] DEBUG Engine               - userAppClass: class com.game.App
16:33:37.296 [FXGL Background Thread 3 ] DEBUG Engine               - version: 0.1
16:33:37.296 [FXGL Background Thread 3 ] DEBUG Engine               - versionCheckDays: 7
16:33:37.296 [FXGL Background Thread 3 ] DEBUG Engine               - width: 1100
16:33:37.296 [FXGL Background Thread 3 ] DEBUG Engine               - Logging services
16:33:37.296 [FXGL Background Thread 3 ] DEBUG Engine               - class com.almasb.fxgl.app.services.FXGLAssetLoaderService
16:33:37.296 [FXGL Background Thread 3 ] DEBUG Engine               - class com.almasb.fxgl.app.FXGLApplication$GameApplicationService
16:33:37.296 [FXGL Background Thread 3 ] DEBUG Engine               - class com.almasb.fxgl.app.services.FXGLDialogService
16:33:37.296 [FXGL Background Thread 3 ] DEBUG Engine               - class com.almasb.fxgl.app.services.IOTaskExecutorService
16:33:37.296 [FXGL Background Thread 3 ] DEBUG Engine               - class com.almasb.fxgl.io.FileSystemService
16:33:37.296 [FXGL Background Thread 3 ] DEBUG Engine               - class com.almasb.fxgl.localization.LocalizationService
16:33:37.296 [FXGL Background Thread 3 ] DEBUG Engine               - class com.almasb.fxgl.app.services.SystemBundleService
16:33:37.296 [FXGL Background Thread 3 ] DEBUG Engine               - class com.almasb.fxgl.profile.SaveLoadService
16:33:37.297 [FXGL Background Thread 3 ] DEBUG Engine               - class com.almasb.fxgl.ui.FXGLUIFactoryServiceProvider
16:33:37.297 [FXGL Background Thread 3 ] DEBUG Engine               - class com.almasb.fxgl.ui.FXGLDialogFactoryServiceProvider
16:33:37.297 [FXGL Background Thread 3 ] DEBUG Engine               - class com.almasb.fxgl.audio.AudioPlayer
16:33:37.297 [FXGL Background Thread 3 ] DEBUG Engine               - class com.almasb.fxgl.notification.impl.NotificationServiceProvider
16:33:37.297 [FXGL Background Thread 3 ] DEBUG Engine               - class com.almasb.fxgl.achievement.AchievementService
16:33:37.297 [FXGL Background Thread 3 ] DEBUG Engine               - class com.almasb.fxgl.cutscene.CutsceneService
16:33:37.297 [FXGL Background Thread 3 ] DEBUG Engine               - class com.almasb.fxgl.minigames.MiniGameService
16:33:37.297 [FXGL Background Thread 3 ] DEBUG Engine               - class com.almasb.fxgl.net.NetService
16:33:37.297 [FXGL Background Thread 3 ] DEBUG Engine               - class com.almasb.fxgl.app.services.UpdaterService
16:33:37.297 [FXGL Background Thread 3 ] DEBUG Engine               - class com.almasb.fxgl.dev.DevService
16:33:39.162 [JavaFX Application Thread] DEBUG FXGLApplication      - Exiting FXGL
16:33:39.162 [JavaFX Application Thread] DEBUG Async                - Shutting down background threads
16:33:39.162 [JavaFX Application Thread] DEBUG PrimaryStageWindow   - Closing main window
16:33:39.192 [JavaFX Application Thread] DEBUG Logger               - Closing Logger
