23:22:56.421 [main                     ] DEBUG Logger               - Configured Logger
23:22:56.439 [main                     ] DEBUG GameApplication      - Logging settings
Title: Tournament Of 5 Hearts
Version: 0.1
Width: 1100
Height: 790
Fullscreen: false
Intro: false
Profiling: false
Single step:false
App Mode: DEVELOPER
Menu Key: ESCAPE
Stage Style: DECORATED
Scene Factory: class com.almasb.fxgl.app.scene.SceneFactory

23:22:56.797 [JavaFX Application Thread] DEBUG FXGLApplication      - Initializing FXGL
23:22:56.799 [JavaFX Application Thread] INFO  Engine               - FXGL-21 (28.12.2023 13.35) on WINDOWS (J:21.0.5 FX:21)
23:22:56.800 [JavaFX Application Thread] DEBUG Engine               - JRE Vendor Name: Eclipse Adoptium
23:22:56.800 [JavaFX Application Thread] DEBUG Engine               - Running on OS: Windows 11 version 10.0
23:22:56.800 [JavaFX Application Thread] DEBUG Engine               - Architecture: amd64
23:22:56.800 [JavaFX Application Thread] INFO  Engine               - Source code and latest versions at: https://github.com/AlmasB/FXGL
23:22:56.800 [JavaFX Application Thread] INFO  Engine               -       Ask questions and discuss at: https://github.com/AlmasB/FXGL/discussions
23:22:56.800 [JavaFX Application Thread] INFO  Engine               -              Join the FXGL chat at: https://gitter.im/AlmasB/FXGL
23:22:56.869 [JavaFX Application Thread] DEBUG PrimaryStageWindow   - Creating a JavaFX scene
23:22:56.903 [JavaFX Application Thread] DEBUG PrimaryStageWindow   - Target settings size: 1100.0 x 790.0
23:22:56.903 [JavaFX Application Thread] DEBUG PrimaryStageWindow   - Scaled scene size:    1100.0 x 790.0
23:22:56.903 [JavaFX Application Thread] DEBUG PrimaryStageWindow   - Scaled ratio: (1.0, 1.0)
23:22:56.904 [JavaFX Application Thread] DEBUG PrimaryStageWindow   - Set initial scene to FXGLStartupScene
23:22:56.907 [JavaFX Application Thread] DEBUG PrimaryStageWindow   - Opening main window
23:22:56.977 [JavaFX Application Thread] DEBUG PrimaryStageWindow   - Window border size: (14.4000244140625, 38.0)
23:22:56.978 [JavaFX Application Thread] DEBUG PrimaryStageWindow   - Scaled size: 1100.0 x 790.0
23:22:56.978 [JavaFX Application Thread] DEBUG PrimaryStageWindow   - Scaled ratio: (1.0, 1.0)
23:22:56.979 [JavaFX Application Thread] DEBUG PrimaryStageWindow   - Scene size: 1100.0 x 790.0
23:22:56.979 [JavaFX Application Thread] DEBUG PrimaryStageWindow   - Stage size: 1114.4000244140625 x 828.0
23:22:56.986 [FXGL Background Thread 1 ] DEBUG Engine               - Initializing environment variables
23:22:57.033 [FXGL Background Thread 1 ] DEBUG FXGLAssetLoaderServi - User app class for loading assets: class com.game.App
23:22:57.033 [FXGL Background Thread 1 ] DEBUG GameApplicationServi - Applying CSS: fxgl_dark.css
23:22:57.033 [FXGL Background Thread 1 ] DEBUG FXGLAssetLoaderServi - Loading from file system: jar:file:/C:/Users/USER/.m2/repository/com/github/almasb/fxgl/21/fxgl-21.jar!/fxglassets/ui/css/fxgl_dark.css
23:22:57.061 [FXGL Background Thread 1 ] DEBUG GameApplicationServi - Initializing application scenes
23:22:57.100 [FXGL Background Thread 1 ] DEBUG GameWorld            - Game world initialized
23:22:57.155 [FXGL Background Thread 1 ] DEBUG PhysicsWorld         - Physics world initialized: appHeight=790, physics.ppm=50.0
23:22:57.155 [FXGL Background Thread 1 ] DEBUG PhysicsWorld         - Using strategy: BRUTE_FORCE
23:22:57.157 [FXGL Background Thread 1 ] DEBUG GameScene            - Game scene initialized: 1100x790
23:22:57.166 [FXGL Background Thread 1 ] DEBUG FXGL.DefaultMenu     - createMenuBodyGameMenu()
23:22:57.175 [FXGL Background Thread 1 ] DEBUG FXGL.DefaultMenu     - createOptionsMenu()
23:22:57.183 [FXGL Background Thread 1 ] DEBUG FXGLAssetLoaderServi - Loading from file system: jar:file:/C:/Users/USER/.m2/repository/com/github/almasb/fxgl/21/fxgl-21.jar!/fxglassets/textures/particles/smoke.png
23:22:57.268 [FXGL Background Thread 1 ] DEBUG FXGLAssetLoaderServi - Loading from file system: jar:file:/C:/Users/USER/.m2/repository/com/github/almasb/fxgl/21/fxgl-21.jar!/fxglassets/textures/particles/trace_horizontal.png
23:22:57.289 [FXGL Background Thread 1 ] DEBUG GameApplicationServi - Application scenes initialized
23:22:57.298 [FXGL Background Thread 1 ] DEBUG SystemBundleService  - Loading FXGL system data
23:22:57.302 [FXGL Background Thread 1 ] DEBUG FileSystemAccess     - Reading from: C:\Users\USER\Desktop\project\256702-F2-Team20-655-809\system\fxgl.bundle
23:22:57.308 [FXGL Background Thread 1 ] DEBUG SystemBundleService  - Bundle FXGL: {}
23:22:57.308 [FXGL Background Thread 1 ] DEBUG UpdaterService       - Checking for updates
23:22:57.311 [FXGL Background Thread 4 ] DEBUG FXGLApplication      - Loading fonts
23:22:57.311 [FXGL Background Thread 4 ] DEBUG FXGLAssetLoaderServi - Loading from file system: jar:file:/C:/Users/USER/.m2/repository/com/github/almasb/fxgl/21/fxgl-21.jar!/fxglassets/ui/fonts/VarelaRound-Regular.ttf
23:22:57.311 [FXGL Background Thread 1 ] DEBUG FXGLApplication      - Loading default localization
23:22:57.312 [FXGL Background Thread 1 ] DEBUG FXGLAssetLoaderServi - Loading from file system: jar:file:/C:/Users/USER/.m2/repository/com/github/almasb/fxgl/21/fxgl-21.jar!/fxglassets/languages/english.lang
23:22:57.342 [FXGL Background Thread 4 ] DEBUG FXGLAssetLoaderServi - Loading from file system: jar:file:/C:/Users/USER/.m2/repository/com/github/almasb/fxgl/21/fxgl-21.jar!/fxglassets/ui/fonts/Abel-Regular.ttf
23:22:57.345 [FXGL Background Thread 4 ] DEBUG FXGLAssetLoaderServi - Loading from file system: jar:file:/C:/Users/USER/.m2/repository/com/github/almasb/fxgl/21/fxgl-21.jar!/fxglassets/ui/fonts/TerminalLandMono-Regular.otf
23:22:57.345 [FXGL Background Thread 1 ] INFO  FXGLApplication      - FXGL initialization took: 0.360 sec
23:22:57.346 [JavaFX Application Thread] DEBUG FXGLAssetLoaderServi - Loading from file system: jar:file:/C:/Users/USER/.m2/repository/com/github/almasb/fxgl/21/fxgl-21.jar!/fxglassets/textures/fxgl_icon.png
23:22:57.348 [FXGL Background Thread 4 ] DEBUG FXGLAssetLoaderServi - Loading from file system: jar:file:/C:/Users/USER/.m2/repository/com/github/almasb/fxgl/21/fxgl-21.jar!/fxglassets/ui/fonts/Courier-Prime.ttf
23:22:57.362 [JavaFX Application Thread] DEBUG FXGLAssetLoaderServi - Loading from file system: jar:file:/C:/Users/USER/.m2/repository/com/github/almasb/fxgl/21/fxgl-21.jar!/fxglassets/textures/fxgl_default_cursor.png
23:22:57.379 [JavaFX Application Thread] DEBUG Input                - Registered new binding: Screenshot - CTRL+8
23:22:57.380 [JavaFX Application Thread] DEBUG Input                - Registered new binding: System info dump - CTRL+9
23:22:57.381 [JavaFX Application Thread] DEBUG Input                - Registered new binding: Restart - CTRL+R
23:22:57.382 [JavaFX Application Thread] DEBUG Input                - Registered new binding: Toggle Debug Camera - CTRL+7
23:22:57.388 [JavaFX Application Thread] DEBUG LoopRunner           - Starting loop
23:22:57.388 [JavaFX Application Thread] DEBUG LoopRunner           - Initializing JavaFX AnimationTimerLoop
23:22:57.389 [JavaFX Application Thread] DEBUG GameApplicationServi - Starting new game
23:22:57.389 [JavaFX Application Thread] DEBUG Input                - Clearing active input actions
23:22:57.401 [JavaFX Application Thread] DEBUG GameApplicationServi - Removing overlay from FXGLStartupScene and adding to FXGLLoadingScene
23:22:57.402 [JavaFX Application Thread] DEBUG PrimaryStageWindow   - FXGLStartupScene -> FXGLLoadingScene
23:22:57.402 [JavaFX Application Thread] DEBUG GameApplicationServi - Clearing previous game
23:22:57.402 [JavaFX Application Thread] DEBUG GameScene            - Clearing game scene
23:22:57.402 [JavaFX Application Thread] DEBUG GameWorld            - Clearing game world
23:22:57.402 [JavaFX Application Thread] DEBUG PhysicsWorld         - Clearing physics world
23:22:57.403 [JavaFX Application Thread] DEBUG FXGLApplication      - Registering font factories with UI factory
23:22:57.403 [FXGL Background Thread 4 ] DEBUG FXGLApplication      - Initializing game
23:22:57.407 [FXGL Background Thread 4 ] DEBUG FXGLAssetLoaderServi - Loading from file system: file:/C:/Users/USER/Desktop/project/256702-F2-Team20-655-809/to5/target/classes/assets/textures/real.jpg
23:22:57.531 [FXGL Background Thread 4 ] INFO  FXGLApplication      - Game initialization took: 0.128 sec
23:22:57.532 [JavaFX Application Thread] DEBUG Input                - Clearing active input actions
23:22:57.547 [JavaFX Application Thread] DEBUG GameApplicationServi - Removing overlay from FXGLLoadingScene and adding to GameScene
23:22:57.547 [JavaFX Application Thread] DEBUG PrimaryStageWindow   - FXGLLoadingScene -> GameScene
23:22:57.705 [FXGL Background Thread 2 ] INFO  UpdaterService       - Your current version:  21
23:22:57.705 [FXGL Background Thread 2 ] INFO  UpdaterService       - Latest stable version: 21.1
23:22:59.531 [JavaFX Application Thread] DEBUG FXGLApplication      - Exiting FXGL
23:22:59.531 [JavaFX Application Thread] DEBUG LoopRunner           - Stopping loop
23:22:59.532 [JavaFX Application Thread] DEBUG SystemBundleService  - Saving FXGL system data
23:22:59.534 [JavaFX Application Thread] DEBUG FileSystemAccess     - Writing to: C:\Users\USER\Desktop\project\256702-F2-Team20-655-809\system\fxgl.bundle
23:22:59.536 [JavaFX Application Thread] DEBUG Async                - Shutting down background threads
23:22:59.536 [JavaFX Application Thread] DEBUG PrimaryStageWindow   - Closing main window
23:22:59.555 [JavaFX Application Thread] DEBUG Logger               - Closing Logger
