23:22:30.847 [main                     ] DEBUG Logger               - Configured Logger
23:22:30.868 [main                     ] DEBUG GameApplication      - Logging settings
Title: Tournament Of 5 Hearts
Version: 0.1
Width: 1100
Height: 790
Fullscreen: false
Intro: false
Profiling: false
Single step:false
App Mode: DEVELOPER
Menu Key: ESCAPE
Stage Style: DECORATED
Scene Factory: class com.almasb.fxgl.app.scene.SceneFactory

23:22:31.286 [JavaFX Application Thread] DEBUG FXGLApplication      - Initializing FXGL
23:22:31.289 [JavaFX Application Thread] INFO  Engine               - FXGL-21 (28.12.2023 13.35) on WINDOWS (J:21.0.5 FX:21)
23:22:31.290 [JavaFX Application Thread] DEBUG Engine               - JRE Vendor Name: Eclipse Adoptium
23:22:31.290 [JavaFX Application Thread] DEBUG Engine               - Running on OS: Windows 11 version 10.0
23:22:31.291 [JavaFX Application Thread] DEBUG Engine               - Architecture: amd64
23:22:31.291 [JavaFX Application Thread] INFO  Engine               - Source code and latest versions at: https://github.com/AlmasB/FXGL
23:22:31.291 [JavaFX Application Thread] INFO  Engine               -       Ask questions and discuss at: https://github.com/AlmasB/FXGL/discussions
23:22:31.292 [JavaFX Application Thread] INFO  Engine               -              Join the FXGL chat at: https://gitter.im/AlmasB/FXGL
23:22:31.380 [JavaFX Application Thread] DEBUG PrimaryStageWindow   - Creating a JavaFX scene
23:22:31.435 [JavaFX Application Thread] DEBUG PrimaryStageWindow   - Target settings size: 1100.0 x 790.0
23:22:31.436 [JavaFX Application Thread] DEBUG PrimaryStageWindow   - Scaled scene size:    1100.0 x 790.0
23:22:31.436 [JavaFX Application Thread] DEBUG PrimaryStageWindow   - Scaled ratio: (1.0, 1.0)
23:22:31.437 [JavaFX Application Thread] DEBUG PrimaryStageWindow   - Set initial scene to FXGLStartupScene
23:22:31.439 [JavaFX Application Thread] DEBUG PrimaryStageWindow   - Opening main window
23:22:31.518 [JavaFX Application Thread] DEBUG PrimaryStageWindow   - Window border size: (14.4000244140625, 38.0)
23:22:31.519 [JavaFX Application Thread] DEBUG PrimaryStageWindow   - Scaled size: 1100.0 x 790.0
23:22:31.519 [JavaFX Application Thread] DEBUG PrimaryStageWindow   - Scaled ratio: (1.0, 1.0)
23:22:31.519 [JavaFX Application Thread] DEBUG PrimaryStageWindow   - Scene size: 1100.0 x 790.0
23:22:31.519 [JavaFX Application Thread] DEBUG PrimaryStageWindow   - Stage size: 1114.4000244140625 x 828.0
23:22:31.525 [FXGL Background Thread 1 ] DEBUG Engine               - Initializing environment variables
23:22:31.561 [FXGL Background Thread 1 ] DEBUG FXGLAssetLoaderServi - User app class for loading assets: class com.game.App
23:22:31.561 [FXGL Background Thread 1 ] DEBUG GameApplicationServi - Applying CSS: fxgl_dark.css
23:22:31.562 [FXGL Background Thread 1 ] DEBUG FXGLAssetLoaderServi - Loading from file system: jar:file:/C:/Users/USER/.m2/repository/com/github/almasb/fxgl/21/fxgl-21.jar!/fxglassets/ui/css/fxgl_dark.css
23:22:31.597 [FXGL Background Thread 1 ] DEBUG GameApplicationServi - Initializing application scenes
23:22:31.637 [FXGL Background Thread 1 ] DEBUG GameWorld            - Game world initialized
23:22:31.687 [FXGL Background Thread 1 ] DEBUG PhysicsWorld         - Physics world initialized: appHeight=790, physics.ppm=50.0
23:22:31.687 [FXGL Background Thread 1 ] DEBUG PhysicsWorld         - Using strategy: BRUTE_FORCE
23:22:31.690 [FXGL Background Thread 1 ] DEBUG GameScene            - Game scene initialized: 1100x790
23:22:31.700 [FXGL Background Thread 1 ] DEBUG FXGL.DefaultMenu     - createMenuBodyGameMenu()
23:22:31.712 [FXGL Background Thread 1 ] DEBUG FXGL.DefaultMenu     - createOptionsMenu()
23:22:31.720 [FXGL Background Thread 1 ] DEBUG FXGLAssetLoaderServi - Loading from file system: jar:file:/C:/Users/USER/.m2/repository/com/github/almasb/fxgl/21/fxgl-21.jar!/fxglassets/textures/particles/smoke.png
23:22:31.804 [FXGL Background Thread 1 ] DEBUG FXGLAssetLoaderServi - Loading from file system: jar:file:/C:/Users/USER/.m2/repository/com/github/almasb/fxgl/21/fxgl-21.jar!/fxglassets/textures/particles/trace_horizontal.png
23:22:31.824 [FXGL Background Thread 1 ] DEBUG GameApplicationServi - Application scenes initialized
23:22:31.833 [FXGL Background Thread 1 ] DEBUG SystemBundleService  - Loading FXGL system data
23:22:31.837 [FXGL Background Thread 1 ] DEBUG FileSystemAccess     - Reading from: C:\Users\USER\Desktop\project\256702-F2-Team20-655-809\system\fxgl.bundle
23:22:31.844 [FXGL Background Thread 1 ] DEBUG SystemBundleService  - Bundle FXGL: {}
23:22:31.844 [FXGL Background Thread 1 ] DEBUG UpdaterService       - Checking for updates
23:22:31.848 [FXGL Background Thread 4 ] DEBUG FXGLApplication      - Loading fonts
23:22:31.848 [FXGL Background Thread 4 ] DEBUG FXGLAssetLoaderServi - Loading from file system: jar:file:/C:/Users/USER/.m2/repository/com/github/almasb/fxgl/21/fxgl-21.jar!/fxglassets/ui/fonts/VarelaRound-Regular.ttf
23:22:31.848 [FXGL Background Thread 1 ] DEBUG FXGLApplication      - Loading default localization
23:22:31.848 [FXGL Background Thread 1 ] DEBUG FXGLAssetLoaderServi - Loading from file system: jar:file:/C:/Users/USER/.m2/repository/com/github/almasb/fxgl/21/fxgl-21.jar!/fxglassets/languages/english.lang
23:22:31.884 [FXGL Background Thread 4 ] DEBUG FXGLAssetLoaderServi - Loading from file system: jar:file:/C:/Users/USER/.m2/repository/com/github/almasb/fxgl/21/fxgl-21.jar!/fxglassets/ui/fonts/Abel-Regular.ttf
23:22:31.885 [FXGL Background Thread 4 ] DEBUG FXGLAssetLoaderServi - Loading from file system: jar:file:/C:/Users/USER/.m2/repository/com/github/almasb/fxgl/21/fxgl-21.jar!/fxglassets/ui/fonts/TerminalLandMono-Regular.otf
23:22:31.888 [FXGL Background Thread 4 ] DEBUG FXGLAssetLoaderServi - Loading from file system: jar:file:/C:/Users/USER/.m2/repository/com/github/almasb/fxgl/21/fxgl-21.jar!/fxglassets/ui/fonts/Courier-Prime.ttf
23:22:31.891 [FXGL Background Thread 1 ] INFO  FXGLApplication      - FXGL initialization took: 0.367 sec
23:22:31.892 [JavaFX Application Thread] DEBUG FXGLAssetLoaderServi - Loading from file system: jar:file:/C:/Users/USER/.m2/repository/com/github/almasb/fxgl/21/fxgl-21.jar!/fxglassets/textures/fxgl_icon.png
23:22:31.906 [JavaFX Application Thread] DEBUG FXGLAssetLoaderServi - Loading from file system: jar:file:/C:/Users/USER/.m2/repository/com/github/almasb/fxgl/21/fxgl-21.jar!/fxglassets/textures/fxgl_default_cursor.png
23:22:31.926 [JavaFX Application Thread] DEBUG Input                - Registered new binding: Screenshot - CTRL+8
23:22:31.927 [JavaFX Application Thread] DEBUG Input                - Registered new binding: System info dump - CTRL+9
23:22:31.927 [JavaFX Application Thread] DEBUG Input                - Registered new binding: Restart - CTRL+R
23:22:31.928 [JavaFX Application Thread] DEBUG Input                - Registered new binding: Toggle Debug Camera - CTRL+7
23:22:31.930 [JavaFX Application Thread] DEBUG LoopRunner           - Starting loop
23:22:31.930 [JavaFX Application Thread] DEBUG LoopRunner           - Initializing JavaFX AnimationTimerLoop
23:22:31.931 [JavaFX Application Thread] DEBUG GameApplicationServi - Starting new game
23:22:31.931 [JavaFX Application Thread] DEBUG Input                - Clearing active input actions
23:22:31.946 [JavaFX Application Thread] DEBUG GameApplicationServi - Removing overlay from FXGLStartupScene and adding to FXGLLoadingScene
23:22:31.946 [JavaFX Application Thread] DEBUG PrimaryStageWindow   - FXGLStartupScene -> FXGLLoadingScene
23:22:31.946 [JavaFX Application Thread] DEBUG GameApplicationServi - Clearing previous game
23:22:31.946 [JavaFX Application Thread] DEBUG GameScene            - Clearing game scene
23:22:31.946 [JavaFX Application Thread] DEBUG GameWorld            - Clearing game world
23:22:31.946 [JavaFX Application Thread] DEBUG PhysicsWorld         - Clearing physics world
23:22:31.949 [FXGL Background Thread 4 ] DEBUG FXGLApplication      - Initializing game
23:22:31.949 [JavaFX Application Thread] DEBUG FXGLApplication      - Registering font factories with UI factory
23:22:31.963 [FXGL Background Thread 4 ] INFO  FXGLApplication      - Game initialization took: 0.013 sec
23:22:32.006 [JavaFX Application Thread] DEBUG Input                - Clearing active input actions
23:22:32.020 [JavaFX Application Thread] DEBUG GameApplicationServi - Removing overlay from FXGLLoadingScene and adding to GameScene
23:22:32.020 [JavaFX Application Thread] DEBUG PrimaryStageWindow   - FXGLLoadingScene -> GameScene
23:22:32.259 [FXGL Background Thread 2 ] INFO  UpdaterService       - Your current version:  21
23:22:32.260 [FXGL Background Thread 2 ] INFO  UpdaterService       - Latest stable version: 21.1
23:22:34.847 [FXGL Background Thread 3 ] DEBUG Engine               - Logging environment variables
23:22:34.851 [FXGL Background Thread 3 ] DEBUG Engine               - achievements: []
23:22:34.852 [FXGL Background Thread 3 ] DEBUG Engine               - actualHeight: 790.0
23:22:34.853 [FXGL Background Thread 3 ] DEBUG Engine               - actualHeightProperty: ReadOnlyDoubleProperty [value: 790.0]
23:22:34.853 [FXGL Background Thread 3 ] DEBUG Engine               - actualWidth: 1100.0
23:22:34.853 [FXGL Background Thread 3 ] DEBUG Engine               - actualWidthProperty: ReadOnlyDoubleProperty [value: 1100.0]
23:22:34.853 [FXGL Background Thread 3 ] DEBUG Engine               - appIcon: fxgl_icon.png
23:22:34.854 [FXGL Background Thread 3 ] DEBUG Engine               - applicationMode: DEVELOPER
23:22:34.854 [FXGL Background Thread 3 ] DEBUG Engine               - cSSList: [fxgl_dark.css]
23:22:34.855 [FXGL Background Thread 3 ] DEBUG Engine               - collisionDetectionStrategy: BRUTE_FORCE
23:22:34.855 [FXGL Background Thread 3 ] DEBUG Engine               - configClass: Optional.empty
23:22:34.855 [FXGL Background Thread 3 ] DEBUG Engine               - credits: []
23:22:34.857 [FXGL Background Thread 3 ] DEBUG Engine               - defaultCursor: CursorInfo(imageName=fxgl_default_cursor.png, hotspotX=7.0, hotspotY=6.0)
23:22:34.858 [FXGL Background Thread 3 ] DEBUG Engine               - devBBoxColorProperty: ObjectProperty [value: 0xff0000ff]
23:22:34.859 [FXGL Background Thread 3 ] DEBUG Engine               - devEnableDebugCameraProperty: BooleanProperty [value: false]
23:22:34.859 [FXGL Background Thread 3 ] DEBUG Engine               - devSensorColorProperty: ObjectProperty [value: 0xffff00ff]
23:22:34.859 [FXGL Background Thread 3 ] DEBUG Engine               - devShowBBoxProperty: BooleanProperty [value: false]
23:22:34.859 [FXGL Background Thread 3 ] DEBUG Engine               - devShowPositionProperty: BooleanProperty [value: false]
23:22:34.859 [FXGL Background Thread 3 ] DEBUG Engine               - enabledMenuItems: []
23:22:34.860 [FXGL Background Thread 3 ] DEBUG Engine               - engineServices: [class com.almasb.fxgl.app.services.FXGLAssetLoaderService, class com.almasb.fxgl.app.FXGLApplication$GameApplicationService, class com.almasb.fxgl.app.services.FXGLDialogService, class com.almasb.fxgl.app.services.IOTaskExecutorService, class com.almasb.fxgl.io.FileSystemService, class com.almasb.fxgl.localization.LocalizationService, class com.almasb.fxgl.app.services.SystemBundleService, class com.almasb.fxgl.profile.SaveLoadService, class com.almasb.fxgl.ui.FXGLUIFactoryServiceProvider, class com.almasb.fxgl.ui.FXGLDialogFactoryServiceProvider, class com.almasb.fxgl.audio.AudioPlayer, class com.almasb.fxgl.notification.impl.NotificationServiceProvider, class com.almasb.fxgl.achievement.AchievementService, class com.almasb.fxgl.cutscene.CutsceneService, class com.almasb.fxgl.minigames.MiniGameService, class com.almasb.fxgl.net.NetService, class com.almasb.fxgl.app.services.UpdaterService, class com.almasb.fxgl.dev.DevService]
23:22:34.860 [FXGL Background Thread 3 ] DEBUG Engine               - fontGame: Abel-Regular.ttf
23:22:34.860 [FXGL Background Thread 3 ] DEBUG Engine               - fontMono: TerminalLandMono-Regular.otf
23:22:34.860 [FXGL Background Thread 3 ] DEBUG Engine               - fontSizeScaleUI: 1.0
23:22:34.860 [FXGL Background Thread 3 ] DEBUG Engine               - fontText: Courier-Prime.ttf
23:22:34.861 [FXGL Background Thread 3 ] DEBUG Engine               - fontUI: VarelaRound-Regular.ttf
23:22:34.861 [FXGL Background Thread 3 ] DEBUG Engine               - fullScreen: BooleanProperty [value: false]
23:22:34.861 [FXGL Background Thread 3 ] DEBUG Engine               - gameDifficulty: MEDIUM
23:22:34.861 [FXGL Background Thread 3 ] DEBUG Engine               - gameDifficultyProperty: ObjectProperty [value: MEDIUM]
23:22:34.861 [FXGL Background Thread 3 ] DEBUG Engine               - globalMusicVolume: 0.5
23:22:34.862 [FXGL Background Thread 3 ] DEBUG Engine               - globalMusicVolumeProperty: DoubleProperty [value: 0.5]
23:22:34.862 [FXGL Background Thread 3 ] DEBUG Engine               - globalSoundVolume: 0.5
23:22:34.862 [FXGL Background Thread 3 ] DEBUG Engine               - globalSoundVolumeProperty: DoubleProperty [value: 0.5]
23:22:34.862 [FXGL Background Thread 3 ] DEBUG Engine               - height: 790
23:22:34.862 [FXGL Background Thread 3 ] DEBUG Engine               - is3D: false
23:22:34.862 [FXGL Background Thread 3 ] DEBUG Engine               - isAndroid: false
23:22:34.862 [FXGL Background Thread 3 ] DEBUG Engine               - isBrowser: false
23:22:34.862 [FXGL Background Thread 3 ] DEBUG Engine               - isClickFeedbackEnabled: false
23:22:34.862 [FXGL Background Thread 3 ] DEBUG Engine               - isCloseConfirmation: false
23:22:34.863 [FXGL Background Thread 3 ] DEBUG Engine               - isDesktop: true
23:22:34.863 [FXGL Background Thread 3 ] DEBUG Engine               - isDeveloperMenuEnabled: false
23:22:34.863 [FXGL Background Thread 3 ] DEBUG Engine               - isEmbedded: false
23:22:34.863 [FXGL Background Thread 3 ] DEBUG Engine               - isEntityPreloadEnabled: true
23:22:34.863 [FXGL Background Thread 3 ] DEBUG Engine               - isExperimentalTiledLargeMap: false
23:22:34.863 [FXGL Background Thread 3 ] DEBUG Engine               - isFileSystemWriteAllowed: true
23:22:34.863 [FXGL Background Thread 3 ] DEBUG Engine               - isFullScreenAllowed: false
23:22:34.863 [FXGL Background Thread 3 ] DEBUG Engine               - isFullScreenFromStart: false
23:22:34.863 [FXGL Background Thread 3 ] DEBUG Engine               - isGameMenuEnabled: true
23:22:34.864 [FXGL Background Thread 3 ] DEBUG Engine               - isIOS: false
23:22:34.864 [FXGL Background Thread 3 ] DEBUG Engine               - isIntroEnabled: false
23:22:34.864 [FXGL Background Thread 3 ] DEBUG Engine               - isLinux: false
23:22:34.864 [FXGL Background Thread 3 ] DEBUG Engine               - isMac: false
23:22:34.864 [FXGL Background Thread 3 ] DEBUG Engine               - isMainMenuEnabled: false
23:22:34.864 [FXGL Background Thread 3 ] DEBUG Engine               - isManualResizeEnabled: false
23:22:34.864 [FXGL Background Thread 3 ] DEBUG Engine               - isMobile: false
23:22:34.865 [FXGL Background Thread 3 ] DEBUG Engine               - isNative: false
23:22:34.865 [FXGL Background Thread 3 ] DEBUG Engine               - isPauseMusicWhenMinimized: true
23:22:34.865 [FXGL Background Thread 3 ] DEBUG Engine               - isPreserveResizeRatio: false
23:22:34.865 [FXGL Background Thread 3 ] DEBUG Engine               - isProfilingEnabled: false
23:22:34.865 [FXGL Background Thread 3 ] DEBUG Engine               - isScaleAffectedOnResize: true
23:22:34.865 [FXGL Background Thread 3 ] DEBUG Engine               - isSingleStep: false
23:22:34.865 [FXGL Background Thread 3 ] DEBUG Engine               - isUserProfileEnabled: false
23:22:34.865 [FXGL Background Thread 3 ] DEBUG Engine               - isWindows: true
23:22:34.865 [FXGL Background Thread 3 ] DEBUG Engine               - language: ObjectProperty [value: ENGLISH]
23:22:34.865 [FXGL Background Thread 3 ] DEBUG Engine               - menuKey: ESCAPE
23:22:34.865 [FXGL Background Thread 3 ] DEBUG Engine               - mouseSensitivity: 0.2
23:22:34.865 [FXGL Background Thread 3 ] DEBUG Engine               - notificationViewClass: class com.almasb.fxgl.notification.view.XboxNotificationView
23:22:34.865 [FXGL Background Thread 3 ] DEBUG Engine               - pixelsPerMeter: 50.0
23:22:34.866 [FXGL Background Thread 3 ] DEBUG Engine               - platform: WINDOWS
23:22:34.866 [FXGL Background Thread 3 ] DEBUG Engine               - prefHeightProperty: ReadOnlyDoubleProperty [value: 790.0]
23:22:34.866 [FXGL Background Thread 3 ] DEBUG Engine               - prefWidthProperty: ReadOnlyDoubleProperty [value: 1100.0]
23:22:34.866 [FXGL Background Thread 3 ] DEBUG Engine               - profileDir: profiles/
23:22:34.866 [FXGL Background Thread 3 ] DEBUG Engine               - profileName: StringProperty [value: DEFAULT]
23:22:34.866 [FXGL Background Thread 3 ] DEBUG Engine               - randomSeed: -1
23:22:34.867 [FXGL Background Thread 3 ] DEBUG Engine               - runtimeInfo: RuntimeInfo(platform=WINDOWS, version=21, build=28.12.2023 13.35)
23:22:34.867 [FXGL Background Thread 3 ] DEBUG Engine               - saveFileExt: sav
23:22:34.867 [FXGL Background Thread 3 ] DEBUG Engine               - scaledHeightProp$fxgl: DoubleProperty [bound, value: 790.0]
23:22:34.867 [FXGL Background Thread 3 ] DEBUG Engine               - scaledWidthProp$fxgl: DoubleProperty [bound, value: 1100.0]
23:22:34.867 [FXGL Background Thread 3 ] DEBUG Engine               - sceneFactory: com.almasb.fxgl.app.scene.SceneFactory@4c5bbd00
23:22:34.867 [FXGL Background Thread 3 ] DEBUG Engine               - secondsIn24h: 60
23:22:34.867 [FXGL Background Thread 3 ] DEBUG Engine               - soundMenuBack: menu/back.wav
23:22:34.867 [FXGL Background Thread 3 ] DEBUG Engine               - soundMenuPress: menu/press.wav
23:22:34.867 [FXGL Background Thread 3 ] DEBUG Engine               - soundMenuSelect: menu/select.wav
23:22:34.867 [FXGL Background Thread 3 ] DEBUG Engine               - soundNotification: core/notification.wav
23:22:34.867 [FXGL Background Thread 3 ] DEBUG Engine               - stageStyle: DECORATED
23:22:34.867 [FXGL Background Thread 3 ] DEBUG Engine               - supportedLanguages: [ENGLISH, FRENCH, GERMAN, HUNGARIAN, RUSSIAN]
23:22:34.867 [FXGL Background Thread 3 ] DEBUG Engine               - ticksPerSecond: -1
23:22:34.867 [FXGL Background Thread 3 ] DEBUG Engine               - title: Tournament Of 5 Hearts
23:22:34.868 [FXGL Background Thread 3 ] DEBUG Engine               - urlGithub: https://github.com/AlmasB/FXGL
23:22:34.868 [FXGL Background Thread 3 ] DEBUG Engine               - urlLeaderboard: http://fxgl-top.herokuapp.com/
23:22:34.868 [FXGL Background Thread 3 ] DEBUG Engine               - urlPOM: https://raw.githubusercontent.com/AlmasB/FXGL/release/README.md
23:22:34.868 [FXGL Background Thread 3 ] DEBUG Engine               - userAppClass: class com.game.App
23:22:34.868 [FXGL Background Thread 3 ] DEBUG Engine               - version: 0.1
23:22:34.868 [FXGL Background Thread 3 ] DEBUG Engine               - versionCheckDays: 7
23:22:34.868 [FXGL Background Thread 3 ] DEBUG Engine               - width: 1100
23:22:34.868 [FXGL Background Thread 3 ] DEBUG Engine               - Logging services
23:22:34.868 [FXGL Background Thread 3 ] DEBUG Engine               - class com.almasb.fxgl.app.services.FXGLAssetLoaderService
23:22:34.868 [FXGL Background Thread 3 ] DEBUG Engine               - class com.almasb.fxgl.app.FXGLApplication$GameApplicationService
23:22:34.868 [FXGL Background Thread 3 ] DEBUG Engine               - class com.almasb.fxgl.app.services.FXGLDialogService
23:22:34.868 [FXGL Background Thread 3 ] DEBUG Engine               - class com.almasb.fxgl.app.services.IOTaskExecutorService
23:22:34.868 [FXGL Background Thread 3 ] DEBUG Engine               - class com.almasb.fxgl.io.FileSystemService
23:22:34.868 [FXGL Background Thread 3 ] DEBUG Engine               - class com.almasb.fxgl.localization.LocalizationService
23:22:34.868 [FXGL Background Thread 3 ] DEBUG Engine               - class com.almasb.fxgl.app.services.SystemBundleService
23:22:34.868 [FXGL Background Thread 3 ] DEBUG Engine               - class com.almasb.fxgl.profile.SaveLoadService
23:22:34.868 [FXGL Background Thread 3 ] DEBUG Engine               - class com.almasb.fxgl.ui.FXGLUIFactoryServiceProvider
23:22:34.868 [FXGL Background Thread 3 ] DEBUG Engine               - class com.almasb.fxgl.ui.FXGLDialogFactoryServiceProvider
23:22:34.869 [FXGL Background Thread 3 ] DEBUG Engine               - class com.almasb.fxgl.audio.AudioPlayer
23:22:34.869 [FXGL Background Thread 3 ] DEBUG Engine               - class com.almasb.fxgl.notification.impl.NotificationServiceProvider
23:22:34.869 [FXGL Background Thread 3 ] DEBUG Engine               - class com.almasb.fxgl.achievement.AchievementService
23:22:34.869 [FXGL Background Thread 3 ] DEBUG Engine               - class com.almasb.fxgl.cutscene.CutsceneService
23:22:34.869 [FXGL Background Thread 3 ] DEBUG Engine               - class com.almasb.fxgl.minigames.MiniGameService
23:22:34.869 [FXGL Background Thread 3 ] DEBUG Engine               - class com.almasb.fxgl.net.NetService
23:22:34.869 [FXGL Background Thread 3 ] DEBUG Engine               - class com.almasb.fxgl.app.services.UpdaterService
23:22:34.869 [FXGL Background Thread 3 ] DEBUG Engine               - class com.almasb.fxgl.dev.DevService
23:22:40.767 [JavaFX Application Thread] DEBUG FXGLApplication      - Exiting FXGL
23:22:40.767 [JavaFX Application Thread] DEBUG LoopRunner           - Stopping loop
23:22:40.767 [JavaFX Application Thread] DEBUG SystemBundleService  - Saving FXGL system data
23:22:40.769 [JavaFX Application Thread] DEBUG FileSystemAccess     - Writing to: C:\Users\USER\Desktop\project\256702-F2-Team20-655-809\system\fxgl.bundle
23:22:40.776 [JavaFX Application Thread] DEBUG Async                - Shutting down background threads
23:22:40.776 [JavaFX Application Thread] DEBUG PrimaryStageWindow   - Closing main window
23:22:40.827 [JavaFX Application Thread] DEBUG Logger               - Closing Logger
