21:23:58.812 [main                     ] DEBUG Logger               - Configured Logger
21:23:58.827 [main                     ] DEBUG GameApplication      - Logging settings
Title: Tournament Of 5 Hearts
Version: 0.1
Width: 1100
Height: 790
Fullscreen: false
Intro: false
Profiling: false
Single step:false
App Mode: DEVELOPER
Menu Key: ESCAPE
Stage Style: DECORATED
Scene Factory: class com.almasb.fxgl.app.scene.SceneFactory

21:23:59.101 [JavaFX Application Thread] DEBUG FXGLApplication      - Initializing FXGL
21:23:59.103 [JavaFX Application Thread] INFO  Engine               - FXGL-21 (28.12.2023 13.35) on WINDOWS (J:21.0.5 FX:21)
21:23:59.103 [JavaFX Application Thread] DEBUG Engine               - JRE Vendor Name: Eclipse Adoptium
21:23:59.103 [JavaFX Application Thread] DEBUG Engine               - Running on OS: Windows 11 version 10.0
21:23:59.104 [JavaFX Application Thread] DEBUG Engine               - Architecture: amd64
21:23:59.104 [JavaFX Application Thread] INFO  Engine               - Source code and latest versions at: https://github.com/AlmasB/FXGL
21:23:59.104 [JavaFX Application Thread] INFO  Engine               -       Ask questions and discuss at: https://github.com/AlmasB/FXGL/discussions
21:23:59.104 [JavaFX Application Thread] INFO  Engine               -              Join the FXGL chat at: https://gitter.im/AlmasB/FXGL
21:23:59.174 [JavaFX Application Thread] DEBUG PrimaryStageWindow   - Creating a JavaFX scene
21:23:59.206 [JavaFX Application Thread] DEBUG PrimaryStageWindow   - Target settings size: 1100.0 x 790.0
21:23:59.207 [JavaFX Application Thread] DEBUG PrimaryStageWindow   - Scaled scene size:    1100.0 x 790.0
21:23:59.207 [JavaFX Application Thread] DEBUG PrimaryStageWindow   - Scaled ratio: (1.0, 1.0)
21:23:59.208 [JavaFX Application Thread] DEBUG PrimaryStageWindow   - Set initial scene to FXGLStartupScene
21:23:59.210 [JavaFX Application Thread] DEBUG PrimaryStageWindow   - Opening main window
21:23:59.272 [JavaFX Application Thread] DEBUG PrimaryStageWindow   - Window border size: (14.4000244140625, 38.0)
21:23:59.272 [JavaFX Application Thread] DEBUG PrimaryStageWindow   - Scaled size: 1100.0 x 790.0
21:23:59.273 [JavaFX Application Thread] DEBUG PrimaryStageWindow   - Scaled ratio: (1.0, 1.0)
21:23:59.273 [JavaFX Application Thread] DEBUG PrimaryStageWindow   - Scene size: 1100.0 x 790.0
21:23:59.273 [JavaFX Application Thread] DEBUG PrimaryStageWindow   - Stage size: 1114.4000244140625 x 828.0
21:23:59.277 [FXGL Background Thread 1 ] DEBUG Engine               - Initializing environment variables
21:23:59.309 [FXGL Background Thread 1 ] DEBUG FXGLAssetLoaderServi - User app class for loading assets: class com.game.App
21:23:59.309 [FXGL Background Thread 1 ] DEBUG GameApplicationServi - Applying CSS: fxgl_dark.css
21:23:59.310 [FXGL Background Thread 1 ] DEBUG FXGLAssetLoaderServi - Loading from file system: jar:file:/C:/Users/user/.m2/repository/com/github/almasb/fxgl/21/fxgl-21.jar!/fxglassets/ui/css/fxgl_dark.css
21:23:59.336 [FXGL Background Thread 1 ] DEBUG GameApplicationServi - Initializing application scenes
21:23:59.368 [FXGL Background Thread 1 ] DEBUG GameWorld            - Game world initialized
21:23:59.413 [FXGL Background Thread 1 ] DEBUG PhysicsWorld         - Physics world initialized: appHeight=790, physics.ppm=50.0
21:23:59.413 [FXGL Background Thread 1 ] DEBUG PhysicsWorld         - Using strategy: BRUTE_FORCE
21:23:59.415 [FXGL Background Thread 1 ] DEBUG GameScene            - Game scene initialized: 1100x790
21:23:59.427 [FXGL Background Thread 1 ] DEBUG FXGL.DefaultMenu     - createMenuBodyGameMenu()
21:23:59.436 [FXGL Background Thread 1 ] DEBUG FXGL.DefaultMenu     - createOptionsMenu()
21:23:59.441 [FXGL Background Thread 1 ] DEBUG FXGLAssetLoaderServi - Loading from file system: jar:file:/C:/Users/user/.m2/repository/com/github/almasb/fxgl/21/fxgl-21.jar!/fxglassets/textures/particles/smoke.png
21:23:59.505 [FXGL Background Thread 1 ] DEBUG FXGLAssetLoaderServi - Loading from file system: jar:file:/C:/Users/user/.m2/repository/com/github/almasb/fxgl/21/fxgl-21.jar!/fxglassets/textures/particles/trace_horizontal.png
21:23:59.523 [FXGL Background Thread 1 ] DEBUG GameApplicationServi - Application scenes initialized
21:23:59.536 [FXGL Background Thread 1 ] DEBUG SystemBundleService  - Loading default FXGL system data
21:23:59.536 [FXGL Background Thread 1 ] DEBUG UpdaterService       - Checking for updates
21:23:59.539 [FXGL Background Thread 4 ] DEBUG FXGLApplication      - Loading fonts
21:23:59.539 [FXGL Background Thread 4 ] DEBUG FXGLAssetLoaderServi - Loading from file system: jar:file:/C:/Users/user/.m2/repository/com/github/almasb/fxgl/21/fxgl-21.jar!/fxglassets/ui/fonts/VarelaRound-Regular.ttf
21:23:59.539 [FXGL Background Thread 1 ] DEBUG FXGLApplication      - Loading default localization
21:23:59.539 [FXGL Background Thread 1 ] DEBUG FXGLAssetLoaderServi - Loading from file system: jar:file:/C:/Users/user/.m2/repository/com/github/almasb/fxgl/21/fxgl-21.jar!/fxglassets/languages/english.lang
21:23:59.566 [FXGL Background Thread 4 ] DEBUG FXGLAssetLoaderServi - Loading from file system: jar:file:/C:/Users/user/.m2/repository/com/github/almasb/fxgl/21/fxgl-21.jar!/fxglassets/ui/fonts/Abel-Regular.ttf
21:23:59.568 [FXGL Background Thread 4 ] DEBUG FXGLAssetLoaderServi - Loading from file system: jar:file:/C:/Users/user/.m2/repository/com/github/almasb/fxgl/21/fxgl-21.jar!/fxglassets/ui/fonts/TerminalLandMono-Regular.otf
21:23:59.570 [FXGL Background Thread 1 ] INFO  FXGLApplication      - FXGL initialization took: 0.292 sec
21:23:59.570 [FXGL Background Thread 4 ] DEBUG FXGLAssetLoaderServi - Loading from file system: jar:file:/C:/Users/user/.m2/repository/com/github/almasb/fxgl/21/fxgl-21.jar!/fxglassets/ui/fonts/Courier-Prime.ttf
21:23:59.571 [JavaFX Application Thread] DEBUG FXGLAssetLoaderServi - Loading from file system: jar:file:/C:/Users/user/.m2/repository/com/github/almasb/fxgl/21/fxgl-21.jar!/fxglassets/textures/fxgl_icon.png
21:23:59.581 [JavaFX Application Thread] DEBUG FXGLAssetLoaderServi - Loading from file system: jar:file:/C:/Users/user/.m2/repository/com/github/almasb/fxgl/21/fxgl-21.jar!/fxglassets/textures/fxgl_default_cursor.png
21:23:59.593 [JavaFX Application Thread] DEBUG Input                - Registered new binding: Screenshot - CTRL+8
21:23:59.594 [JavaFX Application Thread] DEBUG Input                - Registered new binding: System info dump - CTRL+9
21:23:59.594 [JavaFX Application Thread] DEBUG Input                - Registered new binding: Restart - CTRL+R
21:23:59.595 [JavaFX Application Thread] DEBUG Input                - Registered new binding: Toggle Debug Camera - CTRL+7
21:23:59.596 [JavaFX Application Thread] DEBUG LoopRunner           - Starting loop
21:23:59.596 [JavaFX Application Thread] DEBUG LoopRunner           - Initializing JavaFX AnimationTimerLoop
21:23:59.597 [JavaFX Application Thread] DEBUG GameApplicationServi - Starting new game
21:23:59.597 [JavaFX Application Thread] DEBUG Input                - Clearing active input actions
21:23:59.606 [JavaFX Application Thread] DEBUG GameApplicationServi - Removing overlay from FXGLStartupScene and adding to FXGLLoadingScene
21:23:59.606 [JavaFX Application Thread] DEBUG PrimaryStageWindow   - FXGLStartupScene -> FXGLLoadingScene
21:23:59.606 [JavaFX Application Thread] DEBUG GameApplicationServi - Clearing previous game
21:23:59.606 [JavaFX Application Thread] DEBUG GameScene            - Clearing game scene
21:23:59.606 [JavaFX Application Thread] DEBUG GameWorld            - Clearing game world
21:23:59.606 [JavaFX Application Thread] DEBUG PhysicsWorld         - Clearing physics world
21:23:59.608 [FXGL Background Thread 4 ] DEBUG FXGLApplication      - Initializing game
21:23:59.610 [JavaFX Application Thread] DEBUG FXGLApplication      - Registering font factories with UI factory
21:23:59.613 [FXGL Background Thread 4 ] INFO  FXGLApplication      - Game initialization took: 0.005 sec
21:23:59.646 [JavaFX Application Thread] DEBUG Input                - Clearing active input actions
21:23:59.657 [JavaFX Application Thread] DEBUG GameApplicationServi - Removing overlay from FXGLLoadingScene and adding to GameScene
21:23:59.657 [JavaFX Application Thread] DEBUG PrimaryStageWindow   - FXGLLoadingScene -> GameScene
21:24:00.167 [FXGL Background Thread 2 ] INFO  UpdaterService       - Your current version:  21
21:24:00.168 [FXGL Background Thread 2 ] INFO  UpdaterService       - Latest stable version: 21.1
21:24:00.869 [JavaFX Application Thread] DEBUG FXGLApplication      - Exiting FXGL
21:24:00.869 [JavaFX Application Thread] DEBUG LoopRunner           - Stopping loop
21:24:00.869 [JavaFX Application Thread] DEBUG SystemBundleService  - Saving FXGL system data
21:24:00.872 [JavaFX Application Thread] DEBUG FileSystemAccess     - Writing to: C:\Users\user\Downloads\256702-F2-Team20-655-809\system\fxgl.bundle
21:24:00.876 [JavaFX Application Thread] DEBUG Async                - Shutting down background threads
21:24:00.876 [JavaFX Application Thread] DEBUG PrimaryStageWindow   - Closing main window
21:24:00.889 [JavaFX Application Thread] DEBUG Logger               - Closing Logger
