22:33:58.670 [main                     ] DEBUG Logger               - Configured Logger
22:33:58.698 [main                     ] DEBUG GameApplication      - Logging settings
Title: Tournament Of 5 Hearts
Version: 0.1
Width: 1100
Height: 790
Fullscreen: false
Intro: false
Profiling: false
Single step:false
App Mode: DEVELOPER
Menu Key: ESCAPE
Stage Style: DECORATED
Scene Factory: class com.almasb.fxgl.app.scene.SceneFactory

22:33:59.174 [JavaFX Application Thread] DEBUG FXGLApplication      - Initializing FXGL
22:33:59.178 [JavaFX Application Thread] INFO  Engine               - FXGL-21 (28.12.2023 13.35) on WINDOWS (J:21.0.5 FX:21)
22:33:59.179 [JavaFX Application Thread] DEBUG Engine               - JRE Vendor Name: Eclipse Adoptium
22:33:59.179 [JavaFX Application Thread] DEBUG Engine               - Running on OS: Windows 11 version 10.0
22:33:59.179 [JavaFX Application Thread] DEBUG Engine               - Architecture: amd64
22:33:59.180 [JavaFX Application Thread] INFO  Engine               - Source code and latest versions at: https://github.com/AlmasB/FXGL
22:33:59.180 [JavaFX Application Thread] INFO  Engine               -       Ask questions and discuss at: https://github.com/AlmasB/FXGL/discussions
22:33:59.180 [JavaFX Application Thread] INFO  Engine               -              Join the FXGL chat at: https://gitter.im/AlmasB/FXGL
22:33:59.276 [JavaFX Application Thread] DEBUG PrimaryStageWindow   - Creating a JavaFX scene
22:33:59.317 [JavaFX Application Thread] DEBUG PrimaryStageWindow   - Target settings size: 1100.0 x 790.0
22:33:59.317 [JavaFX Application Thread] DEBUG PrimaryStageWindow   - Scaled scene size:    1100.0 x 790.0
22:33:59.317 [JavaFX Application Thread] DEBUG PrimaryStageWindow   - Scaled ratio: (1.0, 1.0)
22:33:59.318 [JavaFX Application Thread] DEBUG PrimaryStageWindow   - Set initial scene to FXGLStartupScene
22:33:59.321 [JavaFX Application Thread] DEBUG PrimaryStageWindow   - Opening main window
22:33:59.425 [JavaFX Application Thread] DEBUG PrimaryStageWindow   - Window border size: (14.4000244140625, 38.0)
22:33:59.425 [JavaFX Application Thread] DEBUG PrimaryStageWindow   - Scaled size: 1100.0 x 790.0
22:33:59.426 [JavaFX Application Thread] DEBUG PrimaryStageWindow   - Scaled ratio: (1.0, 1.0)
22:33:59.426 [JavaFX Application Thread] DEBUG PrimaryStageWindow   - Scene size: 1100.0 x 790.0
22:33:59.426 [JavaFX Application Thread] DEBUG PrimaryStageWindow   - Stage size: 1114.4000244140625 x 828.0
22:33:59.431 [FXGL Background Thread 1 ] DEBUG Engine               - Initializing environment variables
22:33:59.470 [FXGL Background Thread 1 ] DEBUG FXGLAssetLoaderServi - User app class for loading assets: class com.game.App
22:33:59.470 [FXGL Background Thread 1 ] DEBUG GameApplicationServi - Applying CSS: fxgl_dark.css
22:33:59.471 [FXGL Background Thread 1 ] DEBUG FXGLAssetLoaderServi - Loading from file system: jar:file:/C:/Users/USER/.m2/repository/com/github/almasb/fxgl/21/fxgl-21.jar!/fxglassets/ui/css/fxgl_dark.css
22:33:59.506 [FXGL Background Thread 1 ] DEBUG GameApplicationServi - Initializing application scenes
22:33:59.552 [FXGL Background Thread 1 ] DEBUG GameWorld            - Game world initialized
22:33:59.605 [FXGL Background Thread 1 ] DEBUG PhysicsWorld         - Physics world initialized: appHeight=790, physics.ppm=50.0
22:33:59.605 [FXGL Background Thread 1 ] DEBUG PhysicsWorld         - Using strategy: BRUTE_FORCE
22:33:59.607 [FXGL Background Thread 1 ] DEBUG GameScene            - Game scene initialized: 1100x790
22:33:59.617 [FXGL Background Thread 1 ] DEBUG FXGL.DefaultMenu     - createMenuBodyGameMenu()
22:33:59.625 [FXGL Background Thread 1 ] DEBUG FXGL.DefaultMenu     - createOptionsMenu()
22:33:59.632 [FXGL Background Thread 1 ] DEBUG FXGLAssetLoaderServi - Loading from file system: jar:file:/C:/Users/USER/.m2/repository/com/github/almasb/fxgl/21/fxgl-21.jar!/fxglassets/textures/particles/smoke.png
22:33:59.734 [FXGL Background Thread 1 ] DEBUG FXGLAssetLoaderServi - Loading from file system: jar:file:/C:/Users/USER/.m2/repository/com/github/almasb/fxgl/21/fxgl-21.jar!/fxglassets/textures/particles/trace_horizontal.png
22:33:59.754 [FXGL Background Thread 1 ] DEBUG GameApplicationServi - Application scenes initialized
22:33:59.765 [FXGL Background Thread 1 ] DEBUG SystemBundleService  - Loading FXGL system data
22:33:59.769 [FXGL Background Thread 1 ] DEBUG FileSystemAccess     - Reading from: C:\Users\USER\Desktop\project\256702-F2-Team20-655-809\system\fxgl.bundle
22:33:59.775 [FXGL Background Thread 1 ] DEBUG SystemBundleService  - Bundle FXGL: {}
22:33:59.775 [FXGL Background Thread 1 ] DEBUG UpdaterService       - Checking for updates
22:33:59.779 [FXGL Background Thread 4 ] DEBUG FXGLApplication      - Loading fonts
22:33:59.779 [FXGL Background Thread 1 ] DEBUG FXGLApplication      - Loading default localization
22:33:59.779 [FXGL Background Thread 4 ] DEBUG FXGLAssetLoaderServi - Loading from file system: jar:file:/C:/Users/USER/.m2/repository/com/github/almasb/fxgl/21/fxgl-21.jar!/fxglassets/ui/fonts/VarelaRound-Regular.ttf
22:33:59.780 [FXGL Background Thread 1 ] DEBUG FXGLAssetLoaderServi - Loading from file system: jar:file:/C:/Users/USER/.m2/repository/com/github/almasb/fxgl/21/fxgl-21.jar!/fxglassets/languages/english.lang
22:33:59.811 [FXGL Background Thread 4 ] DEBUG FXGLAssetLoaderServi - Loading from file system: jar:file:/C:/Users/USER/.m2/repository/com/github/almasb/fxgl/21/fxgl-21.jar!/fxglassets/ui/fonts/Abel-Regular.ttf
22:33:59.813 [FXGL Background Thread 4 ] DEBUG FXGLAssetLoaderServi - Loading from file system: jar:file:/C:/Users/USER/.m2/repository/com/github/almasb/fxgl/21/fxgl-21.jar!/fxglassets/ui/fonts/TerminalLandMono-Regular.otf
22:33:59.816 [FXGL Background Thread 4 ] DEBUG FXGLAssetLoaderServi - Loading from file system: jar:file:/C:/Users/USER/.m2/repository/com/github/almasb/fxgl/21/fxgl-21.jar!/fxglassets/ui/fonts/Courier-Prime.ttf
22:33:59.821 [JavaFX Application Thread] DEBUG FXGLApplication      - Registering font factories with UI factory
22:33:59.826 [FXGL Background Thread 1 ] INFO  FXGLApplication      - FXGL initialization took: 0.395 sec
22:33:59.827 [JavaFX Application Thread] DEBUG FXGLAssetLoaderServi - Loading from file system: jar:file:/C:/Users/USER/.m2/repository/com/github/almasb/fxgl/21/fxgl-21.jar!/fxglassets/textures/fxgl_icon.png
22:33:59.843 [JavaFX Application Thread] DEBUG FXGLAssetLoaderServi - Loading from file system: jar:file:/C:/Users/USER/.m2/repository/com/github/almasb/fxgl/21/fxgl-21.jar!/fxglassets/textures/fxgl_default_cursor.png
22:33:59.867 [JavaFX Application Thread] DEBUG Input                - Registered new binding: Screenshot - CTRL+8
22:33:59.868 [JavaFX Application Thread] DEBUG Input                - Registered new binding: System info dump - CTRL+9
22:33:59.868 [JavaFX Application Thread] DEBUG Input                - Registered new binding: Restart - CTRL+R
22:33:59.869 [JavaFX Application Thread] DEBUG Input                - Registered new binding: Toggle Debug Camera - CTRL+7
22:33:59.877 [JavaFX Application Thread] DEBUG LoopRunner           - Starting loop
22:33:59.877 [JavaFX Application Thread] DEBUG LoopRunner           - Initializing JavaFX AnimationTimerLoop
22:33:59.878 [JavaFX Application Thread] DEBUG GameApplicationServi - Starting new game
22:33:59.878 [JavaFX Application Thread] DEBUG Input                - Clearing active input actions
22:33:59.895 [JavaFX Application Thread] DEBUG GameApplicationServi - Removing overlay from FXGLStartupScene and adding to FXGLLoadingScene
22:33:59.896 [JavaFX Application Thread] DEBUG PrimaryStageWindow   - FXGLStartupScene -> FXGLLoadingScene
22:33:59.896 [JavaFX Application Thread] DEBUG GameApplicationServi - Clearing previous game
22:33:59.896 [JavaFX Application Thread] DEBUG GameScene            - Clearing game scene
22:33:59.896 [JavaFX Application Thread] DEBUG GameWorld            - Clearing game world
22:33:59.896 [JavaFX Application Thread] DEBUG PhysicsWorld         - Clearing physics world
22:33:59.898 [FXGL Background Thread 1 ] DEBUG FXGLApplication      - Initializing game
22:33:59.908 [FXGL Background Thread 1 ] INFO  FXGLApplication      - Game initialization took: 0.010 sec
22:33:59.964 [JavaFX Application Thread] DEBUG Input                - Clearing active input actions
22:33:59.978 [JavaFX Application Thread] DEBUG GameApplicationServi - Removing overlay from FXGLLoadingScene and adding to GameScene
22:33:59.978 [JavaFX Application Thread] DEBUG PrimaryStageWindow   - FXGLLoadingScene -> GameScene
22:34:00.253 [FXGL Background Thread 2 ] INFO  UpdaterService       - Your current version:  21
22:34:00.253 [FXGL Background Thread 2 ] INFO  UpdaterService       - Latest stable version: 21.1
22:34:00.576 [JavaFX Application Thread] DEBUG PrimaryStageWindow   - Push state: DialogSubScene
22:34:00.577 [JavaFX Application Thread] DEBUG Input                - Clearing active input actions
22:34:00.577 [JavaFX Application Thread] DEBUG GameApplicationServi - Removing overlay from GameScene and adding to DialogSubScene
22:34:00.578 [JavaFX Application Thread] DEBUG PrimaryStageWindow   - GameScene -> DialogSubScene
22:34:00.580 [JavaFX Application Thread] DEBUG LoopRunner           - Stopping loop
22:34:00.583 [JavaFX Application Thread] FATAL FXGLApplication      - Uncaught Exception:
java.lang.NullPointerException: Cannot invoke "java.net.URL.toExternalForm()" because the return value of "java.lang.Class.getResource(String)" is null
	at com.game.LoadGame.LoadGame(LoadGame.java:41)
	at com.game.App.lambda$1(App.java:92)
	at com.sun.javafx.event.CompositeEventHandler.dispatchBubblingEvent(CompositeEventHandler.java:86)
	at com.sun.javafx.event.EventHandlerManager.dispatchBubblingEvent(EventHandlerManager.java:232)
	at com.sun.javafx.event.EventHandlerManager.dispatchBubblingEvent(EventHandlerManager.java:189)
	at com.sun.javafx.event.CompositeEventDispatcher.dispatchBubblingEvent(CompositeEventDispatcher.java:59)
	at com.sun.javafx.event.BasicEventDispatcher.dispatchEvent(BasicEventDispatcher.java:58)
	at com.sun.javafx.event.EventDispatchChainImpl.dispatchEvent(EventDispatchChainImpl.java:114)
	at com.sun.javafx.event.BasicEventDispatcher.dispatchEvent(BasicEventDispatcher.java:56)
	at com.sun.javafx.event.EventDispatchChainImpl.dispatchEvent(EventDispatchChainImpl.java:114)
	at com.sun.javafx.event.BasicEventDispatcher.dispatchEvent(BasicEventDispatcher.java:56)
	at com.sun.javafx.event.EventDispatchChainImpl.dispatchEvent(EventDispatchChainImpl.java:114)
	at com.sun.javafx.event.EventUtil.fireEventImpl(EventUtil.java:74)
	at com.sun.javafx.event.EventUtil.fireEvent(EventUtil.java:49)
	at javafx.event.Event.fireEvent(Event.java:198)
	at javafx.scene.Node.fireEvent(Node.java:8875)
	at javafx.scene.control.Button.fire(Button.java:203)
	at com.sun.javafx.scene.control.behavior.ButtonBehavior.mouseReleased(ButtonBehavior.java:207)
	at com.sun.javafx.scene.control.inputmap.InputMap.handle(InputMap.java:274)
	at com.sun.javafx.event.CompositeEventHandler$NormalEventHandlerRecord.handleBubblingEvent(CompositeEventHandler.java:247)
	at com.sun.javafx.event.CompositeEventHandler.dispatchBubblingEvent(CompositeEventHandler.java:80)
	at com.sun.javafx.event.EventHandlerManager.dispatchBubblingEvent(EventHandlerManager.java:232)
	at com.sun.javafx.event.EventHandlerManager.dispatchBubblingEvent(EventHandlerManager.java:189)
	at com.sun.javafx.event.CompositeEventDispatcher.dispatchBubblingEvent(CompositeEventDispatcher.java:59)
	at com.sun.javafx.event.BasicEventDispatcher.dispatchEvent(BasicEventDispatcher.java:58)
	at com.sun.javafx.event.EventDispatchChainImpl.dispatchEvent(EventDispatchChainImpl.java:114)
	at com.sun.javafx.event.BasicEventDispatcher.dispatchEvent(BasicEventDispatcher.java:56)
	at com.sun.javafx.event.EventDispatchChainImpl.dispatchEvent(EventDispatchChainImpl.java:114)
	at com.sun.javafx.event.BasicEventDispatcher.dispatchEvent(BasicEventDispatcher.java:56)
	at com.sun.javafx.event.EventDispatchChainImpl.dispatchEvent(EventDispatchChainImpl.java:114)
	at com.sun.javafx.event.EventUtil.fireEventImpl(EventUtil.java:74)
	at com.sun.javafx.event.EventUtil.fireEvent(EventUtil.java:54)
	at javafx.event.Event.fireEvent(Event.java:198)
	at javafx.scene.Scene$MouseHandler.process(Scene.java:3984)
	at javafx.scene.Scene.processMouseEvent(Scene.java:1890)
	at javafx.scene.Scene$ScenePeerListener.mouseEvent(Scene.java:2708)
	at com.sun.javafx.tk.quantum.GlassViewEventHandler$MouseEventNotification.run(GlassViewEventHandler.java:411)
	at com.sun.javafx.tk.quantum.GlassViewEventHandler$MouseEventNotification.run(GlassViewEventHandler.java:301)
	at java.base/java.security.AccessController.doPrivileged(AccessController.java:400)
	at com.sun.javafx.tk.quantum.GlassViewEventHandler.lambda$handleMouseEvent$2(GlassViewEventHandler.java:450)
	at com.sun.javafx.tk.quantum.QuantumToolkit.runWithoutRenderLock(QuantumToolkit.java:424)
	at com.sun.javafx.tk.quantum.GlassViewEventHandler.handleMouseEvent(GlassViewEventHandler.java:449)
	at com.sun.glass.ui.View.handleMouseEvent(View.java:551)
	at com.sun.glass.ui.View.notifyMouse(View.java:937)
	at com.sun.glass.ui.win.WinApplication._runLoop(Native Method)
	at com.sun.glass.ui.win.WinApplication.lambda$runLoop$3(WinApplication.java:185)
	at java.base/java.lang.Thread.run(Thread.java:1583)

22:34:00.587 [JavaFX Application Thread] FATAL FXGLApplication      - Application will now exit
22:34:00.601 [JavaFX Application Thread] DEBUG PrimaryStageWindow   - Push state: ErrorSubScene
22:34:00.601 [JavaFX Application Thread] DEBUG Input                - Clearing active input actions
22:34:00.603 [JavaFX Application Thread] DEBUG GameApplicationServi - Removing overlay from DialogSubScene and adding to ErrorSubScene
22:34:00.603 [JavaFX Application Thread] DEBUG PrimaryStageWindow   - DialogSubScene -> ErrorSubScene
22:34:02.785 [FXGL Background Thread 3 ] DEBUG Engine               - Logging environment variables
22:34:02.786 [FXGL Background Thread 3 ] DEBUG Engine               - achievements: []
22:34:02.786 [FXGL Background Thread 3 ] DEBUG Engine               - actualHeight: 790.0
22:34:02.786 [FXGL Background Thread 3 ] DEBUG Engine               - actualHeightProperty: ReadOnlyDoubleProperty [value: 790.0]
22:34:02.786 [FXGL Background Thread 3 ] DEBUG Engine               - actualWidth: 1100.0
22:34:02.786 [FXGL Background Thread 3 ] DEBUG Engine               - actualWidthProperty: ReadOnlyDoubleProperty [value: 1100.0]
22:34:02.786 [FXGL Background Thread 3 ] DEBUG Engine               - appIcon: fxgl_icon.png
22:34:02.786 [FXGL Background Thread 3 ] DEBUG Engine               - applicationMode: DEVELOPER
22:34:02.786 [FXGL Background Thread 3 ] DEBUG Engine               - cSSList: [fxgl_dark.css]
22:34:02.787 [FXGL Background Thread 3 ] DEBUG Engine               - collisionDetectionStrategy: BRUTE_FORCE
22:34:02.787 [FXGL Background Thread 3 ] DEBUG Engine               - configClass: Optional.empty
22:34:02.787 [FXGL Background Thread 3 ] DEBUG Engine               - credits: []
22:34:02.787 [FXGL Background Thread 3 ] DEBUG Engine               - defaultCursor: CursorInfo(imageName=fxgl_default_cursor.png, hotspotX=7.0, hotspotY=6.0)
22:34:02.787 [FXGL Background Thread 3 ] DEBUG Engine               - devBBoxColorProperty: ObjectProperty [value: 0xff0000ff]
22:34:02.787 [FXGL Background Thread 3 ] DEBUG Engine               - devEnableDebugCameraProperty: BooleanProperty [value: false]
22:34:02.787 [FXGL Background Thread 3 ] DEBUG Engine               - devSensorColorProperty: ObjectProperty [value: 0xffff00ff]
22:34:02.788 [FXGL Background Thread 3 ] DEBUG Engine               - devShowBBoxProperty: BooleanProperty [value: false]
22:34:02.788 [FXGL Background Thread 3 ] DEBUG Engine               - devShowPositionProperty: BooleanProperty [value: false]
22:34:02.788 [FXGL Background Thread 3 ] DEBUG Engine               - enabledMenuItems: []
22:34:02.788 [FXGL Background Thread 3 ] DEBUG Engine               - engineServices: [class com.almasb.fxgl.app.services.FXGLAssetLoaderService, class com.almasb.fxgl.app.FXGLApplication$GameApplicationService, class com.almasb.fxgl.app.services.FXGLDialogService, class com.almasb.fxgl.app.services.IOTaskExecutorService, class com.almasb.fxgl.io.FileSystemService, class com.almasb.fxgl.localization.LocalizationService, class com.almasb.fxgl.app.services.SystemBundleService, class com.almasb.fxgl.profile.SaveLoadService, class com.almasb.fxgl.ui.FXGLUIFactoryServiceProvider, class com.almasb.fxgl.ui.FXGLDialogFactoryServiceProvider, class com.almasb.fxgl.audio.AudioPlayer, class com.almasb.fxgl.notification.impl.NotificationServiceProvider, class com.almasb.fxgl.achievement.AchievementService, class com.almasb.fxgl.cutscene.CutsceneService, class com.almasb.fxgl.minigames.MiniGameService, class com.almasb.fxgl.net.NetService, class com.almasb.fxgl.app.services.UpdaterService, class com.almasb.fxgl.dev.DevService]
22:34:02.788 [FXGL Background Thread 3 ] DEBUG Engine               - fontGame: Abel-Regular.ttf
22:34:02.788 [FXGL Background Thread 3 ] DEBUG Engine               - fontMono: TerminalLandMono-Regular.otf
22:34:02.788 [FXGL Background Thread 3 ] DEBUG Engine               - fontSizeScaleUI: 1.0
22:34:02.788 [FXGL Background Thread 3 ] DEBUG Engine               - fontText: Courier-Prime.ttf
22:34:02.788 [FXGL Background Thread 3 ] DEBUG Engine               - fontUI: VarelaRound-Regular.ttf
22:34:02.788 [FXGL Background Thread 3 ] DEBUG Engine               - fullScreen: BooleanProperty [value: false]
22:34:02.788 [FXGL Background Thread 3 ] DEBUG Engine               - gameDifficulty: MEDIUM
22:34:02.788 [FXGL Background Thread 3 ] DEBUG Engine               - gameDifficultyProperty: ObjectProperty [value: MEDIUM]
22:34:02.788 [FXGL Background Thread 3 ] DEBUG Engine               - globalMusicVolume: 0.5
22:34:02.788 [FXGL Background Thread 3 ] DEBUG Engine               - globalMusicVolumeProperty: DoubleProperty [value: 0.5]
22:34:02.788 [FXGL Background Thread 3 ] DEBUG Engine               - globalSoundVolume: 0.5
22:34:02.788 [FXGL Background Thread 3 ] DEBUG Engine               - globalSoundVolumeProperty: DoubleProperty [value: 0.5]
22:34:02.788 [FXGL Background Thread 3 ] DEBUG Engine               - height: 790
22:34:02.788 [FXGL Background Thread 3 ] DEBUG Engine               - is3D: false
22:34:02.788 [FXGL Background Thread 3 ] DEBUG Engine               - isAndroid: false
22:34:02.788 [FXGL Background Thread 3 ] DEBUG Engine               - isBrowser: false
22:34:02.788 [FXGL Background Thread 3 ] DEBUG Engine               - isClickFeedbackEnabled: false
22:34:02.788 [FXGL Background Thread 3 ] DEBUG Engine               - isCloseConfirmation: false
22:34:02.788 [FXGL Background Thread 3 ] DEBUG Engine               - isDesktop: true
22:34:02.788 [FXGL Background Thread 3 ] DEBUG Engine               - isDeveloperMenuEnabled: false
22:34:02.788 [FXGL Background Thread 3 ] DEBUG Engine               - isEmbedded: false
22:34:02.788 [FXGL Background Thread 3 ] DEBUG Engine               - isEntityPreloadEnabled: true
22:34:02.788 [FXGL Background Thread 3 ] DEBUG Engine               - isExperimentalTiledLargeMap: false
22:34:02.788 [FXGL Background Thread 3 ] DEBUG Engine               - isFileSystemWriteAllowed: true
22:34:02.788 [FXGL Background Thread 3 ] DEBUG Engine               - isFullScreenAllowed: false
22:34:02.789 [FXGL Background Thread 3 ] DEBUG Engine               - isFullScreenFromStart: false
22:34:02.789 [FXGL Background Thread 3 ] DEBUG Engine               - isGameMenuEnabled: true
22:34:02.789 [FXGL Background Thread 3 ] DEBUG Engine               - isIOS: false
22:34:02.789 [FXGL Background Thread 3 ] DEBUG Engine               - isIntroEnabled: false
22:34:02.789 [FXGL Background Thread 3 ] DEBUG Engine               - isLinux: false
22:34:02.789 [FXGL Background Thread 3 ] DEBUG Engine               - isMac: false
22:34:02.789 [FXGL Background Thread 3 ] DEBUG Engine               - isMainMenuEnabled: false
22:34:02.789 [FXGL Background Thread 3 ] DEBUG Engine               - isManualResizeEnabled: false
22:34:02.789 [FXGL Background Thread 3 ] DEBUG Engine               - isMobile: false
22:34:02.789 [FXGL Background Thread 3 ] DEBUG Engine               - isNative: false
22:34:02.789 [FXGL Background Thread 3 ] DEBUG Engine               - isPauseMusicWhenMinimized: true
22:34:02.789 [FXGL Background Thread 3 ] DEBUG Engine               - isPreserveResizeRatio: false
22:34:02.789 [FXGL Background Thread 3 ] DEBUG Engine               - isProfilingEnabled: false
22:34:02.789 [FXGL Background Thread 3 ] DEBUG Engine               - isScaleAffectedOnResize: true
22:34:02.789 [FXGL Background Thread 3 ] DEBUG Engine               - isSingleStep: false
22:34:02.789 [FXGL Background Thread 3 ] DEBUG Engine               - isUserProfileEnabled: false
22:34:02.789 [FXGL Background Thread 3 ] DEBUG Engine               - isWindows: true
22:34:02.789 [FXGL Background Thread 3 ] DEBUG Engine               - language: ObjectProperty [value: ENGLISH]
22:34:02.789 [FXGL Background Thread 3 ] DEBUG Engine               - menuKey: ESCAPE
22:34:02.789 [FXGL Background Thread 3 ] DEBUG Engine               - mouseSensitivity: 0.2
22:34:02.789 [FXGL Background Thread 3 ] DEBUG Engine               - notificationViewClass: class com.almasb.fxgl.notification.view.XboxNotificationView
22:34:02.789 [FXGL Background Thread 3 ] DEBUG Engine               - pixelsPerMeter: 50.0
22:34:02.789 [FXGL Background Thread 3 ] DEBUG Engine               - platform: WINDOWS
22:34:02.789 [FXGL Background Thread 3 ] DEBUG Engine               - prefHeightProperty: ReadOnlyDoubleProperty [value: 790.0]
22:34:02.789 [FXGL Background Thread 3 ] DEBUG Engine               - prefWidthProperty: ReadOnlyDoubleProperty [value: 1100.0]
22:34:02.789 [FXGL Background Thread 3 ] DEBUG Engine               - profileDir: profiles/
22:34:02.789 [FXGL Background Thread 3 ] DEBUG Engine               - profileName: StringProperty [value: DEFAULT]
22:34:02.789 [FXGL Background Thread 3 ] DEBUG Engine               - randomSeed: -1
22:34:02.789 [FXGL Background Thread 3 ] DEBUG Engine               - runtimeInfo: RuntimeInfo(platform=WINDOWS, version=21, build=28.12.2023 13.35)
22:34:02.789 [FXGL Background Thread 3 ] DEBUG Engine               - saveFileExt: sav
22:34:02.789 [FXGL Background Thread 3 ] DEBUG Engine               - scaledHeightProp$fxgl: DoubleProperty [bound, value: 790.0]
22:34:02.790 [FXGL Background Thread 3 ] DEBUG Engine               - scaledWidthProp$fxgl: DoubleProperty [bound, value: 1100.0]
22:34:02.790 [FXGL Background Thread 3 ] DEBUG Engine               - sceneFactory: com.almasb.fxgl.app.scene.SceneFactory@6930318e
22:34:02.790 [FXGL Background Thread 3 ] DEBUG Engine               - secondsIn24h: 60
22:34:02.790 [FXGL Background Thread 3 ] DEBUG Engine               - soundMenuBack: menu/back.wav
22:34:02.790 [FXGL Background Thread 3 ] DEBUG Engine               - soundMenuPress: menu/press.wav
22:34:02.790 [FXGL Background Thread 3 ] DEBUG Engine               - soundMenuSelect: menu/select.wav
22:34:02.790 [FXGL Background Thread 3 ] DEBUG Engine               - soundNotification: core/notification.wav
22:34:02.790 [FXGL Background Thread 3 ] DEBUG Engine               - stageStyle: DECORATED
22:34:02.790 [FXGL Background Thread 3 ] DEBUG Engine               - supportedLanguages: [ENGLISH, FRENCH, GERMAN, HUNGARIAN, RUSSIAN]
22:34:02.790 [FXGL Background Thread 3 ] DEBUG Engine               - ticksPerSecond: -1
22:34:02.790 [FXGL Background Thread 3 ] DEBUG Engine               - title: Tournament Of 5 Hearts
22:34:02.790 [FXGL Background Thread 3 ] DEBUG Engine               - urlGithub: https://github.com/AlmasB/FXGL
22:34:02.790 [FXGL Background Thread 3 ] DEBUG Engine               - urlLeaderboard: http://fxgl-top.herokuapp.com/
22:34:02.790 [FXGL Background Thread 3 ] DEBUG Engine               - urlPOM: https://raw.githubusercontent.com/AlmasB/FXGL/release/README.md
22:34:02.790 [FXGL Background Thread 3 ] DEBUG Engine               - userAppClass: class com.game.App
22:34:02.790 [FXGL Background Thread 3 ] DEBUG Engine               - version: 0.1
22:34:02.790 [FXGL Background Thread 3 ] DEBUG Engine               - versionCheckDays: 7
22:34:02.790 [FXGL Background Thread 3 ] DEBUG Engine               - width: 1100
22:34:02.790 [FXGL Background Thread 3 ] DEBUG Engine               - Logging services
22:34:02.790 [FXGL Background Thread 3 ] DEBUG Engine               - class com.almasb.fxgl.app.services.FXGLAssetLoaderService
22:34:02.790 [FXGL Background Thread 3 ] DEBUG Engine               - class com.almasb.fxgl.app.FXGLApplication$GameApplicationService
22:34:02.790 [FXGL Background Thread 3 ] DEBUG Engine               - class com.almasb.fxgl.app.services.FXGLDialogService
22:34:02.790 [FXGL Background Thread 3 ] DEBUG Engine               - class com.almasb.fxgl.app.services.IOTaskExecutorService
22:34:02.790 [FXGL Background Thread 3 ] DEBUG Engine               - class com.almasb.fxgl.io.FileSystemService
22:34:02.790 [FXGL Background Thread 3 ] DEBUG Engine               - class com.almasb.fxgl.localization.LocalizationService
22:34:02.790 [FXGL Background Thread 3 ] DEBUG Engine               - class com.almasb.fxgl.app.services.SystemBundleService
22:34:02.790 [FXGL Background Thread 3 ] DEBUG Engine               - class com.almasb.fxgl.profile.SaveLoadService
22:34:02.790 [FXGL Background Thread 3 ] DEBUG Engine               - class com.almasb.fxgl.ui.FXGLUIFactoryServiceProvider
22:34:02.790 [FXGL Background Thread 3 ] DEBUG Engine               - class com.almasb.fxgl.ui.FXGLDialogFactoryServiceProvider
22:34:02.790 [FXGL Background Thread 3 ] DEBUG Engine               - class com.almasb.fxgl.audio.AudioPlayer
22:34:02.790 [FXGL Background Thread 3 ] DEBUG Engine               - class com.almasb.fxgl.notification.impl.NotificationServiceProvider
22:34:02.790 [FXGL Background Thread 3 ] DEBUG Engine               - class com.almasb.fxgl.achievement.AchievementService
22:34:02.790 [FXGL Background Thread 3 ] DEBUG Engine               - class com.almasb.fxgl.cutscene.CutsceneService
22:34:02.790 [FXGL Background Thread 3 ] DEBUG Engine               - class com.almasb.fxgl.minigames.MiniGameService
22:34:02.790 [FXGL Background Thread 3 ] DEBUG Engine               - class com.almasb.fxgl.net.NetService
22:34:02.790 [FXGL Background Thread 3 ] DEBUG Engine               - class com.almasb.fxgl.app.services.UpdaterService
22:34:02.790 [FXGL Background Thread 3 ] DEBUG Engine               - class com.almasb.fxgl.dev.DevService
22:34:11.043 [JavaFX Application Thread] DEBUG FXGLApplication      - Exiting FXGL
22:34:11.043 [JavaFX Application Thread] DEBUG Async                - Shutting down background threads
22:34:11.044 [JavaFX Application Thread] DEBUG PrimaryStageWindow   - Closing main window
22:34:11.077 [JavaFX Application Thread] DEBUG Logger               - Closing Logger
