16:30:43.168 [main                     ] DEBUG Logger               - Configured Logger
16:30:43.188 [main                     ] DEBUG GameApplication      - Logging settings
Title: Tournament Of 5 Hearts
Version: 0.1
Width: 1100
Height: 790
Fullscreen: false
Intro: false
Profiling: false
Single step:false
App Mode: DEVELOPER
Menu Key: ESCAPE
Stage Style: DECORATED
Scene Factory: class com.almasb.fxgl.app.scene.SceneFactory

16:30:43.557 [JavaFX Application Thread] DEBUG FXGLApplication      - Initializing FXGL
16:30:43.559 [JavaFX Application Thread] INFO  Engine               - FXGL-21 (28.12.2023 13.35) on WINDOWS (J:21.0.5 FX:21)
16:30:43.559 [JavaFX Application Thread] DEBUG Engine               - JRE Vendor Name: Eclipse Adoptium
16:30:43.560 [JavaFX Application Thread] DEBUG Engine               - Running on OS: Windows 11 version 10.0
16:30:43.560 [JavaFX Application Thread] DEBUG Engine               - Architecture: amd64
16:30:43.560 [JavaFX Application Thread] INFO  Engine               - Source code and latest versions at: https://github.com/AlmasB/FXGL
16:30:43.560 [JavaFX Application Thread] INFO  Engine               -       Ask questions and discuss at: https://github.com/AlmasB/FXGL/discussions
16:30:43.560 [JavaFX Application Thread] INFO  Engine               -              Join the FXGL chat at: https://gitter.im/AlmasB/FXGL
16:30:43.634 [JavaFX Application Thread] DEBUG PrimaryStageWindow   - Creating a JavaFX scene
16:30:43.669 [JavaFX Application Thread] DEBUG PrimaryStageWindow   - Target settings size: 1100.0 x 790.0
16:30:43.669 [JavaFX Application Thread] DEBUG PrimaryStageWindow   - Scaled scene size:    1100.0 x 790.0
16:30:43.669 [JavaFX Application Thread] DEBUG PrimaryStageWindow   - Scaled ratio: (1.0, 1.0)
16:30:43.670 [JavaFX Application Thread] DEBUG PrimaryStageWindow   - Set initial scene to FXGLStartupScene
16:30:43.672 [JavaFX Application Thread] DEBUG PrimaryStageWindow   - Opening main window
16:30:43.739 [JavaFX Application Thread] DEBUG PrimaryStageWindow   - Window border size: (14.4000244140625, 38.0)
16:30:43.739 [JavaFX Application Thread] DEBUG PrimaryStageWindow   - Scaled size: 1100.0 x 790.0
16:30:43.739 [JavaFX Application Thread] DEBUG PrimaryStageWindow   - Scaled ratio: (1.0, 1.0)
16:30:43.739 [JavaFX Application Thread] DEBUG PrimaryStageWindow   - Scene size: 1100.0 x 790.0
16:30:43.739 [JavaFX Application Thread] DEBUG PrimaryStageWindow   - Stage size: 1114.4000244140625 x 828.0
16:30:43.744 [FXGL Background Thread 1 ] DEBUG Engine               - Initializing environment variables
16:30:43.782 [FXGL Background Thread 1 ] DEBUG FXGLAssetLoaderServi - User app class for loading assets: class com.game.App
16:30:43.782 [FXGL Background Thread 1 ] DEBUG GameApplicationServi - Applying CSS: fxgl_dark.css
16:30:43.783 [FXGL Background Thread 1 ] DEBUG FXGLAssetLoaderServi - Loading from file system: jar:file:/C:/Users/USER/.m2/repository/com/github/almasb/fxgl/21/fxgl-21.jar!/fxglassets/ui/css/fxgl_dark.css
16:30:43.810 [FXGL Background Thread 1 ] DEBUG GameApplicationServi - Initializing application scenes
16:30:43.852 [FXGL Background Thread 1 ] DEBUG GameWorld            - Game world initialized
16:30:43.900 [FXGL Background Thread 1 ] DEBUG PhysicsWorld         - Physics world initialized: appHeight=790, physics.ppm=50.0
16:30:43.900 [FXGL Background Thread 1 ] DEBUG PhysicsWorld         - Using strategy: BRUTE_FORCE
16:30:43.903 [FXGL Background Thread 1 ] DEBUG GameScene            - Game scene initialized: 1100x790
16:30:43.912 [FXGL Background Thread 1 ] DEBUG FXGL.DefaultMenu     - createMenuBodyGameMenu()
16:30:43.922 [FXGL Background Thread 1 ] DEBUG FXGL.DefaultMenu     - createOptionsMenu()
16:30:43.929 [FXGL Background Thread 1 ] DEBUG FXGLAssetLoaderServi - Loading from file system: jar:file:/C:/Users/USER/.m2/repository/com/github/almasb/fxgl/21/fxgl-21.jar!/fxglassets/textures/particles/smoke.png
16:30:44.014 [FXGL Background Thread 1 ] DEBUG FXGLAssetLoaderServi - Loading from file system: jar:file:/C:/Users/USER/.m2/repository/com/github/almasb/fxgl/21/fxgl-21.jar!/fxglassets/textures/particles/trace_horizontal.png
16:30:44.033 [FXGL Background Thread 1 ] DEBUG GameApplicationServi - Application scenes initialized
16:30:44.042 [FXGL Background Thread 1 ] DEBUG SystemBundleService  - Loading FXGL system data
16:30:44.046 [FXGL Background Thread 1 ] DEBUG FileSystemAccess     - Reading from: C:\Users\USER\Desktop\project\256702-F2-Team20-655-809\system\fxgl.bundle
16:30:44.052 [FXGL Background Thread 1 ] DEBUG SystemBundleService  - Bundle FXGL: {}
16:30:44.052 [FXGL Background Thread 1 ] DEBUG UpdaterService       - Checking for updates
16:30:44.055 [FXGL Background Thread 4 ] DEBUG FXGLApplication      - Loading fonts
16:30:44.055 [FXGL Background Thread 4 ] DEBUG FXGLAssetLoaderServi - Loading from file system: jar:file:/C:/Users/USER/.m2/repository/com/github/almasb/fxgl/21/fxgl-21.jar!/fxglassets/ui/fonts/VarelaRound-Regular.ttf
16:30:44.056 [FXGL Background Thread 1 ] DEBUG FXGLApplication      - Loading default localization
16:30:44.056 [FXGL Background Thread 1 ] DEBUG FXGLAssetLoaderServi - Loading from file system: jar:file:/C:/Users/USER/.m2/repository/com/github/almasb/fxgl/21/fxgl-21.jar!/fxglassets/languages/english.lang
16:30:44.084 [FXGL Background Thread 4 ] DEBUG FXGLAssetLoaderServi - Loading from file system: jar:file:/C:/Users/USER/.m2/repository/com/github/almasb/fxgl/21/fxgl-21.jar!/fxglassets/ui/fonts/Abel-Regular.ttf
16:30:44.086 [FXGL Background Thread 4 ] DEBUG FXGLAssetLoaderServi - Loading from file system: jar:file:/C:/Users/USER/.m2/repository/com/github/almasb/fxgl/21/fxgl-21.jar!/fxglassets/ui/fonts/TerminalLandMono-Regular.otf
16:30:44.088 [FXGL Background Thread 4 ] DEBUG FXGLAssetLoaderServi - Loading from file system: jar:file:/C:/Users/USER/.m2/repository/com/github/almasb/fxgl/21/fxgl-21.jar!/fxglassets/ui/fonts/Courier-Prime.ttf
16:30:44.093 [FXGL Background Thread 1 ] INFO  FXGLApplication      - FXGL initialization took: 0.348 sec
16:30:44.094 [JavaFX Application Thread] DEBUG FXGLAssetLoaderServi - Loading from file system: jar:file:/C:/Users/USER/.m2/repository/com/github/almasb/fxgl/21/fxgl-21.jar!/fxglassets/textures/fxgl_icon.png
16:30:44.110 [JavaFX Application Thread] DEBUG FXGLAssetLoaderServi - Loading from file system: jar:file:/C:/Users/USER/.m2/repository/com/github/almasb/fxgl/21/fxgl-21.jar!/fxglassets/textures/fxgl_default_cursor.png
16:30:44.128 [JavaFX Application Thread] DEBUG Input                - Registered new binding: Screenshot - CTRL+8
16:30:44.129 [JavaFX Application Thread] DEBUG Input                - Registered new binding: System info dump - CTRL+9
16:30:44.130 [JavaFX Application Thread] DEBUG Input                - Registered new binding: Restart - CTRL+R
16:30:44.130 [JavaFX Application Thread] DEBUG Input                - Registered new binding: Toggle Debug Camera - CTRL+7
16:30:44.133 [JavaFX Application Thread] DEBUG LoopRunner           - Starting loop
16:30:44.133 [JavaFX Application Thread] DEBUG LoopRunner           - Initializing JavaFX AnimationTimerLoop
16:30:44.134 [JavaFX Application Thread] DEBUG GameApplicationServi - Starting new game
16:30:44.134 [JavaFX Application Thread] DEBUG Input                - Clearing active input actions
16:30:44.144 [JavaFX Application Thread] DEBUG GameApplicationServi - Removing overlay from FXGLStartupScene and adding to FXGLLoadingScene
16:30:44.145 [JavaFX Application Thread] DEBUG PrimaryStageWindow   - FXGLStartupScene -> FXGLLoadingScene
16:30:44.145 [JavaFX Application Thread] DEBUG GameApplicationServi - Clearing previous game
16:30:44.145 [JavaFX Application Thread] DEBUG GameScene            - Clearing game scene
16:30:44.145 [JavaFX Application Thread] DEBUG GameWorld            - Clearing game world
16:30:44.145 [JavaFX Application Thread] DEBUG PhysicsWorld         - Clearing physics world
16:30:44.147 [FXGL Background Thread 4 ] DEBUG FXGLApplication      - Initializing game
16:30:44.148 [JavaFX Application Thread] DEBUG FXGLApplication      - Registering font factories with UI factory
16:30:44.150 [FXGL Background Thread 4 ] WARN  FXGLAssetLoaderServi - Asset "/assets/textures/005.png" was not found!
16:30:44.151 [FXGL Background Thread 4 ] WARN  FXGLAssetLoaderServi - Failed to load IMAGE
16:30:44.301 [FXGL Background Thread 4 ] INFO  FXGLApplication      - Game initialization took: 0.154 sec
16:30:44.302 [JavaFX Application Thread] DEBUG Input                - Clearing active input actions
16:30:44.316 [JavaFX Application Thread] DEBUG GameApplicationServi - Removing overlay from FXGLLoadingScene and adding to GameScene
16:30:44.316 [JavaFX Application Thread] DEBUG PrimaryStageWindow   - FXGLLoadingScene -> GameScene
16:30:44.411 [FXGL Background Thread 2 ] INFO  UpdaterService       - Your current version:  21
16:30:44.412 [FXGL Background Thread 2 ] INFO  UpdaterService       - Latest stable version: 21.1
16:30:47.054 [FXGL Background Thread 3 ] DEBUG Engine               - Logging environment variables
16:30:47.055 [FXGL Background Thread 3 ] DEBUG Engine               - achievements: []
16:30:47.055 [FXGL Background Thread 3 ] DEBUG Engine               - actualHeight: 790.0
16:30:47.055 [FXGL Background Thread 3 ] DEBUG Engine               - actualHeightProperty: ReadOnlyDoubleProperty [value: 790.0]
16:30:47.055 [FXGL Background Thread 3 ] DEBUG Engine               - actualWidth: 1100.0
16:30:47.055 [FXGL Background Thread 3 ] DEBUG Engine               - actualWidthProperty: ReadOnlyDoubleProperty [value: 1100.0]
16:30:47.055 [FXGL Background Thread 3 ] DEBUG Engine               - appIcon: fxgl_icon.png
16:30:47.055 [FXGL Background Thread 3 ] DEBUG Engine               - applicationMode: DEVELOPER
16:30:47.055 [FXGL Background Thread 3 ] DEBUG Engine               - cSSList: [fxgl_dark.css]
16:30:47.055 [FXGL Background Thread 3 ] DEBUG Engine               - collisionDetectionStrategy: BRUTE_FORCE
16:30:47.055 [FXGL Background Thread 3 ] DEBUG Engine               - configClass: Optional.empty
16:30:47.055 [FXGL Background Thread 3 ] DEBUG Engine               - credits: []
16:30:47.055 [FXGL Background Thread 3 ] DEBUG Engine               - defaultCursor: CursorInfo(imageName=fxgl_default_cursor.png, hotspotX=7.0, hotspotY=6.0)
16:30:47.055 [FXGL Background Thread 3 ] DEBUG Engine               - devBBoxColorProperty: ObjectProperty [value: 0xff0000ff]
16:30:47.055 [FXGL Background Thread 3 ] DEBUG Engine               - devEnableDebugCameraProperty: BooleanProperty [value: false]
16:30:47.055 [FXGL Background Thread 3 ] DEBUG Engine               - devSensorColorProperty: ObjectProperty [value: 0xffff00ff]
16:30:47.055 [FXGL Background Thread 3 ] DEBUG Engine               - devShowBBoxProperty: BooleanProperty [value: false]
16:30:47.055 [FXGL Background Thread 3 ] DEBUG Engine               - devShowPositionProperty: BooleanProperty [value: false]
16:30:47.055 [FXGL Background Thread 3 ] DEBUG Engine               - enabledMenuItems: []
16:30:47.056 [FXGL Background Thread 3 ] DEBUG Engine               - engineServices: [class com.almasb.fxgl.app.services.FXGLAssetLoaderService, class com.almasb.fxgl.app.FXGLApplication$GameApplicationService, class com.almasb.fxgl.app.services.FXGLDialogService, class com.almasb.fxgl.app.services.IOTaskExecutorService, class com.almasb.fxgl.io.FileSystemService, class com.almasb.fxgl.localization.LocalizationService, class com.almasb.fxgl.app.services.SystemBundleService, class com.almasb.fxgl.profile.SaveLoadService, class com.almasb.fxgl.ui.FXGLUIFactoryServiceProvider, class com.almasb.fxgl.ui.FXGLDialogFactoryServiceProvider, class com.almasb.fxgl.audio.AudioPlayer, class com.almasb.fxgl.notification.impl.NotificationServiceProvider, class com.almasb.fxgl.achievement.AchievementService, class com.almasb.fxgl.cutscene.CutsceneService, class com.almasb.fxgl.minigames.MiniGameService, class com.almasb.fxgl.net.NetService, class com.almasb.fxgl.app.services.UpdaterService, class com.almasb.fxgl.dev.DevService]
16:30:47.056 [FXGL Background Thread 3 ] DEBUG Engine               - fontGame: Abel-Regular.ttf
16:30:47.056 [FXGL Background Thread 3 ] DEBUG Engine               - fontMono: TerminalLandMono-Regular.otf
16:30:47.056 [FXGL Background Thread 3 ] DEBUG Engine               - fontSizeScaleUI: 1.0
16:30:47.056 [FXGL Background Thread 3 ] DEBUG Engine               - fontText: Courier-Prime.ttf
16:30:47.056 [FXGL Background Thread 3 ] DEBUG Engine               - fontUI: VarelaRound-Regular.ttf
16:30:47.056 [FXGL Background Thread 3 ] DEBUG Engine               - fullScreen: BooleanProperty [value: false]
16:30:47.056 [FXGL Background Thread 3 ] DEBUG Engine               - gameDifficulty: MEDIUM
16:30:47.056 [FXGL Background Thread 3 ] DEBUG Engine               - gameDifficultyProperty: ObjectProperty [value: MEDIUM]
16:30:47.056 [FXGL Background Thread 3 ] DEBUG Engine               - globalMusicVolume: 0.5
16:30:47.056 [FXGL Background Thread 3 ] DEBUG Engine               - globalMusicVolumeProperty: DoubleProperty [value: 0.5]
16:30:47.056 [FXGL Background Thread 3 ] DEBUG Engine               - globalSoundVolume: 0.5
16:30:47.056 [FXGL Background Thread 3 ] DEBUG Engine               - globalSoundVolumeProperty: DoubleProperty [value: 0.5]
16:30:47.056 [FXGL Background Thread 3 ] DEBUG Engine               - height: 790
16:30:47.056 [FXGL Background Thread 3 ] DEBUG Engine               - is3D: false
16:30:47.056 [FXGL Background Thread 3 ] DEBUG Engine               - isAndroid: false
16:30:47.056 [FXGL Background Thread 3 ] DEBUG Engine               - isBrowser: false
16:30:47.056 [FXGL Background Thread 3 ] DEBUG Engine               - isClickFeedbackEnabled: false
16:30:47.056 [FXGL Background Thread 3 ] DEBUG Engine               - isCloseConfirmation: false
16:30:47.056 [FXGL Background Thread 3 ] DEBUG Engine               - isDesktop: true
16:30:47.056 [FXGL Background Thread 3 ] DEBUG Engine               - isDeveloperMenuEnabled: false
16:30:47.056 [FXGL Background Thread 3 ] DEBUG Engine               - isEmbedded: false
16:30:47.056 [FXGL Background Thread 3 ] DEBUG Engine               - isEntityPreloadEnabled: true
16:30:47.056 [FXGL Background Thread 3 ] DEBUG Engine               - isExperimentalTiledLargeMap: false
16:30:47.056 [FXGL Background Thread 3 ] DEBUG Engine               - isFileSystemWriteAllowed: true
16:30:47.056 [FXGL Background Thread 3 ] DEBUG Engine               - isFullScreenAllowed: false
16:30:47.056 [FXGL Background Thread 3 ] DEBUG Engine               - isFullScreenFromStart: false
16:30:47.056 [FXGL Background Thread 3 ] DEBUG Engine               - isGameMenuEnabled: true
16:30:47.056 [FXGL Background Thread 3 ] DEBUG Engine               - isIOS: false
16:30:47.056 [FXGL Background Thread 3 ] DEBUG Engine               - isIntroEnabled: false
16:30:47.056 [FXGL Background Thread 3 ] DEBUG Engine               - isLinux: false
16:30:47.056 [FXGL Background Thread 3 ] DEBUG Engine               - isMac: false
16:30:47.056 [FXGL Background Thread 3 ] DEBUG Engine               - isMainMenuEnabled: false
16:30:47.056 [FXGL Background Thread 3 ] DEBUG Engine               - isManualResizeEnabled: false
16:30:47.057 [FXGL Background Thread 3 ] DEBUG Engine               - isMobile: false
16:30:47.057 [FXGL Background Thread 3 ] DEBUG Engine               - isNative: false
16:30:47.057 [FXGL Background Thread 3 ] DEBUG Engine               - isPauseMusicWhenMinimized: true
16:30:47.057 [FXGL Background Thread 3 ] DEBUG Engine               - isPreserveResizeRatio: false
16:30:47.057 [FXGL Background Thread 3 ] DEBUG Engine               - isProfilingEnabled: false
16:30:47.057 [FXGL Background Thread 3 ] DEBUG Engine               - isScaleAffectedOnResize: true
16:30:47.057 [FXGL Background Thread 3 ] DEBUG Engine               - isSingleStep: false
16:30:47.057 [FXGL Background Thread 3 ] DEBUG Engine               - isUserProfileEnabled: false
16:30:47.057 [FXGL Background Thread 3 ] DEBUG Engine               - isWindows: true
16:30:47.057 [FXGL Background Thread 3 ] DEBUG Engine               - language: ObjectProperty [value: ENGLISH]
16:30:47.057 [FXGL Background Thread 3 ] DEBUG Engine               - menuKey: ESCAPE
16:30:47.057 [FXGL Background Thread 3 ] DEBUG Engine               - mouseSensitivity: 0.2
16:30:47.057 [FXGL Background Thread 3 ] DEBUG Engine               - notificationViewClass: class com.almasb.fxgl.notification.view.XboxNotificationView
16:30:47.057 [FXGL Background Thread 3 ] DEBUG Engine               - pixelsPerMeter: 50.0
16:30:47.057 [FXGL Background Thread 3 ] DEBUG Engine               - platform: WINDOWS
16:30:47.057 [FXGL Background Thread 3 ] DEBUG Engine               - prefHeightProperty: ReadOnlyDoubleProperty [value: 790.0]
16:30:47.057 [FXGL Background Thread 3 ] DEBUG Engine               - prefWidthProperty: ReadOnlyDoubleProperty [value: 1100.0]
16:30:47.057 [FXGL Background Thread 3 ] DEBUG Engine               - profileDir: profiles/
16:30:47.057 [FXGL Background Thread 3 ] DEBUG Engine               - profileName: StringProperty [value: DEFAULT]
16:30:47.057 [FXGL Background Thread 3 ] DEBUG Engine               - randomSeed: -1
16:30:47.057 [FXGL Background Thread 3 ] DEBUG Engine               - runtimeInfo: RuntimeInfo(platform=WINDOWS, version=21, build=28.12.2023 13.35)
16:30:47.057 [FXGL Background Thread 3 ] DEBUG Engine               - saveFileExt: sav
16:30:47.057 [FXGL Background Thread 3 ] DEBUG Engine               - scaledHeightProp$fxgl: DoubleProperty [bound, value: 790.0]
16:30:47.057 [FXGL Background Thread 3 ] DEBUG Engine               - scaledWidthProp$fxgl: DoubleProperty [bound, value: 1100.0]
16:30:47.057 [FXGL Background Thread 3 ] DEBUG Engine               - sceneFactory: com.almasb.fxgl.app.scene.SceneFactory@6c3e38b7
16:30:47.057 [FXGL Background Thread 3 ] DEBUG Engine               - secondsIn24h: 60
16:30:47.057 [FXGL Background Thread 3 ] DEBUG Engine               - soundMenuBack: menu/back.wav
16:30:47.057 [FXGL Background Thread 3 ] DEBUG Engine               - soundMenuPress: menu/press.wav
16:30:47.057 [FXGL Background Thread 3 ] DEBUG Engine               - soundMenuSelect: menu/select.wav
16:30:47.057 [FXGL Background Thread 3 ] DEBUG Engine               - soundNotification: core/notification.wav
16:30:47.057 [FXGL Background Thread 3 ] DEBUG Engine               - stageStyle: DECORATED
16:30:47.057 [FXGL Background Thread 3 ] DEBUG Engine               - supportedLanguages: [ENGLISH, FRENCH, GERMAN, HUNGARIAN, RUSSIAN]
16:30:47.058 [FXGL Background Thread 3 ] DEBUG Engine               - ticksPerSecond: -1
16:30:47.058 [FXGL Background Thread 3 ] DEBUG Engine               - title: Tournament Of 5 Hearts
16:30:47.058 [FXGL Background Thread 3 ] DEBUG Engine               - urlGithub: https://github.com/AlmasB/FXGL
16:30:47.058 [FXGL Background Thread 3 ] DEBUG Engine               - urlLeaderboard: http://fxgl-top.herokuapp.com/
16:30:47.058 [FXGL Background Thread 3 ] DEBUG Engine               - urlPOM: https://raw.githubusercontent.com/AlmasB/FXGL/release/README.md
16:30:47.058 [FXGL Background Thread 3 ] DEBUG Engine               - userAppClass: class com.game.App
16:30:47.058 [FXGL Background Thread 3 ] DEBUG Engine               - version: 0.1
16:30:47.058 [FXGL Background Thread 3 ] DEBUG Engine               - versionCheckDays: 7
16:30:47.058 [FXGL Background Thread 3 ] DEBUG Engine               - width: 1100
16:30:47.058 [FXGL Background Thread 3 ] DEBUG Engine               - Logging services
16:30:47.058 [FXGL Background Thread 3 ] DEBUG Engine               - class com.almasb.fxgl.app.services.FXGLAssetLoaderService
16:30:47.058 [FXGL Background Thread 3 ] DEBUG Engine               - class com.almasb.fxgl.app.FXGLApplication$GameApplicationService
16:30:47.058 [FXGL Background Thread 3 ] DEBUG Engine               - class com.almasb.fxgl.app.services.FXGLDialogService
16:30:47.058 [FXGL Background Thread 3 ] DEBUG Engine               - class com.almasb.fxgl.app.services.IOTaskExecutorService
16:30:47.058 [FXGL Background Thread 3 ] DEBUG Engine               - class com.almasb.fxgl.io.FileSystemService
16:30:47.058 [FXGL Background Thread 3 ] DEBUG Engine               - class com.almasb.fxgl.localization.LocalizationService
16:30:47.058 [FXGL Background Thread 3 ] DEBUG Engine               - class com.almasb.fxgl.app.services.SystemBundleService
16:30:47.058 [FXGL Background Thread 3 ] DEBUG Engine               - class com.almasb.fxgl.profile.SaveLoadService
16:30:47.058 [FXGL Background Thread 3 ] DEBUG Engine               - class com.almasb.fxgl.ui.FXGLUIFactoryServiceProvider
16:30:47.058 [FXGL Background Thread 3 ] DEBUG Engine               - class com.almasb.fxgl.ui.FXGLDialogFactoryServiceProvider
16:30:47.058 [FXGL Background Thread 3 ] DEBUG Engine               - class com.almasb.fxgl.audio.AudioPlayer
16:30:47.058 [FXGL Background Thread 3 ] DEBUG Engine               - class com.almasb.fxgl.notification.impl.NotificationServiceProvider
16:30:47.058 [FXGL Background Thread 3 ] DEBUG Engine               - class com.almasb.fxgl.achievement.AchievementService
16:30:47.058 [FXGL Background Thread 3 ] DEBUG Engine               - class com.almasb.fxgl.cutscene.CutsceneService
16:30:47.058 [FXGL Background Thread 3 ] DEBUG Engine               - class com.almasb.fxgl.minigames.MiniGameService
16:30:47.058 [FXGL Background Thread 3 ] DEBUG Engine               - class com.almasb.fxgl.net.NetService
16:30:47.058 [FXGL Background Thread 3 ] DEBUG Engine               - class com.almasb.fxgl.app.services.UpdaterService
16:30:47.058 [FXGL Background Thread 3 ] DEBUG Engine               - class com.almasb.fxgl.dev.DevService
16:30:52.615 [JavaFX Application Thread] DEBUG FXGLApplication      - Exiting FXGL
16:30:52.615 [JavaFX Application Thread] DEBUG LoopRunner           - Stopping loop
16:30:52.615 [JavaFX Application Thread] DEBUG SystemBundleService  - Saving FXGL system data
16:30:52.617 [JavaFX Application Thread] DEBUG FileSystemAccess     - Writing to: C:\Users\USER\Desktop\project\256702-F2-Team20-655-809\system\fxgl.bundle
16:30:52.622 [JavaFX Application Thread] DEBUG Async                - Shutting down background threads
16:30:52.623 [JavaFX Application Thread] DEBUG PrimaryStageWindow   - Closing main window
16:30:52.644 [JavaFX Application Thread] DEBUG Logger               - Closing Logger
