17:03:10.803 [main                     ] DEBUG Logger               - Configured Logger
17:03:10.823 [main                     ] DEBUG GameApplication      - Logging settings
Title: Tournament Of 5 Hearts
Version: 0.1
Width: 1100
Height: 790
Fullscreen: false
Intro: false
Profiling: false
Single step:false
App Mode: DEVELOPER
Menu Key: ESCAPE
Stage Style: DECORATED
Scene Factory: class com.almasb.fxgl.app.scene.SceneFactory

17:03:11.242 [JavaFX Application Thread] DEBUG FXGLApplication      - Initializing FXGL
17:03:11.245 [JavaFX Application Thread] INFO  Engine               - FXGL-21 (28.12.2023 13.35) on WINDOWS (J:21.0.5 FX:21)
17:03:11.245 [JavaFX Application Thread] DEBUG Engine               - JRE Vendor Name: Eclipse Adoptium
17:03:11.246 [JavaFX Application Thread] DEBUG Engine               - Running on OS: Windows 11 version 10.0
17:03:11.246 [JavaFX Application Thread] DEBUG Engine               - Architecture: amd64
17:03:11.246 [JavaFX Application Thread] INFO  Engine               - Source code and latest versions at: https://github.com/AlmasB/FXGL
17:03:11.246 [JavaFX Application Thread] INFO  Engine               -       Ask questions and discuss at: https://github.com/AlmasB/FXGL/discussions
17:03:11.246 [JavaFX Application Thread] INFO  Engine               -              Join the FXGL chat at: https://gitter.im/AlmasB/FXGL
17:03:11.314 [JavaFX Application Thread] DEBUG PrimaryStageWindow   - Creating a JavaFX scene
17:03:11.345 [JavaFX Application Thread] DEBUG PrimaryStageWindow   - Target settings size: 1100.0 x 790.0
17:03:11.346 [JavaFX Application Thread] DEBUG PrimaryStageWindow   - Scaled scene size:    1100.0 x 790.0
17:03:11.346 [JavaFX Application Thread] DEBUG PrimaryStageWindow   - Scaled ratio: (1.0, 1.0)
17:03:11.347 [JavaFX Application Thread] DEBUG PrimaryStageWindow   - Set initial scene to FXGLStartupScene
17:03:11.349 [JavaFX Application Thread] DEBUG PrimaryStageWindow   - Opening main window
17:03:11.413 [JavaFX Application Thread] DEBUG PrimaryStageWindow   - Window border size: (14.4000244140625, 38.0)
17:03:11.413 [JavaFX Application Thread] DEBUG PrimaryStageWindow   - Scaled size: 1100.0 x 790.0
17:03:11.413 [JavaFX Application Thread] DEBUG PrimaryStageWindow   - Scaled ratio: (1.0, 1.0)
17:03:11.413 [JavaFX Application Thread] DEBUG PrimaryStageWindow   - Scene size: 1100.0 x 790.0
17:03:11.413 [JavaFX Application Thread] DEBUG PrimaryStageWindow   - Stage size: 1114.4000244140625 x 828.0
17:03:11.419 [FXGL Background Thread 1 ] DEBUG Engine               - Initializing environment variables
17:03:11.450 [FXGL Background Thread 1 ] DEBUG FXGLAssetLoaderServi - User app class for loading assets: class com.game.App
17:03:11.450 [FXGL Background Thread 1 ] DEBUG GameApplicationServi - Applying CSS: fxgl_dark.css
17:03:11.451 [FXGL Background Thread 1 ] DEBUG FXGLAssetLoaderServi - Loading from file system: jar:file:/C:/Users/user/.m2/repository/com/github/almasb/fxgl/21/fxgl-21.jar!/fxglassets/ui/css/fxgl_dark.css
17:03:11.477 [FXGL Background Thread 1 ] DEBUG GameApplicationServi - Initializing application scenes
17:03:11.512 [FXGL Background Thread 1 ] DEBUG GameWorld            - Game world initialized
17:03:11.552 [FXGL Background Thread 1 ] DEBUG PhysicsWorld         - Physics world initialized: appHeight=790, physics.ppm=50.0
17:03:11.552 [FXGL Background Thread 1 ] DEBUG PhysicsWorld         - Using strategy: BRUTE_FORCE
17:03:11.554 [FXGL Background Thread 1 ] DEBUG GameScene            - Game scene initialized: 1100x790
17:03:11.565 [FXGL Background Thread 1 ] DEBUG FXGL.DefaultMenu     - createMenuBodyGameMenu()
17:03:11.575 [FXGL Background Thread 1 ] DEBUG FXGL.DefaultMenu     - createOptionsMenu()
17:03:11.581 [FXGL Background Thread 1 ] DEBUG FXGLAssetLoaderServi - Loading from file system: jar:file:/C:/Users/user/.m2/repository/com/github/almasb/fxgl/21/fxgl-21.jar!/fxglassets/textures/particles/smoke.png
17:03:11.651 [FXGL Background Thread 1 ] DEBUG FXGLAssetLoaderServi - Loading from file system: jar:file:/C:/Users/user/.m2/repository/com/github/almasb/fxgl/21/fxgl-21.jar!/fxglassets/textures/particles/trace_horizontal.png
17:03:11.672 [FXGL Background Thread 1 ] DEBUG GameApplicationServi - Application scenes initialized
17:03:11.683 [FXGL Background Thread 1 ] DEBUG SystemBundleService  - Loading FXGL system data
17:03:11.686 [FXGL Background Thread 1 ] DEBUG FileSystemAccess     - Reading from: C:\Users\user\Downloads\256702-F2-Team20-655-809-1\system\fxgl.bundle
17:03:11.694 [FXGL Background Thread 1 ] DEBUG SystemBundleService  - Bundle FXGL: {}
17:03:11.694 [FXGL Background Thread 1 ] DEBUG UpdaterService       - Checking for updates
17:03:11.697 [FXGL Background Thread 4 ] DEBUG FXGLApplication      - Loading fonts
17:03:11.697 [FXGL Background Thread 4 ] DEBUG FXGLAssetLoaderServi - Loading from file system: jar:file:/C:/Users/user/.m2/repository/com/github/almasb/fxgl/21/fxgl-21.jar!/fxglassets/ui/fonts/VarelaRound-Regular.ttf
17:03:11.698 [FXGL Background Thread 1 ] DEBUG FXGLApplication      - Loading default localization
17:03:11.698 [FXGL Background Thread 1 ] DEBUG FXGLAssetLoaderServi - Loading from file system: jar:file:/C:/Users/user/.m2/repository/com/github/almasb/fxgl/21/fxgl-21.jar!/fxglassets/languages/english.lang
17:03:11.730 [FXGL Background Thread 4 ] DEBUG FXGLAssetLoaderServi - Loading from file system: jar:file:/C:/Users/user/.m2/repository/com/github/almasb/fxgl/21/fxgl-21.jar!/fxglassets/ui/fonts/Abel-Regular.ttf
17:03:11.731 [FXGL Background Thread 1 ] INFO  FXGLApplication      - FXGL initialization took: 0.312 sec
17:03:11.731 [JavaFX Application Thread] DEBUG FXGLAssetLoaderServi - Loading from file system: jar:file:/C:/Users/user/.m2/repository/com/github/almasb/fxgl/21/fxgl-21.jar!/fxglassets/textures/fxgl_icon.png
17:03:11.733 [FXGL Background Thread 4 ] DEBUG FXGLAssetLoaderServi - Loading from file system: jar:file:/C:/Users/user/.m2/repository/com/github/almasb/fxgl/21/fxgl-21.jar!/fxglassets/ui/fonts/TerminalLandMono-Regular.otf
17:03:11.736 [FXGL Background Thread 4 ] DEBUG FXGLAssetLoaderServi - Loading from file system: jar:file:/C:/Users/user/.m2/repository/com/github/almasb/fxgl/21/fxgl-21.jar!/fxglassets/ui/fonts/Courier-Prime.ttf
17:03:11.748 [JavaFX Application Thread] DEBUG FXGLAssetLoaderServi - Loading from file system: jar:file:/C:/Users/user/.m2/repository/com/github/almasb/fxgl/21/fxgl-21.jar!/fxglassets/textures/fxgl_default_cursor.png
17:03:11.761 [JavaFX Application Thread] DEBUG Input                - Registered new binding: Screenshot - CTRL+8
17:03:11.761 [JavaFX Application Thread] DEBUG Input                - Registered new binding: System info dump - CTRL+9
17:03:11.762 [JavaFX Application Thread] DEBUG Input                - Registered new binding: Restart - CTRL+R
17:03:11.762 [JavaFX Application Thread] DEBUG Input                - Registered new binding: Toggle Debug Camera - CTRL+7
17:03:11.764 [JavaFX Application Thread] DEBUG LoopRunner           - Starting loop
17:03:11.764 [JavaFX Application Thread] DEBUG LoopRunner           - Initializing JavaFX AnimationTimerLoop
17:03:11.765 [JavaFX Application Thread] DEBUG GameApplicationServi - Starting new game
17:03:11.765 [JavaFX Application Thread] DEBUG Input                - Clearing active input actions
17:03:11.773 [JavaFX Application Thread] DEBUG GameApplicationServi - Removing overlay from FXGLStartupScene and adding to FXGLLoadingScene
17:03:11.774 [JavaFX Application Thread] DEBUG PrimaryStageWindow   - FXGLStartupScene -> FXGLLoadingScene
17:03:11.774 [JavaFX Application Thread] DEBUG GameApplicationServi - Clearing previous game
17:03:11.774 [JavaFX Application Thread] DEBUG GameScene            - Clearing game scene
17:03:11.774 [JavaFX Application Thread] DEBUG GameWorld            - Clearing game world
17:03:11.774 [JavaFX Application Thread] DEBUG PhysicsWorld         - Clearing physics world
17:03:11.775 [FXGL Background Thread 4 ] DEBUG FXGLApplication      - Initializing game
17:03:11.777 [JavaFX Application Thread] DEBUG FXGLApplication      - Registering font factories with UI factory
17:03:11.779 [FXGL Background Thread 4 ] DEBUG FXGLAssetLoaderServi - Loading from file system: file:/C:/Users/user/Downloads/256702-F2-Team20-655-809-1/to5/target/classes/assets/textures/real.jpg
17:03:11.908 [FXGL Background Thread 4 ] INFO  FXGLApplication      - Game initialization took: 0.133 sec
17:03:11.910 [JavaFX Application Thread] DEBUG Input                - Clearing active input actions
17:03:11.924 [JavaFX Application Thread] DEBUG GameApplicationServi - Removing overlay from FXGLLoadingScene and adding to GameScene
17:03:11.924 [JavaFX Application Thread] DEBUG PrimaryStageWindow   - FXGLLoadingScene -> GameScene
17:03:12.660 [FXGL Background Thread 2 ] INFO  UpdaterService       - Your current version:  21
17:03:12.661 [FXGL Background Thread 2 ] INFO  UpdaterService       - Latest stable version: 21.1
17:03:14.697 [FXGL Background Thread 3 ] DEBUG Engine               - Logging environment variables
17:03:14.697 [FXGL Background Thread 3 ] DEBUG Engine               - achievements: []
17:03:14.697 [FXGL Background Thread 3 ] DEBUG Engine               - actualHeight: 790.0
17:03:14.697 [FXGL Background Thread 3 ] DEBUG Engine               - actualHeightProperty: ReadOnlyDoubleProperty [value: 790.0]
17:03:14.697 [FXGL Background Thread 3 ] DEBUG Engine               - actualWidth: 1100.0
17:03:14.697 [FXGL Background Thread 3 ] DEBUG Engine               - actualWidthProperty: ReadOnlyDoubleProperty [value: 1100.0]
17:03:14.697 [FXGL Background Thread 3 ] DEBUG Engine               - appIcon: fxgl_icon.png
17:03:14.697 [FXGL Background Thread 3 ] DEBUG Engine               - applicationMode: DEVELOPER
17:03:14.697 [FXGL Background Thread 3 ] DEBUG Engine               - cSSList: [fxgl_dark.css]
17:03:14.697 [FXGL Background Thread 3 ] DEBUG Engine               - collisionDetectionStrategy: BRUTE_FORCE
17:03:14.697 [FXGL Background Thread 3 ] DEBUG Engine               - configClass: Optional.empty
17:03:14.697 [FXGL Background Thread 3 ] DEBUG Engine               - credits: []
17:03:14.698 [FXGL Background Thread 3 ] DEBUG Engine               - defaultCursor: CursorInfo(imageName=fxgl_default_cursor.png, hotspotX=7.0, hotspotY=6.0)
17:03:14.698 [FXGL Background Thread 3 ] DEBUG Engine               - devBBoxColorProperty: ObjectProperty [value: 0xff0000ff]
17:03:14.698 [FXGL Background Thread 3 ] DEBUG Engine               - devEnableDebugCameraProperty: BooleanProperty [value: false]
17:03:14.698 [FXGL Background Thread 3 ] DEBUG Engine               - devSensorColorProperty: ObjectProperty [value: 0xffff00ff]
17:03:14.698 [FXGL Background Thread 3 ] DEBUG Engine               - devShowBBoxProperty: BooleanProperty [value: false]
17:03:14.698 [FXGL Background Thread 3 ] DEBUG Engine               - devShowPositionProperty: BooleanProperty [value: false]
17:03:14.698 [FXGL Background Thread 3 ] DEBUG Engine               - enabledMenuItems: []
17:03:14.698 [FXGL Background Thread 3 ] DEBUG Engine               - engineServices: [class com.almasb.fxgl.app.services.FXGLAssetLoaderService, class com.almasb.fxgl.app.FXGLApplication$GameApplicationService, class com.almasb.fxgl.app.services.FXGLDialogService, class com.almasb.fxgl.app.services.IOTaskExecutorService, class com.almasb.fxgl.io.FileSystemService, class com.almasb.fxgl.localization.LocalizationService, class com.almasb.fxgl.app.services.SystemBundleService, class com.almasb.fxgl.profile.SaveLoadService, class com.almasb.fxgl.ui.FXGLUIFactoryServiceProvider, class com.almasb.fxgl.ui.FXGLDialogFactoryServiceProvider, class com.almasb.fxgl.audio.AudioPlayer, class com.almasb.fxgl.notification.impl.NotificationServiceProvider, class com.almasb.fxgl.achievement.AchievementService, class com.almasb.fxgl.cutscene.CutsceneService, class com.almasb.fxgl.minigames.MiniGameService, class com.almasb.fxgl.net.NetService, class com.almasb.fxgl.app.services.UpdaterService, class com.almasb.fxgl.dev.DevService]
17:03:14.698 [FXGL Background Thread 3 ] DEBUG Engine               - fontGame: Abel-Regular.ttf
17:03:14.698 [FXGL Background Thread 3 ] DEBUG Engine               - fontMono: TerminalLandMono-Regular.otf
17:03:14.698 [FXGL Background Thread 3 ] DEBUG Engine               - fontSizeScaleUI: 1.0
17:03:14.698 [FXGL Background Thread 3 ] DEBUG Engine               - fontText: Courier-Prime.ttf
17:03:14.698 [FXGL Background Thread 3 ] DEBUG Engine               - fontUI: VarelaRound-Regular.ttf
17:03:14.698 [FXGL Background Thread 3 ] DEBUG Engine               - fullScreen: BooleanProperty [value: false]
17:03:14.698 [FXGL Background Thread 3 ] DEBUG Engine               - gameDifficulty: MEDIUM
17:03:14.698 [FXGL Background Thread 3 ] DEBUG Engine               - gameDifficultyProperty: ObjectProperty [value: MEDIUM]
17:03:14.698 [FXGL Background Thread 3 ] DEBUG Engine               - globalMusicVolume: 0.5
17:03:14.698 [FXGL Background Thread 3 ] DEBUG Engine               - globalMusicVolumeProperty: DoubleProperty [value: 0.5]
17:03:14.698 [FXGL Background Thread 3 ] DEBUG Engine               - globalSoundVolume: 0.5
17:03:14.698 [FXGL Background Thread 3 ] DEBUG Engine               - globalSoundVolumeProperty: DoubleProperty [value: 0.5]
17:03:14.698 [FXGL Background Thread 3 ] DEBUG Engine               - height: 790
17:03:14.698 [FXGL Background Thread 3 ] DEBUG Engine               - is3D: false
17:03:14.698 [FXGL Background Thread 3 ] DEBUG Engine               - isAndroid: false
17:03:14.698 [FXGL Background Thread 3 ] DEBUG Engine               - isBrowser: false
17:03:14.698 [FXGL Background Thread 3 ] DEBUG Engine               - isClickFeedbackEnabled: false
17:03:14.698 [FXGL Background Thread 3 ] DEBUG Engine               - isCloseConfirmation: false
17:03:14.698 [FXGL Background Thread 3 ] DEBUG Engine               - isDesktop: true
17:03:14.698 [FXGL Background Thread 3 ] DEBUG Engine               - isDeveloperMenuEnabled: false
17:03:14.698 [FXGL Background Thread 3 ] DEBUG Engine               - isEmbedded: false
17:03:14.698 [FXGL Background Thread 3 ] DEBUG Engine               - isEntityPreloadEnabled: true
17:03:14.698 [FXGL Background Thread 3 ] DEBUG Engine               - isExperimentalTiledLargeMap: false
17:03:14.698 [FXGL Background Thread 3 ] DEBUG Engine               - isFileSystemWriteAllowed: true
17:03:14.698 [FXGL Background Thread 3 ] DEBUG Engine               - isFullScreenAllowed: false
17:03:14.698 [FXGL Background Thread 3 ] DEBUG Engine               - isFullScreenFromStart: false
17:03:14.698 [FXGL Background Thread 3 ] DEBUG Engine               - isGameMenuEnabled: true
17:03:14.698 [FXGL Background Thread 3 ] DEBUG Engine               - isIOS: false
17:03:14.698 [FXGL Background Thread 3 ] DEBUG Engine               - isIntroEnabled: false
17:03:14.698 [FXGL Background Thread 3 ] DEBUG Engine               - isLinux: false
17:03:14.698 [FXGL Background Thread 3 ] DEBUG Engine               - isMac: false
17:03:14.699 [FXGL Background Thread 3 ] DEBUG Engine               - isMainMenuEnabled: false
17:03:14.699 [FXGL Background Thread 3 ] DEBUG Engine               - isManualResizeEnabled: false
17:03:14.699 [FXGL Background Thread 3 ] DEBUG Engine               - isMobile: false
17:03:14.699 [FXGL Background Thread 3 ] DEBUG Engine               - isNative: false
17:03:14.699 [FXGL Background Thread 3 ] DEBUG Engine               - isPauseMusicWhenMinimized: true
17:03:14.699 [FXGL Background Thread 3 ] DEBUG Engine               - isPreserveResizeRatio: false
17:03:14.699 [FXGL Background Thread 3 ] DEBUG Engine               - isProfilingEnabled: false
17:03:14.699 [FXGL Background Thread 3 ] DEBUG Engine               - isScaleAffectedOnResize: true
17:03:14.699 [FXGL Background Thread 3 ] DEBUG Engine               - isSingleStep: false
17:03:14.699 [FXGL Background Thread 3 ] DEBUG Engine               - isUserProfileEnabled: false
17:03:14.699 [FXGL Background Thread 3 ] DEBUG Engine               - isWindows: true
17:03:14.699 [FXGL Background Thread 3 ] DEBUG Engine               - language: ObjectProperty [value: ENGLISH]
17:03:14.699 [FXGL Background Thread 3 ] DEBUG Engine               - menuKey: ESCAPE
17:03:14.699 [FXGL Background Thread 3 ] DEBUG Engine               - mouseSensitivity: 0.2
17:03:14.699 [FXGL Background Thread 3 ] DEBUG Engine               - notificationViewClass: class com.almasb.fxgl.notification.view.XboxNotificationView
17:03:14.699 [FXGL Background Thread 3 ] DEBUG Engine               - pixelsPerMeter: 50.0
17:03:14.699 [FXGL Background Thread 3 ] DEBUG Engine               - platform: WINDOWS
17:03:14.699 [FXGL Background Thread 3 ] DEBUG Engine               - prefHeightProperty: ReadOnlyDoubleProperty [value: 790.0]
17:03:14.699 [FXGL Background Thread 3 ] DEBUG Engine               - prefWidthProperty: ReadOnlyDoubleProperty [value: 1100.0]
17:03:14.699 [FXGL Background Thread 3 ] DEBUG Engine               - profileDir: profiles/
17:03:14.699 [FXGL Background Thread 3 ] DEBUG Engine               - profileName: StringProperty [value: DEFAULT]
17:03:14.699 [FXGL Background Thread 3 ] DEBUG Engine               - randomSeed: -1
17:03:14.699 [FXGL Background Thread 3 ] DEBUG Engine               - runtimeInfo: RuntimeInfo(platform=WINDOWS, version=21, build=28.12.2023 13.35)
17:03:14.699 [FXGL Background Thread 3 ] DEBUG Engine               - saveFileExt: sav
17:03:14.699 [FXGL Background Thread 3 ] DEBUG Engine               - scaledHeightProp$fxgl: DoubleProperty [bound, value: 790.0]
17:03:14.699 [FXGL Background Thread 3 ] DEBUG Engine               - scaledWidthProp$fxgl: DoubleProperty [bound, value: 1100.0]
17:03:14.699 [FXGL Background Thread 3 ] DEBUG Engine               - sceneFactory: com.almasb.fxgl.app.scene.SceneFactory@ccd3b2a
17:03:14.700 [FXGL Background Thread 3 ] DEBUG Engine               - secondsIn24h: 60
17:03:14.700 [FXGL Background Thread 3 ] DEBUG Engine               - soundMenuBack: menu/back.wav
17:03:14.700 [FXGL Background Thread 3 ] DEBUG Engine               - soundMenuPress: menu/press.wav
17:03:14.700 [FXGL Background Thread 3 ] DEBUG Engine               - soundMenuSelect: menu/select.wav
17:03:14.700 [FXGL Background Thread 3 ] DEBUG Engine               - soundNotification: core/notification.wav
17:03:14.700 [FXGL Background Thread 3 ] DEBUG Engine               - stageStyle: DECORATED
17:03:14.700 [FXGL Background Thread 3 ] DEBUG Engine               - supportedLanguages: [ENGLISH, FRENCH, GERMAN, HUNGARIAN, RUSSIAN]
17:03:14.700 [FXGL Background Thread 3 ] DEBUG Engine               - ticksPerSecond: -1
17:03:14.700 [FXGL Background Thread 3 ] DEBUG Engine               - title: Tournament Of 5 Hearts
17:03:14.700 [FXGL Background Thread 3 ] DEBUG Engine               - urlGithub: https://github.com/AlmasB/FXGL
17:03:14.700 [FXGL Background Thread 3 ] DEBUG Engine               - urlLeaderboard: http://fxgl-top.herokuapp.com/
17:03:14.700 [FXGL Background Thread 3 ] DEBUG Engine               - urlPOM: https://raw.githubusercontent.com/AlmasB/FXGL/release/README.md
17:03:14.700 [FXGL Background Thread 3 ] DEBUG Engine               - userAppClass: class com.game.App
17:03:14.700 [FXGL Background Thread 3 ] DEBUG Engine               - version: 0.1
17:03:14.700 [FXGL Background Thread 3 ] DEBUG Engine               - versionCheckDays: 7
17:03:14.700 [FXGL Background Thread 3 ] DEBUG Engine               - width: 1100
17:03:14.700 [FXGL Background Thread 3 ] DEBUG Engine               - Logging services
17:03:14.700 [FXGL Background Thread 3 ] DEBUG Engine               - class com.almasb.fxgl.app.services.FXGLAssetLoaderService
17:03:14.700 [FXGL Background Thread 3 ] DEBUG Engine               - class com.almasb.fxgl.app.FXGLApplication$GameApplicationService
17:03:14.700 [FXGL Background Thread 3 ] DEBUG Engine               - class com.almasb.fxgl.app.services.FXGLDialogService
17:03:14.700 [FXGL Background Thread 3 ] DEBUG Engine               - class com.almasb.fxgl.app.services.IOTaskExecutorService
17:03:14.700 [FXGL Background Thread 3 ] DEBUG Engine               - class com.almasb.fxgl.io.FileSystemService
17:03:14.700 [FXGL Background Thread 3 ] DEBUG Engine               - class com.almasb.fxgl.localization.LocalizationService
17:03:14.700 [FXGL Background Thread 3 ] DEBUG Engine               - class com.almasb.fxgl.app.services.SystemBundleService
17:03:14.700 [FXGL Background Thread 3 ] DEBUG Engine               - class com.almasb.fxgl.profile.SaveLoadService
17:03:14.700 [FXGL Background Thread 3 ] DEBUG Engine               - class com.almasb.fxgl.ui.FXGLUIFactoryServiceProvider
17:03:14.700 [FXGL Background Thread 3 ] DEBUG Engine               - class com.almasb.fxgl.ui.FXGLDialogFactoryServiceProvider
17:03:14.700 [FXGL Background Thread 3 ] DEBUG Engine               - class com.almasb.fxgl.audio.AudioPlayer
17:03:14.700 [FXGL Background Thread 3 ] DEBUG Engine               - class com.almasb.fxgl.notification.impl.NotificationServiceProvider
17:03:14.700 [FXGL Background Thread 3 ] DEBUG Engine               - class com.almasb.fxgl.achievement.AchievementService
17:03:14.700 [FXGL Background Thread 3 ] DEBUG Engine               - class com.almasb.fxgl.cutscene.CutsceneService
17:03:14.700 [FXGL Background Thread 3 ] DEBUG Engine               - class com.almasb.fxgl.minigames.MiniGameService
17:03:14.700 [FXGL Background Thread 3 ] DEBUG Engine               - class com.almasb.fxgl.net.NetService
17:03:14.700 [FXGL Background Thread 3 ] DEBUG Engine               - class com.almasb.fxgl.app.services.UpdaterService
17:03:14.700 [FXGL Background Thread 3 ] DEBUG Engine               - class com.almasb.fxgl.dev.DevService
17:03:15.947 [JavaFX Application Thread] DEBUG FXGLAssetLoaderServi - Loading from file system: file:/C:/Users/user/Downloads/256702-F2-Team20-655-809-1/to5/target/classes/assets/textures/bg.jpg
17:03:22.823 [JavaFX Application Thread] DEBUG FXGLAssetLoaderServi - Loading from file system: file:/C:/Users/user/Downloads/256702-F2-Team20-655-809-1/to5/target/classes/assets/textures/5.jpg
17:03:22.911 [JavaFX Application Thread] DEBUG Input                - Registered new binding: action0 - W
17:03:22.911 [JavaFX Application Thread] DEBUG Input                - Registered new binding: action1 - S
17:03:22.911 [JavaFX Application Thread] DEBUG Input                - Registered new binding: action2 - A
17:03:22.912 [JavaFX Application Thread] DEBUG Input                - Registered new binding: action3 - D
17:04:28.913 [JavaFX Application Thread] DEBUG LoopRunner           - Stopping loop
17:04:28.915 [JavaFX Application Thread] FATAL FXGLApplication      - Uncaught Exception:
java.lang.IllegalArgumentException: Children: duplicate children added: parent = Group@3f35699a
	at javafx.scene.Parent$3.onProposedChange(Parent.java:562)
	at com.sun.javafx.collections.VetoableListDecorator.add(VetoableListDecorator.java:209)
	at com.almasb.fxgl.app.scene.GameScene.addUINode(GameScene.kt:261)
	at com.game.Credit.Credit(Credit.java:72)
	at com.game.App.lambda$3(App.java:145)
	at com.sun.javafx.event.CompositeEventHandler.dispatchBubblingEvent(CompositeEventHandler.java:86)
	at com.sun.javafx.event.EventHandlerManager.dispatchBubblingEvent(EventHandlerManager.java:232)
	at com.sun.javafx.event.EventHandlerManager.dispatchBubblingEvent(EventHandlerManager.java:189)
	at com.sun.javafx.event.CompositeEventDispatcher.dispatchBubblingEvent(CompositeEventDispatcher.java:59)
	at com.sun.javafx.event.BasicEventDispatcher.dispatchEvent(BasicEventDispatcher.java:58)
	at com.sun.javafx.event.EventDispatchChainImpl.dispatchEvent(EventDispatchChainImpl.java:114)
	at com.sun.javafx.event.BasicEventDispatcher.dispatchEvent(BasicEventDispatcher.java:56)
	at com.sun.javafx.event.EventDispatchChainImpl.dispatchEvent(EventDispatchChainImpl.java:114)
	at com.sun.javafx.event.BasicEventDispatcher.dispatchEvent(BasicEventDispatcher.java:56)
	at com.sun.javafx.event.EventDispatchChainImpl.dispatchEvent(EventDispatchChainImpl.java:114)
	at com.sun.javafx.event.EventUtil.fireEventImpl(EventUtil.java:74)
	at com.sun.javafx.event.EventUtil.fireEvent(EventUtil.java:49)
	at javafx.event.Event.fireEvent(Event.java:198)
	at javafx.scene.Node.fireEvent(Node.java:8875)
	at javafx.scene.control.Button.fire(Button.java:203)
	at com.sun.javafx.scene.control.behavior.ButtonBehavior.mouseReleased(ButtonBehavior.java:207)
	at com.sun.javafx.scene.control.inputmap.InputMap.handle(InputMap.java:274)
	at com.sun.javafx.event.CompositeEventHandler$NormalEventHandlerRecord.handleBubblingEvent(CompositeEventHandler.java:247)
	at com.sun.javafx.event.CompositeEventHandler.dispatchBubblingEvent(CompositeEventHandler.java:80)
	at com.sun.javafx.event.EventHandlerManager.dispatchBubblingEvent(EventHandlerManager.java:232)
	at com.sun.javafx.event.EventHandlerManager.dispatchBubblingEvent(EventHandlerManager.java:189)
	at com.sun.javafx.event.CompositeEventDispatcher.dispatchBubblingEvent(CompositeEventDispatcher.java:59)
	at com.sun.javafx.event.BasicEventDispatcher.dispatchEvent(BasicEventDispatcher.java:58)
	at com.sun.javafx.event.EventDispatchChainImpl.dispatchEvent(EventDispatchChainImpl.java:114)
	at com.sun.javafx.event.BasicEventDispatcher.dispatchEvent(BasicEventDispatcher.java:56)
	at com.sun.javafx.event.EventDispatchChainImpl.dispatchEvent(EventDispatchChainImpl.java:114)
	at com.sun.javafx.event.BasicEventDispatcher.dispatchEvent(BasicEventDispatcher.java:56)
	at com.sun.javafx.event.EventDispatchChainImpl.dispatchEvent(EventDispatchChainImpl.java:114)
	at com.sun.javafx.event.EventUtil.fireEventImpl(EventUtil.java:74)
	at com.sun.javafx.event.EventUtil.fireEvent(EventUtil.java:54)
	at javafx.event.Event.fireEvent(Event.java:198)
	at javafx.scene.Scene$MouseHandler.process(Scene.java:3984)
	at javafx.scene.Scene.processMouseEvent(Scene.java:1890)
	at javafx.scene.Scene$ScenePeerListener.mouseEvent(Scene.java:2708)
	at com.sun.javafx.tk.quantum.GlassViewEventHandler$MouseEventNotification.run(GlassViewEventHandler.java:411)
	at com.sun.javafx.tk.quantum.GlassViewEventHandler$MouseEventNotification.run(GlassViewEventHandler.java:301)
	at java.base/java.security.AccessController.doPrivileged(AccessController.java:400)
	at com.sun.javafx.tk.quantum.GlassViewEventHandler.lambda$handleMouseEvent$2(GlassViewEventHandler.java:450)
	at com.sun.javafx.tk.quantum.QuantumToolkit.runWithoutRenderLock(QuantumToolkit.java:424)
	at com.sun.javafx.tk.quantum.GlassViewEventHandler.handleMouseEvent(GlassViewEventHandler.java:449)
	at com.sun.glass.ui.View.handleMouseEvent(View.java:551)
	at com.sun.glass.ui.View.notifyMouse(View.java:937)
	at com.sun.glass.ui.win.WinApplication._runLoop(Native Method)
	at com.sun.glass.ui.win.WinApplication.lambda$runLoop$3(WinApplication.java:185)
	at java.base/java.lang.Thread.run(Thread.java:1583)

17:04:28.916 [JavaFX Application Thread] FATAL FXGLApplication      - Application will now exit
17:04:28.922 [JavaFX Application Thread] DEBUG PrimaryStageWindow   - Push state: ErrorSubScene
17:04:28.922 [JavaFX Application Thread] DEBUG Input                - Clearing active input actions
17:04:28.925 [JavaFX Application Thread] DEBUG GameApplicationServi - Removing overlay from GameScene and adding to ErrorSubScene
17:04:28.925 [JavaFX Application Thread] DEBUG PrimaryStageWindow   - GameScene -> ErrorSubScene
17:04:55.312 [JavaFX Application Thread] DEBUG FXGLApplication      - Exiting FXGL
17:04:55.312 [JavaFX Application Thread] DEBUG Async                - Shutting down background threads
17:04:55.313 [JavaFX Application Thread] DEBUG PrimaryStageWindow   - Closing main window
17:04:55.329 [JavaFX Application Thread] DEBUG Logger               - Closing Logger
