23:21:53.961 [main                     ] DEBUG Logger               - Configured Logger
23:21:53.983 [main                     ] DEBUG GameApplication      - Logging settings
Title: Tournament Of 5 Hearts
Version: 0.1
Width: 1100
Height: 790
Fullscreen: false
Intro: false
Profiling: false
Single step:false
App Mode: DEVELOPER
Menu Key: ESCAPE
Stage Style: DECORATED
Scene Factory: class com.almasb.fxgl.app.scene.SceneFactory

23:21:54.338 [JavaFX Application Thread] DEBUG FXGLApplication      - Initializing FXGL
23:21:54.341 [JavaFX Application Thread] INFO  Engine               - FXGL-21 (28.12.2023 13.35) on WINDOWS (J:21.0.5 FX:21)
23:21:54.341 [JavaFX Application Thread] DEBUG Engine               - JRE Vendor Name: Eclipse Adoptium
23:21:54.341 [JavaFX Application Thread] DEBUG Engine               - Running on OS: Windows 11 version 10.0
23:21:54.341 [JavaFX Application Thread] DEBUG Engine               - Architecture: amd64
23:21:54.341 [JavaFX Application Thread] INFO  Engine               - Source code and latest versions at: https://github.com/AlmasB/FXGL
23:21:54.341 [JavaFX Application Thread] INFO  Engine               -       Ask questions and discuss at: https://github.com/AlmasB/FXGL/discussions
23:21:54.343 [JavaFX Application Thread] INFO  Engine               -              Join the FXGL chat at: https://gitter.im/AlmasB/FXGL
23:21:54.414 [JavaFX Application Thread] DEBUG PrimaryStageWindow   - Creating a JavaFX scene
23:21:54.448 [JavaFX Application Thread] DEBUG PrimaryStageWindow   - Target settings size: 1100.0 x 790.0
23:21:54.448 [JavaFX Application Thread] DEBUG PrimaryStageWindow   - Scaled scene size:    1100.0 x 790.0
23:21:54.449 [JavaFX Application Thread] DEBUG PrimaryStageWindow   - Scaled ratio: (1.0, 1.0)
23:21:54.449 [JavaFX Application Thread] DEBUG PrimaryStageWindow   - Set initial scene to FXGLStartupScene
23:21:54.452 [JavaFX Application Thread] DEBUG PrimaryStageWindow   - Opening main window
23:21:54.523 [JavaFX Application Thread] DEBUG PrimaryStageWindow   - Window border size: (14.4000244140625, 38.0)
23:21:54.523 [JavaFX Application Thread] DEBUG PrimaryStageWindow   - Scaled size: 1100.0 x 790.0
23:21:54.523 [JavaFX Application Thread] DEBUG PrimaryStageWindow   - Scaled ratio: (1.0, 1.0)
23:21:54.524 [JavaFX Application Thread] DEBUG PrimaryStageWindow   - Scene size: 1100.0 x 790.0
23:21:54.524 [JavaFX Application Thread] DEBUG PrimaryStageWindow   - Stage size: 1114.4000244140625 x 828.0
23:21:54.529 [FXGL Background Thread 1 ] DEBUG Engine               - Initializing environment variables
23:21:54.569 [FXGL Background Thread 1 ] DEBUG FXGLAssetLoaderServi - User app class for loading assets: class com.game.App
23:21:54.570 [FXGL Background Thread 1 ] DEBUG GameApplicationServi - Applying CSS: fxgl_dark.css
23:21:54.570 [FXGL Background Thread 1 ] DEBUG FXGLAssetLoaderServi - Loading from file system: jar:file:/C:/Users/USER/.m2/repository/com/github/almasb/fxgl/21/fxgl-21.jar!/fxglassets/ui/css/fxgl_dark.css
23:21:54.600 [FXGL Background Thread 1 ] DEBUG GameApplicationServi - Initializing application scenes
23:21:54.641 [FXGL Background Thread 1 ] DEBUG GameWorld            - Game world initialized
23:21:54.693 [FXGL Background Thread 1 ] DEBUG PhysicsWorld         - Physics world initialized: appHeight=790, physics.ppm=50.0
23:21:54.693 [FXGL Background Thread 1 ] DEBUG PhysicsWorld         - Using strategy: BRUTE_FORCE
23:21:54.696 [FXGL Background Thread 1 ] DEBUG GameScene            - Game scene initialized: 1100x790
23:21:54.704 [FXGL Background Thread 1 ] DEBUG FXGL.DefaultMenu     - createMenuBodyGameMenu()
23:21:54.714 [FXGL Background Thread 1 ] DEBUG FXGL.DefaultMenu     - createOptionsMenu()
23:21:54.722 [FXGL Background Thread 1 ] DEBUG FXGLAssetLoaderServi - Loading from file system: jar:file:/C:/Users/USER/.m2/repository/com/github/almasb/fxgl/21/fxgl-21.jar!/fxglassets/textures/particles/smoke.png
23:21:54.803 [FXGL Background Thread 1 ] DEBUG FXGLAssetLoaderServi - Loading from file system: jar:file:/C:/Users/USER/.m2/repository/com/github/almasb/fxgl/21/fxgl-21.jar!/fxglassets/textures/particles/trace_horizontal.png
23:21:54.822 [FXGL Background Thread 1 ] DEBUG GameApplicationServi - Application scenes initialized
23:21:54.832 [FXGL Background Thread 1 ] DEBUG SystemBundleService  - Loading FXGL system data
23:21:54.835 [FXGL Background Thread 1 ] DEBUG FileSystemAccess     - Reading from: C:\Users\USER\Desktop\project\256702-F2-Team20-655-809\system\fxgl.bundle
23:21:54.841 [FXGL Background Thread 1 ] DEBUG SystemBundleService  - Bundle FXGL: {}
23:21:54.841 [FXGL Background Thread 1 ] DEBUG UpdaterService       - Checking for updates
23:21:54.844 [FXGL Background Thread 4 ] DEBUG FXGLApplication      - Loading fonts
23:21:54.844 [FXGL Background Thread 4 ] DEBUG FXGLAssetLoaderServi - Loading from file system: jar:file:/C:/Users/USER/.m2/repository/com/github/almasb/fxgl/21/fxgl-21.jar!/fxglassets/ui/fonts/VarelaRound-Regular.ttf
23:21:54.844 [FXGL Background Thread 1 ] DEBUG FXGLApplication      - Loading default localization
23:21:54.846 [FXGL Background Thread 1 ] DEBUG FXGLAssetLoaderServi - Loading from file system: jar:file:/C:/Users/USER/.m2/repository/com/github/almasb/fxgl/21/fxgl-21.jar!/fxglassets/languages/english.lang
23:21:54.872 [FXGL Background Thread 4 ] DEBUG FXGLAssetLoaderServi - Loading from file system: jar:file:/C:/Users/USER/.m2/repository/com/github/almasb/fxgl/21/fxgl-21.jar!/fxglassets/ui/fonts/Abel-Regular.ttf
23:21:54.874 [FXGL Background Thread 4 ] DEBUG FXGLAssetLoaderServi - Loading from file system: jar:file:/C:/Users/USER/.m2/repository/com/github/almasb/fxgl/21/fxgl-21.jar!/fxglassets/ui/fonts/TerminalLandMono-Regular.otf
23:21:54.876 [FXGL Background Thread 4 ] DEBUG FXGLAssetLoaderServi - Loading from file system: jar:file:/C:/Users/USER/.m2/repository/com/github/almasb/fxgl/21/fxgl-21.jar!/fxglassets/ui/fonts/Courier-Prime.ttf
23:21:54.881 [FXGL Background Thread 1 ] INFO  FXGLApplication      - FXGL initialization took: 0.351 sec
23:21:54.882 [JavaFX Application Thread] DEBUG FXGLAssetLoaderServi - Loading from file system: jar:file:/C:/Users/USER/.m2/repository/com/github/almasb/fxgl/21/fxgl-21.jar!/fxglassets/textures/fxgl_icon.png
23:21:54.895 [JavaFX Application Thread] DEBUG FXGLAssetLoaderServi - Loading from file system: jar:file:/C:/Users/USER/.m2/repository/com/github/almasb/fxgl/21/fxgl-21.jar!/fxglassets/textures/fxgl_default_cursor.png
23:21:54.906 [JavaFX Application Thread] DEBUG Input                - Registered new binding: Screenshot - CTRL+8
23:21:54.907 [JavaFX Application Thread] DEBUG Input                - Registered new binding: System info dump - CTRL+9
23:21:54.907 [JavaFX Application Thread] DEBUG Input                - Registered new binding: Restart - CTRL+R
23:21:54.908 [JavaFX Application Thread] DEBUG Input                - Registered new binding: Toggle Debug Camera - CTRL+7
23:21:54.914 [JavaFX Application Thread] DEBUG LoopRunner           - Starting loop
23:21:54.914 [JavaFX Application Thread] DEBUG LoopRunner           - Initializing JavaFX AnimationTimerLoop
23:21:54.915 [JavaFX Application Thread] DEBUG GameApplicationServi - Starting new game
23:21:54.915 [JavaFX Application Thread] DEBUG Input                - Clearing active input actions
23:21:54.926 [JavaFX Application Thread] DEBUG GameApplicationServi - Removing overlay from FXGLStartupScene and adding to FXGLLoadingScene
23:21:54.926 [JavaFX Application Thread] DEBUG PrimaryStageWindow   - FXGLStartupScene -> FXGLLoadingScene
23:21:54.926 [JavaFX Application Thread] DEBUG GameApplicationServi - Clearing previous game
23:21:54.927 [JavaFX Application Thread] DEBUG GameScene            - Clearing game scene
23:21:54.927 [JavaFX Application Thread] DEBUG GameWorld            - Clearing game world
23:21:54.927 [JavaFX Application Thread] DEBUG PhysicsWorld         - Clearing physics world
23:21:54.928 [JavaFX Application Thread] DEBUG FXGLApplication      - Registering font factories with UI factory
23:21:54.928 [FXGL Background Thread 4 ] DEBUG FXGLApplication      - Initializing game
23:21:54.932 [FXGL Background Thread 4 ] DEBUG FXGLAssetLoaderServi - Loading from file system: file:/C:/Users/USER/Desktop/project/256702-F2-Team20-655-809/to5/target/classes/assets/textures/real.jpg
23:21:55.061 [FXGL Background Thread 4 ] INFO  FXGLApplication      - Game initialization took: 0.133 sec
23:21:55.070 [JavaFX Application Thread] DEBUG Input                - Clearing active input actions
23:21:55.085 [JavaFX Application Thread] DEBUG GameApplicationServi - Removing overlay from FXGLLoadingScene and adding to GameScene
23:21:55.085 [JavaFX Application Thread] DEBUG PrimaryStageWindow   - FXGLLoadingScene -> GameScene
23:21:55.228 [FXGL Background Thread 2 ] INFO  UpdaterService       - Your current version:  21
23:21:55.229 [FXGL Background Thread 2 ] INFO  UpdaterService       - Latest stable version: 21.1
23:21:56.628 [JavaFX Application Thread] DEBUG FXGLApplication      - Exiting FXGL
23:21:56.628 [JavaFX Application Thread] DEBUG LoopRunner           - Stopping loop
23:21:56.628 [JavaFX Application Thread] DEBUG SystemBundleService  - Saving FXGL system data
23:21:56.631 [JavaFX Application Thread] DEBUG FileSystemAccess     - Writing to: C:\Users\USER\Desktop\project\256702-F2-Team20-655-809\system\fxgl.bundle
23:21:56.635 [JavaFX Application Thread] DEBUG Async                - Shutting down background threads
23:21:56.635 [JavaFX Application Thread] DEBUG PrimaryStageWindow   - Closing main window
23:21:56.651 [JavaFX Application Thread] DEBUG Logger               - Closing Logger
