23:22:01.476 [main                     ] DEBUG Logger               - Configured Logger
23:22:01.495 [main                     ] DEBUG GameApplication      - Logging settings
Title: Tournament Of 5 Hearts
Version: 0.1
Width: 1100
Height: 790
Fullscreen: false
Intro: false
Profiling: false
Single step:false
App Mode: DEVELOPER
Menu Key: ESCAPE
Stage Style: DECORATED
Scene Factory: class com.almasb.fxgl.app.scene.SceneFactory

23:22:01.851 [JavaFX Application Thread] DEBUG FXGLApplication      - Initializing FXGL
23:22:01.854 [JavaFX Application Thread] INFO  Engine               - FXGL-21 (28.12.2023 13.35) on WINDOWS (J:21.0.5 FX:21)
23:22:01.854 [JavaFX Application Thread] DEBUG Engine               - JRE Vendor Name: Eclipse Adoptium
23:22:01.854 [JavaFX Application Thread] DEBUG Engine               - Running on OS: Windows 11 version 10.0
23:22:01.854 [JavaFX Application Thread] DEBUG Engine               - Architecture: amd64
23:22:01.854 [JavaFX Application Thread] INFO  Engine               - Source code and latest versions at: https://github.com/AlmasB/FXGL
23:22:01.854 [JavaFX Application Thread] INFO  Engine               -       Ask questions and discuss at: https://github.com/AlmasB/FXGL/discussions
23:22:01.855 [JavaFX Application Thread] INFO  Engine               -              Join the FXGL chat at: https://gitter.im/AlmasB/FXGL
23:22:01.947 [JavaFX Application Thread] DEBUG PrimaryStageWindow   - Creating a JavaFX scene
23:22:01.983 [JavaFX Application Thread] DEBUG PrimaryStageWindow   - Target settings size: 1100.0 x 790.0
23:22:01.983 [JavaFX Application Thread] DEBUG PrimaryStageWindow   - Scaled scene size:    1100.0 x 790.0
23:22:01.984 [JavaFX Application Thread] DEBUG PrimaryStageWindow   - Scaled ratio: (1.0, 1.0)
23:22:01.984 [JavaFX Application Thread] DEBUG PrimaryStageWindow   - Set initial scene to FXGLStartupScene
23:22:01.987 [JavaFX Application Thread] DEBUG PrimaryStageWindow   - Opening main window
23:22:02.050 [JavaFX Application Thread] DEBUG PrimaryStageWindow   - Window border size: (14.4000244140625, 38.0)
23:22:02.050 [JavaFX Application Thread] DEBUG PrimaryStageWindow   - Scaled size: 1100.0 x 790.0
23:22:02.051 [JavaFX Application Thread] DEBUG PrimaryStageWindow   - Scaled ratio: (1.0, 1.0)
23:22:02.051 [JavaFX Application Thread] DEBUG PrimaryStageWindow   - Scene size: 1100.0 x 790.0
23:22:02.051 [JavaFX Application Thread] DEBUG PrimaryStageWindow   - Stage size: 1114.4000244140625 x 828.0
23:22:02.056 [FXGL Background Thread 1 ] DEBUG Engine               - Initializing environment variables
23:22:02.091 [FXGL Background Thread 1 ] DEBUG FXGLAssetLoaderServi - User app class for loading assets: class com.game.App
23:22:02.092 [FXGL Background Thread 1 ] DEBUG GameApplicationServi - Applying CSS: fxgl_dark.css
23:22:02.092 [FXGL Background Thread 1 ] DEBUG FXGLAssetLoaderServi - Loading from file system: jar:file:/C:/Users/USER/.m2/repository/com/github/almasb/fxgl/21/fxgl-21.jar!/fxglassets/ui/css/fxgl_dark.css
23:22:02.120 [FXGL Background Thread 1 ] DEBUG GameApplicationServi - Initializing application scenes
23:22:02.161 [FXGL Background Thread 1 ] DEBUG GameWorld            - Game world initialized
23:22:02.209 [FXGL Background Thread 1 ] DEBUG PhysicsWorld         - Physics world initialized: appHeight=790, physics.ppm=50.0
23:22:02.210 [FXGL Background Thread 1 ] DEBUG PhysicsWorld         - Using strategy: BRUTE_FORCE
23:22:02.212 [FXGL Background Thread 1 ] DEBUG GameScene            - Game scene initialized: 1100x790
23:22:02.221 [FXGL Background Thread 1 ] DEBUG FXGL.DefaultMenu     - createMenuBodyGameMenu()
23:22:02.230 [FXGL Background Thread 1 ] DEBUG FXGL.DefaultMenu     - createOptionsMenu()
23:22:02.237 [FXGL Background Thread 1 ] DEBUG FXGLAssetLoaderServi - Loading from file system: jar:file:/C:/Users/USER/.m2/repository/com/github/almasb/fxgl/21/fxgl-21.jar!/fxglassets/textures/particles/smoke.png
23:22:02.323 [FXGL Background Thread 1 ] DEBUG FXGLAssetLoaderServi - Loading from file system: jar:file:/C:/Users/USER/.m2/repository/com/github/almasb/fxgl/21/fxgl-21.jar!/fxglassets/textures/particles/trace_horizontal.png
23:22:02.343 [FXGL Background Thread 1 ] DEBUG GameApplicationServi - Application scenes initialized
23:22:02.352 [FXGL Background Thread 1 ] DEBUG SystemBundleService  - Loading FXGL system data
23:22:02.356 [FXGL Background Thread 1 ] DEBUG FileSystemAccess     - Reading from: C:\Users\USER\Desktop\project\256702-F2-Team20-655-809\system\fxgl.bundle
23:22:02.363 [FXGL Background Thread 1 ] DEBUG SystemBundleService  - Bundle FXGL: {}
23:22:02.363 [FXGL Background Thread 1 ] DEBUG UpdaterService       - Checking for updates
23:22:02.367 [FXGL Background Thread 4 ] DEBUG FXGLApplication      - Loading fonts
23:22:02.367 [FXGL Background Thread 4 ] DEBUG FXGLAssetLoaderServi - Loading from file system: jar:file:/C:/Users/USER/.m2/repository/com/github/almasb/fxgl/21/fxgl-21.jar!/fxglassets/ui/fonts/VarelaRound-Regular.ttf
23:22:02.367 [FXGL Background Thread 1 ] DEBUG FXGLApplication      - Loading default localization
23:22:02.368 [FXGL Background Thread 1 ] DEBUG FXGLAssetLoaderServi - Loading from file system: jar:file:/C:/Users/USER/.m2/repository/com/github/almasb/fxgl/21/fxgl-21.jar!/fxglassets/languages/english.lang
23:22:02.402 [FXGL Background Thread 4 ] DEBUG FXGLAssetLoaderServi - Loading from file system: jar:file:/C:/Users/USER/.m2/repository/com/github/almasb/fxgl/21/fxgl-21.jar!/fxglassets/ui/fonts/Abel-Regular.ttf
23:22:02.404 [FXGL Background Thread 4 ] DEBUG FXGLAssetLoaderServi - Loading from file system: jar:file:/C:/Users/USER/.m2/repository/com/github/almasb/fxgl/21/fxgl-21.jar!/fxglassets/ui/fonts/TerminalLandMono-Regular.otf
23:22:02.407 [FXGL Background Thread 4 ] DEBUG FXGLAssetLoaderServi - Loading from file system: jar:file:/C:/Users/USER/.m2/repository/com/github/almasb/fxgl/21/fxgl-21.jar!/fxglassets/ui/fonts/Courier-Prime.ttf
23:22:02.413 [JavaFX Application Thread] DEBUG FXGLApplication      - Registering font factories with UI factory
23:22:02.414 [FXGL Background Thread 1 ] INFO  FXGLApplication      - FXGL initialization took: 0.358 sec
23:22:02.415 [JavaFX Application Thread] DEBUG FXGLAssetLoaderServi - Loading from file system: jar:file:/C:/Users/USER/.m2/repository/com/github/almasb/fxgl/21/fxgl-21.jar!/fxglassets/textures/fxgl_icon.png
23:22:02.433 [JavaFX Application Thread] DEBUG FXGLAssetLoaderServi - Loading from file system: jar:file:/C:/Users/USER/.m2/repository/com/github/almasb/fxgl/21/fxgl-21.jar!/fxglassets/textures/fxgl_default_cursor.png
23:22:02.453 [JavaFX Application Thread] DEBUG Input                - Registered new binding: Screenshot - CTRL+8
23:22:02.454 [JavaFX Application Thread] DEBUG Input                - Registered new binding: System info dump - CTRL+9
23:22:02.455 [JavaFX Application Thread] DEBUG Input                - Registered new binding: Restart - CTRL+R
23:22:02.456 [JavaFX Application Thread] DEBUG Input                - Registered new binding: Toggle Debug Camera - CTRL+7
23:22:02.460 [JavaFX Application Thread] DEBUG LoopRunner           - Starting loop
23:22:02.460 [JavaFX Application Thread] DEBUG LoopRunner           - Initializing JavaFX AnimationTimerLoop
23:22:02.461 [JavaFX Application Thread] DEBUG GameApplicationServi - Starting new game
23:22:02.461 [JavaFX Application Thread] DEBUG Input                - Clearing active input actions
23:22:02.474 [JavaFX Application Thread] DEBUG GameApplicationServi - Removing overlay from FXGLStartupScene and adding to FXGLLoadingScene
23:22:02.475 [JavaFX Application Thread] DEBUG PrimaryStageWindow   - FXGLStartupScene -> FXGLLoadingScene
23:22:02.475 [JavaFX Application Thread] DEBUG GameApplicationServi - Clearing previous game
23:22:02.475 [JavaFX Application Thread] DEBUG GameScene            - Clearing game scene
23:22:02.475 [JavaFX Application Thread] DEBUG GameWorld            - Clearing game world
23:22:02.475 [JavaFX Application Thread] DEBUG PhysicsWorld         - Clearing physics world
23:22:02.477 [FXGL Background Thread 1 ] DEBUG FXGLApplication      - Initializing game
23:22:02.482 [FXGL Background Thread 1 ] DEBUG FXGLAssetLoaderServi - Loading from file system: file:/C:/Users/USER/Desktop/project/256702-F2-Team20-655-809/to5/target/classes/assets/textures/real.jpg
23:22:02.603 [FXGL Background Thread 1 ] INFO  FXGLApplication      - Game initialization took: 0.125 sec
23:22:02.615 [JavaFX Application Thread] DEBUG Input                - Clearing active input actions
23:22:02.630 [JavaFX Application Thread] DEBUG GameApplicationServi - Removing overlay from FXGLLoadingScene and adding to GameScene
23:22:02.631 [JavaFX Application Thread] DEBUG PrimaryStageWindow   - FXGLLoadingScene -> GameScene
23:22:02.767 [FXGL Background Thread 2 ] INFO  UpdaterService       - Your current version:  21
23:22:02.768 [FXGL Background Thread 2 ] INFO  UpdaterService       - Latest stable version: 21.1
23:22:04.585 [JavaFX Application Thread] DEBUG FXGLApplication      - Exiting FXGL
23:22:04.585 [JavaFX Application Thread] DEBUG LoopRunner           - Stopping loop
23:22:04.585 [JavaFX Application Thread] DEBUG SystemBundleService  - Saving FXGL system data
23:22:04.588 [JavaFX Application Thread] DEBUG FileSystemAccess     - Writing to: C:\Users\USER\Desktop\project\256702-F2-Team20-655-809\system\fxgl.bundle
23:22:04.591 [JavaFX Application Thread] DEBUG Async                - Shutting down background threads
23:22:04.591 [JavaFX Application Thread] DEBUG PrimaryStageWindow   - Closing main window
23:22:04.604 [JavaFX Application Thread] DEBUG Logger               - Closing Logger
