17:19:25.846 [main                     ] DEBUG Logger               - Configured Logger
17:19:25.868 [main                     ] DEBUG GameApplication      - Logging settings
Title: Tournament Of 5 Hearts
Version: 0.1
Width: 1100
Height: 790
Fullscreen: false
Intro: false
Profiling: false
Single step:false
App Mode: DEVELOPER
Menu Key: ESCAPE
Stage Style: DECORATED
Scene Factory: class com.almasb.fxgl.app.scene.SceneFactory

17:19:26.227 [JavaFX Application Thread] DEBUG FXGLApplication      - Initializing FXGL
17:19:26.230 [JavaFX Application Thread] INFO  Engine               - FXGL-21 (28.12.2023 13.35) on WINDOWS (J:21.0.5 FX:21)
17:19:26.230 [JavaFX Application Thread] DEBUG Engine               - JRE Vendor Name: Eclipse Adoptium
17:19:26.231 [JavaFX Application Thread] DEBUG Engine               - Running on OS: Windows 11 version 10.0
17:19:26.231 [JavaFX Application Thread] DEBUG Engine               - Architecture: amd64
17:19:26.231 [JavaFX Application Thread] INFO  Engine               - Source code and latest versions at: https://github.com/AlmasB/FXGL
17:19:26.231 [JavaFX Application Thread] INFO  Engine               -       Ask questions and discuss at: https://github.com/AlmasB/FXGL/discussions
17:19:26.231 [JavaFX Application Thread] INFO  Engine               -              Join the FXGL chat at: https://gitter.im/AlmasB/FXGL
17:19:26.302 [JavaFX Application Thread] DEBUG PrimaryStageWindow   - Creating a JavaFX scene
17:19:26.338 [JavaFX Application Thread] DEBUG PrimaryStageWindow   - Target settings size: 1100.0 x 790.0
17:19:26.338 [JavaFX Application Thread] DEBUG PrimaryStageWindow   - Scaled scene size:    1100.0 x 790.0
17:19:26.338 [JavaFX Application Thread] DEBUG PrimaryStageWindow   - Scaled ratio: (1.0, 1.0)
17:19:26.340 [JavaFX Application Thread] DEBUG PrimaryStageWindow   - Set initial scene to FXGLStartupScene
17:19:26.342 [JavaFX Application Thread] DEBUG PrimaryStageWindow   - Opening main window
17:19:26.402 [JavaFX Application Thread] DEBUG PrimaryStageWindow   - Window border size: (14.4000244140625, 38.0)
17:19:26.402 [JavaFX Application Thread] DEBUG PrimaryStageWindow   - Scaled size: 1100.0 x 790.0
17:19:26.403 [JavaFX Application Thread] DEBUG PrimaryStageWindow   - Scaled ratio: (1.0, 1.0)
17:19:26.403 [JavaFX Application Thread] DEBUG PrimaryStageWindow   - Scene size: 1100.0 x 790.0
17:19:26.403 [JavaFX Application Thread] DEBUG PrimaryStageWindow   - Stage size: 1114.4000244140625 x 828.0
17:19:26.408 [FXGL Background Thread 1 ] DEBUG Engine               - Initializing environment variables
17:19:26.445 [FXGL Background Thread 1 ] DEBUG FXGLAssetLoaderServi - User app class for loading assets: class com.game.App
17:19:26.446 [FXGL Background Thread 1 ] DEBUG GameApplicationServi - Applying CSS: fxgl_dark.css
17:19:26.446 [FXGL Background Thread 1 ] DEBUG FXGLAssetLoaderServi - Loading from file system: jar:file:/C:/Users/USER/.m2/repository/com/github/almasb/fxgl/21/fxgl-21.jar!/fxglassets/ui/css/fxgl_dark.css
17:19:26.474 [FXGL Background Thread 1 ] DEBUG GameApplicationServi - Initializing application scenes
17:19:26.516 [FXGL Background Thread 1 ] DEBUG GameWorld            - Game world initialized
17:19:26.565 [FXGL Background Thread 1 ] DEBUG PhysicsWorld         - Physics world initialized: appHeight=790, physics.ppm=50.0
17:19:26.565 [FXGL Background Thread 1 ] DEBUG PhysicsWorld         - Using strategy: BRUTE_FORCE
17:19:26.567 [FXGL Background Thread 1 ] DEBUG GameScene            - Game scene initialized: 1100x790
17:19:26.576 [FXGL Background Thread 1 ] DEBUG FXGL.DefaultMenu     - createMenuBodyGameMenu()
17:19:26.585 [FXGL Background Thread 1 ] DEBUG FXGL.DefaultMenu     - createOptionsMenu()
17:19:26.594 [FXGL Background Thread 1 ] DEBUG FXGLAssetLoaderServi - Loading from file system: jar:file:/C:/Users/USER/.m2/repository/com/github/almasb/fxgl/21/fxgl-21.jar!/fxglassets/textures/particles/smoke.png
17:19:26.675 [FXGL Background Thread 1 ] DEBUG FXGLAssetLoaderServi - Loading from file system: jar:file:/C:/Users/USER/.m2/repository/com/github/almasb/fxgl/21/fxgl-21.jar!/fxglassets/textures/particles/trace_horizontal.png
17:19:26.694 [FXGL Background Thread 1 ] DEBUG GameApplicationServi - Application scenes initialized
17:19:26.703 [FXGL Background Thread 1 ] DEBUG SystemBundleService  - Loading FXGL system data
17:19:26.707 [FXGL Background Thread 1 ] DEBUG FileSystemAccess     - Reading from: C:\Users\USER\Desktop\project\256702-F2-Team20-655-809\system\fxgl.bundle
17:19:26.712 [FXGL Background Thread 1 ] DEBUG SystemBundleService  - Bundle FXGL: {}
17:19:26.713 [FXGL Background Thread 1 ] DEBUG UpdaterService       - Checking for updates
17:19:26.716 [FXGL Background Thread 4 ] DEBUG FXGLApplication      - Loading fonts
17:19:26.716 [FXGL Background Thread 4 ] DEBUG FXGLAssetLoaderServi - Loading from file system: jar:file:/C:/Users/USER/.m2/repository/com/github/almasb/fxgl/21/fxgl-21.jar!/fxglassets/ui/fonts/VarelaRound-Regular.ttf
17:19:26.716 [FXGL Background Thread 1 ] DEBUG FXGLApplication      - Loading default localization
17:19:26.717 [FXGL Background Thread 1 ] DEBUG FXGLAssetLoaderServi - Loading from file system: jar:file:/C:/Users/USER/.m2/repository/com/github/almasb/fxgl/21/fxgl-21.jar!/fxglassets/languages/english.lang
17:19:26.745 [FXGL Background Thread 4 ] DEBUG FXGLAssetLoaderServi - Loading from file system: jar:file:/C:/Users/USER/.m2/repository/com/github/almasb/fxgl/21/fxgl-21.jar!/fxglassets/ui/fonts/Abel-Regular.ttf
17:19:26.749 [FXGL Background Thread 4 ] DEBUG FXGLAssetLoaderServi - Loading from file system: jar:file:/C:/Users/USER/.m2/repository/com/github/almasb/fxgl/21/fxgl-21.jar!/fxglassets/ui/fonts/TerminalLandMono-Regular.otf
17:19:26.751 [FXGL Background Thread 1 ] INFO  FXGLApplication      - FXGL initialization took: 0.344 sec
17:19:26.751 [FXGL Background Thread 4 ] DEBUG FXGLAssetLoaderServi - Loading from file system: jar:file:/C:/Users/USER/.m2/repository/com/github/almasb/fxgl/21/fxgl-21.jar!/fxglassets/ui/fonts/Courier-Prime.ttf
17:19:26.752 [JavaFX Application Thread] DEBUG FXGLAssetLoaderServi - Loading from file system: jar:file:/C:/Users/USER/.m2/repository/com/github/almasb/fxgl/21/fxgl-21.jar!/fxglassets/textures/fxgl_icon.png
17:19:26.768 [JavaFX Application Thread] DEBUG FXGLAssetLoaderServi - Loading from file system: jar:file:/C:/Users/USER/.m2/repository/com/github/almasb/fxgl/21/fxgl-21.jar!/fxglassets/textures/fxgl_default_cursor.png
17:19:26.784 [JavaFX Application Thread] DEBUG Input                - Registered new binding: Screenshot - CTRL+8
17:19:26.784 [JavaFX Application Thread] DEBUG Input                - Registered new binding: System info dump - CTRL+9
17:19:26.785 [JavaFX Application Thread] DEBUG Input                - Registered new binding: Restart - CTRL+R
17:19:26.785 [JavaFX Application Thread] DEBUG Input                - Registered new binding: Toggle Debug Camera - CTRL+7
17:19:26.788 [JavaFX Application Thread] DEBUG LoopRunner           - Starting loop
17:19:26.788 [JavaFX Application Thread] DEBUG LoopRunner           - Initializing JavaFX AnimationTimerLoop
17:19:26.789 [JavaFX Application Thread] DEBUG GameApplicationServi - Starting new game
17:19:26.789 [JavaFX Application Thread] DEBUG Input                - Clearing active input actions
17:19:26.802 [JavaFX Application Thread] DEBUG GameApplicationServi - Removing overlay from FXGLStartupScene and adding to FXGLLoadingScene
17:19:26.803 [JavaFX Application Thread] DEBUG PrimaryStageWindow   - FXGLStartupScene -> FXGLLoadingScene
17:19:26.803 [JavaFX Application Thread] DEBUG GameApplicationServi - Clearing previous game
17:19:26.803 [JavaFX Application Thread] DEBUG GameScene            - Clearing game scene
17:19:26.803 [JavaFX Application Thread] DEBUG GameWorld            - Clearing game world
17:19:26.803 [JavaFX Application Thread] DEBUG PhysicsWorld         - Clearing physics world
17:19:26.805 [FXGL Background Thread 4 ] DEBUG FXGLApplication      - Initializing game
17:19:26.805 [JavaFX Application Thread] DEBUG FXGLApplication      - Registering font factories with UI factory
17:19:26.849 [JavaFX Application Thread] DEBUG LoopRunner           - Stopping loop
17:19:26.855 [JavaFX Application Thread] FATAL FXGLApplication      - Uncaught Exception:
java.lang.RuntimeException: Initialization failed
	at com.almasb.fxgl.app.FXGLApplication$InitAppTask.failed(FXGLApplication.kt:343)
	at javafx.concurrent.Task.setState(Task.java:710)
	at javafx.concurrent.Task$TaskCallable.lambda$call$2(Task.java:1429)
	at com.sun.javafx.application.PlatformImpl.lambda$runLater$10(PlatformImpl.java:456)
	at java.base/java.security.AccessController.doPrivileged(AccessController.java:400)
	at com.sun.javafx.application.PlatformImpl.lambda$runLater$11(PlatformImpl.java:455)
	at com.sun.glass.ui.InvokeLaterDispatcher$Future.run(InvokeLaterDispatcher.java:95)
	at com.sun.glass.ui.win.WinApplication._runLoop(Native Method)
	at com.sun.glass.ui.win.WinApplication.lambda$runLoop$3(WinApplication.java:185)
	at java.base/java.lang.Thread.run(Thread.java:1583)
Caused by: java.lang.Error: Unresolved compilation problems: 
	title cannot be resolved to a variable
	title1 cannot be resolved to a variable
	title2 cannot be resolved to a variable

	at com.game.App.Main(App.java:157)
	at com.game.App.initGame(App.java:30)
	at com.almasb.fxgl.app.FXGLApplication$InitAppTask.initGame(FXGLApplication.kt:339)
	at com.almasb.fxgl.app.FXGLApplication$InitAppTask.call(FXGLApplication.kt:319)
	at com.almasb.fxgl.app.FXGLApplication$InitAppTask.call(FXGLApplication.kt:311)
	at javafx.concurrent.Task$TaskCallable.call(Task.java:1399)
	at java.base/java.util.concurrent.FutureTask.run(FutureTask.java:317)
	at java.base/java.util.concurrent.Executors$RunnableAdapter.call(Executors.java:572)
	at java.base/java.util.concurrent.FutureTask.run(FutureTask.java:317)
	at java.base/java.util.concurrent.ThreadPoolExecutor.runWorker(ThreadPoolExecutor.java:1144)
	at java.base/java.util.concurrent.ThreadPoolExecutor$Worker.run(ThreadPoolExecutor.java:642)
	... 1 more

17:19:26.857 [JavaFX Application Thread] FATAL FXGLApplication      - Application will now exit
17:19:26.870 [JavaFX Application Thread] DEBUG PrimaryStageWindow   - Push state: ErrorSubScene
17:19:26.872 [JavaFX Application Thread] DEBUG Input                - Clearing active input actions
17:19:26.878 [JavaFX Application Thread] DEBUG GameApplicationServi - Removing overlay from FXGLLoadingScene and adding to ErrorSubScene
17:19:26.878 [JavaFX Application Thread] DEBUG PrimaryStageWindow   - FXGLLoadingScene -> ErrorSubScene
17:19:27.109 [FXGL Background Thread 2 ] INFO  UpdaterService       - Your current version:  21
17:19:27.109 [FXGL Background Thread 2 ] INFO  UpdaterService       - Latest stable version: 21.1
17:19:28.523 [JavaFX Application Thread] DEBUG FXGLApplication      - Exiting FXGL
17:19:28.524 [JavaFX Application Thread] DEBUG Async                - Shutting down background threads
17:19:28.524 [JavaFX Application Thread] DEBUG PrimaryStageWindow   - Closing main window
17:19:28.536 [JavaFX Application Thread] DEBUG Logger               - Closing Logger
